<?xml version="1.0" encoding="UTF-8"?>
<!-- Generated by org.testng.reporters.JUnitXMLReporter -->
<testsuite ignored="1" hostname="DESKTOP-MI32UU7" failures="0" tests="5" name="Test-NhapTien" time="0.097" errors="0" timestamp="2022-04-12T01:30:18 ICT">
  <testcase classname="com.wolvesres.quanghn.banhang.TestValidNhapTien" name="testValidNhapTienFail" time="0.011"/>
  <testcase classname="com.wolvesres.quanghn.banhang.TestValidNhapTien" name="testValidNhapTienFail" time="0.001"/>
  <testcase classname="com.wolvesres.quanghn.banhang.TestValidNhapTien" name="testValidNhapTienFail" time="0.001"/>
  <testcase classname="com.wolvesres.quanghn.banhang.TestValidNhapTien" name="testValidNhapTienFail" time="0.001"/>
  <testcase classname="com.wolvesres.quanghn.banhang.TestValidNhapTien" name="testValidNhapTienFail" time="0.001"/>
  <testcase classname="com.wolvesres.quanghn.banhang.TestValidNhapTien" name="testValidNhapTienBoTrongFail" time="0.0">
    <ignored/>
  </testcase> <!-- testValidNhapTienBoTrongFail -->
</testsuite> <!-- Test-NhapTien -->
