<?xml version="1.0" encoding="UTF-8"?>
<!-- Generated by org.testng.reporters.JUnitXMLReporter -->
<testsuite ignored="1" hostname="DESKTOP-MI32UU7" failures="0" tests="5" name="Test-GiaSP" time="0.053" errors="0" timestamp="2022-04-11T23:00:18 ICT">
  <testcase classname="com.wolvesres.quanghn.sanpham.TestValidGiaSP" name="testValidGiaSPFail" time="0.009"/>
  <testcase classname="com.wolvesres.quanghn.sanpham.TestValidGiaSP" name="testValidGiaSPFail" time="0.001"/>
  <testcase classname="com.wolvesres.quanghn.sanpham.TestValidGiaSP" name="testValidGiaSPFail" time="0.0"/>
  <testcase classname="com.wolvesres.quanghn.sanpham.TestValidGiaSP" name="testValidGiaSPFail" time="0.001"/>
  <testcase classname="com.wolvesres.quanghn.sanpham.TestValidGiaSP" name="testValidGiaSPFail" time="0.001"/>
  <testcase classname="com.wolvesres.quanghn.sanpham.TestValidGiaSP" name="testValidGiaSPKiTuDacBietFail" time="0.0">
    <ignored/>
  </testcase> <!-- testValidGiaSPKiTuDacBietFail -->
</testsuite> <!-- Test-GiaSP -->
