<?xml version="1.0" encoding="UTF-8"?>
<!-- Generated by org.testng.reporters.JUnitXMLReporter -->
<testsuite ignored="1" hostname="DESKTOP-MI32UU7" failures="0" tests="4" name="Test-HoTen" time="0.058" errors="0" timestamp="2022-04-12T23:44:40 ICT">
  <testcase classname="com.wolvesres.quanghn.nhanvien.TestValidHoTen" name="testValidFullNameFail" time="0.008"/>
  <testcase classname="com.wolvesres.quanghn.nhanvien.TestValidHoTen" name="testValidFullNameFail" time="0.001"/>
  <testcase classname="com.wolvesres.quanghn.nhanvien.TestValidHoTen" name="testValidFullNameFail" time="0.001"/>
  <testcase classname="com.wolvesres.quanghn.nhanvien.TestValidHoTen" name="testValidFullNameFail" time="0.001"/>
  <testcase classname="com.wolvesres.quanghn.nhanvien.TestValidHoTen" name="testValidFullNameNhapSoFail" time="0.0">
    <ignored/>
  </testcase> <!-- testValidFullNameNhapSoFail -->
</testsuite> <!-- Test-HoTen -->
