<?xml version="1.0" encoding="UTF-8"?>
<!-- Generated by org.testng.reporters.JUnitXMLReporter -->
<testsuite ignored="2" hostname="DESKTOP-MI32UU7" failures="0" tests="10" name="Test-Voucher" time="0.61" errors="0" timestamp="2022-04-13T14:27:25 ICT">
  <testcase classname="com.wolvesres.quanghn.voucher.TestValidVoucher" name="testValidVoucherChonNgayFail" time="0.048"/>
  <testcase classname="com.wolvesres.quanghn.voucher.TestValidVoucher" name="testValidVoucherChonNgayFail" time="0.001"/>
  <testcase classname="com.wolvesres.quanghn.voucher.TestValidVoucher" name="testValidVoucherChonNgayFail" time="0.001"/>
  <testcase classname="com.wolvesres.quanghn.voucher.TestValidVoucher" name="testValidVoucherChonNgayFail" time="0.001"/>
  <testcase classname="com.wolvesres.quanghn.voucher.TestValidVoucher" name="testValidVoucherChonNgayFail" time="0.001"/>
  <testcase classname="com.wolvesres.quanghn.voucher.TestValidVoucher" name="testValidVoucherChonNgayFail" time="0.001"/>
  <testcase classname="com.wolvesres.quanghn.voucher.TestValidVoucher" name="testValidVoucherChonNgayFail" time="0.001"/>
  <testcase classname="com.wolvesres.quanghn.voucher.TestValidVoucher" name="testValidVoucherChonNgayFail" time="0.0"/>
  <testcase classname="com.wolvesres.quanghn.voucher.TestValidVoucher" name="testValidVoucherChonNgayFail" time="0.001"/>
  <testcase classname="com.wolvesres.quanghn.voucher.TestValidVoucher" name="testValidVoucherChonNgayFail" time="0.001"/>
  <testcase classname="com.wolvesres.quanghn.voucher.TestValidVoucher" name="testValidVoucherSuccess" time="0.0">
    <ignored/>
  </testcase> <!-- testValidVoucherSuccess -->
  <testcase classname="com.wolvesres.quanghn.voucher.TestValidVoucher" name="testValidVoucherFail" time="0.0">
    <ignored/>
  </testcase> <!-- testValidVoucherFail -->
</testsuite> <!-- Test-Voucher -->
