<?xml version="1.0" encoding="UTF-8"?>
<!-- Generated by org.testng.reporters.JUnitXMLReporter -->
<testsuite ignored="1" hostname="DESKTOP-MI32UU7" failures="0" tests="5" name="Test-CCCD" time="0.615" errors="0" timestamp="2022-04-13T13:29:29 ICT">
  <testcase classname="com.wolvesres.quanghn.nhanvien.TestValidCCCD" name="testValidCCCDMaTinhFail" time="0.007"/>
  <testcase classname="com.wolvesres.quanghn.nhanvien.TestValidCCCD" name="testValidCCCDMaTinhFail" time="0.001"/>
  <testcase classname="com.wolvesres.quanghn.nhanvien.TestValidCCCD" name="testValidCCCDMaTinhFail" time="0.002"/>
  <testcase classname="com.wolvesres.quanghn.nhanvien.TestValidCCCD" name="testValidCCCDMaTinhFail" time="0.002"/>
  <testcase classname="com.wolvesres.quanghn.nhanvien.TestValidCCCD" name="testValidCCCDMaTinhFail" time="0.001"/>
  <testcase classname="com.wolvesres.quanghn.nhanvien.TestValidCCCD" name="testValidCCCDFail" time="0.0">
    <ignored/>
  </testcase> <!-- testValidCCCDFail -->
</testsuite> <!-- Test-CCCD -->
