<?xml version="1.0" encoding="UTF-8"?>
<!-- Generated by org.testng.reporters.JUnitXMLReporter -->
<testsuite ignored="1" hostname="DESKTOP-MI32UU7" failures="0" tests="4" name="Test-NhapTien" time="0.11" errors="0" timestamp="2022-04-15T13:04:10 ICT">
  <testcase classname="com.wolvesres.quanghn.banhang.TestValidNhapTien" name="testValidNhapTienBoTrongFail" time="0.025"/>
  <testcase classname="com.wolvesres.quanghn.banhang.TestValidNhapTien" name="testValidNhapTienBoTrongFail" time="0.002"/>
  <testcase classname="com.wolvesres.quanghn.banhang.TestValidNhapTien" name="testValidNhapTienBoTrongFail" time="0.001"/>
  <testcase classname="com.wolvesres.quanghn.banhang.TestValidNhapTien" name="testValidNhapTienBoTrongFail" time="0.001"/>
  <testcase classname="com.wolvesres.quanghn.banhang.TestValidNhapTien" name="testValidNhapTienFail" time="0.0">
    <ignored/>
  </testcase> <!-- testValidNhapTienFail -->
</testsuite> <!-- Test-NhapTien -->
