<?xml version="1.0" encoding="UTF-8"?>
<!-- Generated by org.testng.reporters.JUnitXMLReporter -->
<testsuite ignored="1" hostname="DESKTOP-MI32UU7" failures="0" tests="10" name="Test-GiaSP" time="0.606" errors="0" timestamp="2022-04-13T14:04:18 ICT">
  <testcase classname="com.wolvesres.quanghn.sanpham.TestValidGiaSP" name="testValidGiaSPKiTuDacBietFail" time="0.009"/>
  <testcase classname="com.wolvesres.quanghn.sanpham.TestValidGiaSP" name="testValidGiaSPKiTuDacBietFail" time="0.001"/>
  <testcase classname="com.wolvesres.quanghn.sanpham.TestValidGiaSP" name="testValidGiaSPKiTuDacBietFail" time="0.002"/>
  <testcase classname="com.wolvesres.quanghn.sanpham.TestValidGiaSP" name="testValidGiaSPKiTuDacBietFail" time="0.001"/>
  <testcase classname="com.wolvesres.quanghn.sanpham.TestValidGiaSP" name="testValidGiaSPKiTuDacBietFail" time="0.0"/>
  <testcase classname="com.wolvesres.quanghn.sanpham.TestValidGiaSP" name="testValidGiaSPKiTuDacBietFail" time="0.002"/>
  <testcase classname="com.wolvesres.quanghn.sanpham.TestValidGiaSP" name="testValidGiaSPKiTuDacBietFail" time="0.0"/>
  <testcase classname="com.wolvesres.quanghn.sanpham.TestValidGiaSP" name="testValidGiaSPKiTuDacBietFail" time="0.001"/>
  <testcase classname="com.wolvesres.quanghn.sanpham.TestValidGiaSP" name="testValidGiaSPKiTuDacBietFail" time="0.001"/>
  <testcase classname="com.wolvesres.quanghn.sanpham.TestValidGiaSP" name="testValidGiaSPKiTuDacBietFail" time="0.001"/>
  <testcase classname="com.wolvesres.quanghn.sanpham.TestValidGiaSP" name="testValidGiaSPFail" time="0.0">
    <ignored/>
  </testcase> <!-- testValidGiaSPFail -->
</testsuite> <!-- Test-GiaSP -->
