<?xml version="1.0" encoding="UTF-8"?>
<!-- Generated by org.testng.reporters.JUnitReportReporter -->
<testsuite hostname="DESKTOP-KLPCFEN" failures="0" tests="5" name="com.wolvesres.hott.kho.TestQuantityExport" time="0.010" errors="0" timestamp="2022-04-15T12:14:57 ICT" skipped="0">
  <testcase classname="com.wolvesres.hott.kho.TestQuantityExport" name="testQuantityExportFail" time="0.001"/>
  <system-out/>
  <testcase classname="com.wolvesres.hott.kho.TestQuantityExport" name="testQuantityExportFail" time="0.001"/>
  <system-out/>
  <testcase classname="com.wolvesres.hott.kho.TestQuantityExport" name="testQuantityExportFail" time="0.007"/>
  <system-out/>
  <testcase classname="com.wolvesres.hott.kho.TestQuantityExport" name="testQuantityExportFail" time="0.001"/>
  <system-out/>
  <testcase classname="com.wolvesres.hott.kho.TestQuantityExport" name="testQuantityExportFail" time="0.000"/>
  <system-out/>
</testsuite> <!-- com.wolvesres.hott.kho.TestQuantityExport -->
