<?xml version="1.0" encoding="UTF-8"?>
<!-- Generated by org.testng.reporters.JUnitReportReporter -->
<testsuite hostname="DESKTOP-KLPCFEN" failures="0" tests="3" name="com.wolvesres.login.testclass.TestLogin" time="0.716" errors="0" timestamp="2022-04-10T22:40:08 ICT" skipped="0">
  <testcase classname="com.wolvesres.login.testclass.TestLogin" name="testLogin" time="0.652"/>
  <system-out/>
  <testcase classname="com.wolvesres.login.testclass.TestLogin" name="testLogin" time="0.034"/>
  <system-out/>
  <testcase classname="com.wolvesres.login.testclass.TestLogin" name="testLogin" time="0.030"/>
  <system-out/>
</testsuite> <!-- com.wolvesres.login.testclass.TestLogin -->
