<?xml version="1.0" encoding="UTF-8"?>
<!-- Generated by org.testng.reporters.JUnitReportReporter -->
<testsuite hostname="ducvhpc01395" failures="0" tests="4" name="com.wolvesres.ducvh.donvitinh.CalcUnitEmptyTestFail" time="0.174" errors="0" timestamp="2022-04-15T02:58:17 ICT" skipped="0">
  <testcase classname="com.wolvesres.ducvh.donvitinh.CalcUnitEmptyTestFail" name="f" time="0.054"/>
  <system-out/>
  <testcase classname="com.wolvesres.ducvh.donvitinh.CalcUnitEmptyTestFail" name="f" time="0.039"/>
  <system-out/>
  <testcase classname="com.wolvesres.ducvh.donvitinh.CalcUnitEmptyTestFail" name="f" time="0.042"/>
  <system-out/>
  <testcase classname="com.wolvesres.ducvh.donvitinh.CalcUnitEmptyTestFail" name="f" time="0.039"/>
  <system-out/>
</testsuite> <!-- com.wolvesres.ducvh.donvitinh.CalcUnitEmptyTestFail -->
