<?xml version="1.0" encoding="UTF-8"?>
<!-- Generated by org.testng.reporters.JUnitReportReporter -->
<testsuite hostname="DESKTOP-KLPCFEN" failures="0" tests="3" name="com.wolvesres.hott.nhanvien.TestValidYearOlds" time="0.003" errors="0" timestamp="2022-04-15T13:46:07 ICT" skipped="0">
  <testcase classname="com.wolvesres.hott.nhanvien.TestValidYearOlds" name="testValidYearOldsFail" time="0.001"/>
  <system-out/>
  <testcase classname="com.wolvesres.hott.nhanvien.TestValidYearOlds" name="testValidYearOldsFail" time="0.001"/>
  <system-out/>
  <testcase classname="com.wolvesres.hott.nhanvien.TestValidYearOlds" name="testValidYearOldsFail" time="0.001"/>
  <system-out/>
</testsuite> <!-- com.wolvesres.hott.nhanvien.TestValidYearOlds -->
