<?xml version="1.0" encoding="UTF-8"?>
<!-- Generated by org.testng.reporters.JUnitReportReporter -->
<testsuite hostname="DESKTOP-KLPCFEN" failures="0" tests="15" name="com.wolvesres.haotn.taikhoan.TestValidPassword" time="0.018" errors="0" timestamp="2022-04-13T15:02:50 ICT" skipped="0">
  <testcase classname="com.wolvesres.haotn.taikhoan.TestValidPassword" name="testValidPasswordFailLength" time="0.008"/>
  <system-out/>
  <testcase classname="com.wolvesres.haotn.taikhoan.TestValidPassword" name="testValidPasswordFailLength" time="0.001"/>
  <system-out/>
  <testcase classname="com.wolvesres.haotn.taikhoan.TestValidPassword" name="testValidPasswordFailLength" time="0.001"/>
  <system-out/>
  <testcase classname="com.wolvesres.haotn.taikhoan.TestValidPassword" name="testValidPasswordFailLength" time="0.001"/>
  <system-out/>
  <testcase classname="com.wolvesres.haotn.taikhoan.TestValidPassword" name="testValidPasswordFailLength" time="0.001"/>
  <system-out/>
  <testcase classname="com.wolvesres.haotn.taikhoan.TestValidPassword" name="testPasswordFailSpace" time="0.001"/>
  <system-out/>
  <testcase classname="com.wolvesres.haotn.taikhoan.TestValidPassword" name="testPasswordFailSpace" time="0.000"/>
  <system-out/>
  <testcase classname="com.wolvesres.haotn.taikhoan.TestValidPassword" name="testPasswordFailSpace" time="0.001"/>
  <system-out/>
  <testcase classname="com.wolvesres.haotn.taikhoan.TestValidPassword" name="testPasswordFailSpace" time="0.001"/>
  <system-out/>
  <testcase classname="com.wolvesres.haotn.taikhoan.TestValidPassword" name="testPasswordFailSpace" time="0.000"/>
  <system-out/>
  <testcase classname="com.wolvesres.haotn.taikhoan.TestValidPassword" name="tesConfirmPasswordNotMath" time="0.001"/>
  <system-out/>
  <testcase classname="com.wolvesres.haotn.taikhoan.TestValidPassword" name="tesConfirmPasswordNotMath" time="0.000"/>
  <system-out/>
  <testcase classname="com.wolvesres.haotn.taikhoan.TestValidPassword" name="tesConfirmPasswordNotMath" time="0.001"/>
  <system-out/>
  <testcase classname="com.wolvesres.haotn.taikhoan.TestValidPassword" name="tesConfirmPasswordNotMath" time="0.000"/>
  <system-out/>
  <testcase classname="com.wolvesres.haotn.taikhoan.TestValidPassword" name="tesConfirmPasswordNotMath" time="0.001"/>
  <system-out/>
</testsuite> <!-- com.wolvesres.haotn.taikhoan.TestValidPassword -->
