<?xml version="1.0" encoding="UTF-8"?>
<!-- Generated by org.testng.reporters.JUnitReportReporter -->
<testsuite hostname="ducvhpc01395" failures="0" tests="3" name="com.wolvesres.ducvh.kho.StockPriceImportABCTestFail" time="0.011" errors="0" timestamp="2022-04-12T17:26:42 ICT" skipped="0">
  <testcase classname="com.wolvesres.ducvh.kho.StockPriceImportABCTestFail" name="f" time="0.009"/>
  <system-out/>
  <testcase classname="com.wolvesres.ducvh.kho.StockPriceImportABCTestFail" name="f" time="0.001"/>
  <system-out/>
  <testcase classname="com.wolvesres.ducvh.kho.StockPriceImportABCTestFail" name="f" time="0.001"/>
  <system-out/>
</testsuite> <!-- com.wolvesres.ducvh.kho.StockPriceImportABCTestFail -->
