<?xml version="1.0" encoding="UTF-8"?>
<!-- Generated by org.testng.reporters.JUnitReportReporter -->
<testsuite hostname="DESKTOP-MI32UU7" failures="0" tests="10" name="com.wolvesres.quanghn.kho.TestValidNhapKho" time="0.014" errors="0" timestamp="2022-04-13T14:32:21 ICT" skipped="0">
  <testcase classname="com.wolvesres.quanghn.kho.TestValidNhapKho" name="testValidNhapKhoSoAmFail" time="0.000"/>
  <system-out/>
  <testcase classname="com.wolvesres.quanghn.kho.TestValidNhapKho" name="testValidNhapKhoSoAmFail" time="0.000"/>
  <system-out/>
  <testcase classname="com.wolvesres.quanghn.kho.TestValidNhapKho" name="testValidNhapKhoSoAmFail" time="0.001"/>
  <system-out/>
  <testcase classname="com.wolvesres.quanghn.kho.TestValidNhapKho" name="testValidNhapKhoSoAmFail" time="0.008"/>
  <system-out/>
  <testcase classname="com.wolvesres.quanghn.kho.TestValidNhapKho" name="testValidNhapKhoSoAmFail" time="0.001"/>
  <system-out/>
  <testcase classname="com.wolvesres.quanghn.kho.TestValidNhapKho" name="testValidNhapKhoSoAmFail" time="0.001"/>
  <system-out/>
  <testcase classname="com.wolvesres.quanghn.kho.TestValidNhapKho" name="testValidNhapKhoSoAmFail" time="0.001"/>
  <system-out/>
  <testcase classname="com.wolvesres.quanghn.kho.TestValidNhapKho" name="testValidNhapKhoSoAmFail" time="0.000"/>
  <system-out/>
  <testcase classname="com.wolvesres.quanghn.kho.TestValidNhapKho" name="testValidNhapKhoSoAmFail" time="0.001"/>
  <system-out/>
  <testcase classname="com.wolvesres.quanghn.kho.TestValidNhapKho" name="testValidNhapKhoSoAmFail" time="0.001"/>
  <system-out/>
</testsuite> <!-- com.wolvesres.quanghn.kho.TestValidNhapKho -->
