<?xml version="1.0" encoding="UTF-8"?>
<!-- Generated by org.testng.reporters.JUnitReportReporter -->
<testsuite hostname="Nguyen-Van-Nhut-Truong" failures="0" tests="1" name="com.wolvesres.truongnvn.voucher.TestDateVoucher" time="0.013" errors="0" timestamp="2022-04-13T14:48:37 ICT" skipped="0">
  <testcase classname="com.wolvesres.truongnvn.voucher.TestDateVoucher" name="testDateVoucherAfer" time="0.013"/>
  <system-out/>
</testsuite> <!-- com.wolvesres.truongnvn.voucher.TestDateVoucher -->
