<?xml version="1.0" encoding="UTF-8"?>
<!-- Generated by org.testng.reporters.JUnitReportReporter -->
<testsuite hostname="TRANTHANHHO" failures="0" tests="2" name="com.wolvesres.hott.voucher.TestVoucherEndDay" time="0.010" errors="0" timestamp="2022-04-12T10:08:36 ICT" skipped="0">
  <testcase classname="com.wolvesres.hott.voucher.TestVoucherEndDay" name="testVoucherEndDayFail" time="0.009"/>
  <system-out/>
  <testcase classname="com.wolvesres.hott.voucher.TestVoucherEndDay" name="testVoucherEndDayFail" time="0.001"/>
  <system-out/>
</testsuite> <!-- com.wolvesres.hott.voucher.TestVoucherEndDay -->
