<?xml version="1.0" encoding="UTF-8"?>
<!-- Generated by org.testng.reporters.JUnitReportReporter -->
<testsuite hostname="DESKTOP-KLPCFEN" failures="0" tests="4" name="com.wolvesres.ducvh.donvitinh.CalcUnitEmptyTestFail" time="0.989" errors="0" timestamp="2022-04-15T13:46:07 ICT" skipped="0">
  <testcase classname="com.wolvesres.ducvh.donvitinh.CalcUnitEmptyTestFail" name="f" time="0.816"/>
  <system-out/>
  <testcase classname="com.wolvesres.ducvh.donvitinh.CalcUnitEmptyTestFail" name="f" time="0.064"/>
  <system-out/>
  <testcase classname="com.wolvesres.ducvh.donvitinh.CalcUnitEmptyTestFail" name="f" time="0.047"/>
  <system-out/>
  <testcase classname="com.wolvesres.ducvh.donvitinh.CalcUnitEmptyTestFail" name="f" time="0.062"/>
  <system-out/>
</testsuite> <!-- com.wolvesres.ducvh.donvitinh.CalcUnitEmptyTestFail -->
