<?xml version="1.0" encoding="UTF-8"?>
<!-- Generated by org.testng.reporters.JUnitReportReporter -->
<testsuite hostname="Nguyen-Van-Nhut-Truong" failures="0" tests="7" name="com.wolvesres.truongnvn.nhanvien.TestValidEmail" time="0.015" errors="0" timestamp="2022-04-13T13:12:43 ICT" skipped="0">
  <testcase classname="com.wolvesres.truongnvn.nhanvien.TestValidEmail" name="testValidEmailCoKhoangTrangFalse" time="0.001"/>
  <system-out/>
  <testcase classname="com.wolvesres.truongnvn.nhanvien.TestValidEmail" name="testValidEmailCoKhoangTrangFalse" time="0.001"/>
  <system-out/>
  <testcase classname="com.wolvesres.truongnvn.nhanvien.TestValidEmail" name="testValidEmailCoKhoangTrangFalse" time="0.002"/>
  <system-out/>
  <testcase classname="com.wolvesres.truongnvn.nhanvien.TestValidEmail" name="testValidEmailCoKhoangTrangFalse" time="0.000"/>
  <system-out/>
  <testcase classname="com.wolvesres.truongnvn.nhanvien.TestValidEmail" name="testValidEmailCoKhoangTrangFalse" time="0.009"/>
  <system-out/>
  <testcase classname="com.wolvesres.truongnvn.nhanvien.TestValidEmail" name="testValidEmailCoKhoangTrangFalse" time="0.001"/>
  <system-out/>
  <testcase classname="com.wolvesres.truongnvn.nhanvien.TestValidEmail" name="testValidEmailEmpty" time="0.001"/>
  <system-out/>
</testsuite> <!-- com.wolvesres.truongnvn.nhanvien.TestValidEmail -->
