<?xml version="1.0" encoding="UTF-8"?>
<!-- Generated by org.testng.reporters.JUnitReportReporter -->
<testsuite hostname="DESKTOP-KLPCFEN" failures="0" tests="2" name="com.wolvesres.truongnvn.voucher.TestDateVoucher" time="0.002" errors="0" timestamp="2022-04-15T13:46:07 ICT" skipped="0">
  <testcase classname="com.wolvesres.truongnvn.voucher.TestDateVoucher" name="testDateVoucherBefore" time="0.001"/>
  <system-out/>
  <testcase classname="com.wolvesres.truongnvn.voucher.TestDateVoucher" name="testDateVoucherAfer" time="0.001"/>
  <system-out/>
</testsuite> <!-- com.wolvesres.truongnvn.voucher.TestDateVoucher -->
