<?xml version="1.0" encoding="UTF-8"?>
<!-- Generated by org.testng.reporters.JUnitReportReporter -->
<testsuite hostname="Nguyen-Van-Nhut-Truong" failures="0" tests="2" name="com.wolvesres.truongnvn.kho.TestLichSuKho" time="0.006" errors="0" timestamp="2022-04-21T23:25:01 ICT" skipped="0">
  <testcase classname="com.wolvesres.truongnvn.kho.TestLichSuKho" name="f" time="0.001"/>
  <system-out/>
  <testcase classname="com.wolvesres.truongnvn.kho.TestLichSuKho" name="f" time="0.005"/>
  <system-out/>
</testsuite> <!-- com.wolvesres.truongnvn.kho.TestLichSuKho -->
