<?xml version="1.0" encoding="UTF-8"?>
<!-- Generated by org.testng.reporters.JUnitReportReporter -->
<testsuite hostname="DESKTOP-KLPCFEN" failures="0" tests="15" name="com.wolvesres.haotn.voucher.TestVoucherDiscount" time="0.030" errors="0" timestamp="2022-04-13T17:32:20 ICT" skipped="0">
  <testcase classname="com.wolvesres.haotn.voucher.TestVoucherDiscount" name="testVoucherDiscountLetter" time="0.001"/>
  <system-out/>
  <testcase classname="com.wolvesres.haotn.voucher.TestVoucherDiscount" name="testVoucherDiscountLetter" time="0.001"/>
  <system-out/>
  <testcase classname="com.wolvesres.haotn.voucher.TestVoucherDiscount" name="testVoucherDiscountGreaterThan100" time="0.001"/>
  <system-out/>
  <testcase classname="com.wolvesres.haotn.voucher.TestVoucherDiscount" name="testVoucherDiscount" time="0.001"/>
  <system-out/>
  <testcase classname="com.wolvesres.haotn.voucher.TestVoucherDiscount" name="testVoucherDiscountGreaterThan100" time="0.001"/>
  <system-out/>
  <testcase classname="com.wolvesres.haotn.voucher.TestVoucherDiscount" name="testVoucherDiscountGreaterThan100" time="0.002"/>
  <system-out/>
  <testcase classname="com.wolvesres.haotn.voucher.TestVoucherDiscount" name="testVoucherDiscountGreaterThan100" time="0.001"/>
  <system-out/>
  <testcase classname="com.wolvesres.haotn.voucher.TestVoucherDiscount" name="testVoucherDiscountGreaterThan100" time="0.001"/>
  <system-out/>
  <testcase classname="com.wolvesres.haotn.voucher.TestVoucherDiscount" name="testVoucherDiscountLetter" time="0.001"/>
  <system-out/>
  <testcase classname="com.wolvesres.haotn.voucher.TestVoucherDiscount" name="testVoucherDiscount" time="0.001"/>
  <system-out/>
  <testcase classname="com.wolvesres.haotn.voucher.TestVoucherDiscount" name="testVoucherDiscount" time="0.002"/>
  <system-out/>
  <testcase classname="com.wolvesres.haotn.voucher.TestVoucherDiscount" name="testVoucherDiscountLetter" time="0.002"/>
  <system-out/>
  <testcase classname="com.wolvesres.haotn.voucher.TestVoucherDiscount" name="testVoucherDiscount" time="0.002"/>
  <system-out/>
  <testcase classname="com.wolvesres.haotn.voucher.TestVoucherDiscount" name="testVoucherDiscount" time="0.008"/>
  <system-out/>
  <testcase classname="com.wolvesres.haotn.voucher.TestVoucherDiscount" name="testVoucherDiscountLetter" time="0.005"/>
  <system-out/>
</testsuite> <!-- com.wolvesres.haotn.voucher.TestVoucherDiscount -->
