<?xml version="1.0" encoding="UTF-8"?>
<!-- Generated by org.testng.reporters.JUnitReportReporter -->
<testsuite hostname="DESKTOP-KLPCFEN" failures="0" tests="3" name="com.wolvesres.login.testclass.TestLoginSuccessWithBossRole" time="0.085" errors="0" timestamp="2022-04-14T22:59:40 ICT" skipped="0">
  <testcase classname="com.wolvesres.login.testclass.TestLoginSuccessWithBossRole" name="testLogin" time="0.037"/>
  <system-out/>
  <testcase classname="com.wolvesres.login.testclass.TestLoginSuccessWithBossRole" name="testLogin" time="0.025"/>
  <system-out/>
  <testcase classname="com.wolvesres.login.testclass.TestLoginSuccessWithBossRole" name="testLogin" time="0.023"/>
  <system-out/>
</testsuite> <!-- com.wolvesres.login.testclass.TestLoginSuccessWithBossRole -->
