<?xml version="1.0" encoding="UTF-8"?>
<!-- Generated by org.testng.reporters.JUnitReportReporter -->
<testsuite hostname="DESKTOP-KLPCFEN" failures="0" tests="3" name="com.wolvesres.login.testclass.TestLoginSuccessWithBossRole" time="0.163" errors="0" timestamp="2022-04-15T13:46:07 ICT" skipped="0">
  <testcase classname="com.wolvesres.login.testclass.TestLoginSuccessWithBossRole" name="testLogin" time="0.028"/>
  <system-out/>
  <testcase classname="com.wolvesres.login.testclass.TestLoginSuccessWithBossRole" name="testLogin" time="0.110"/>
  <system-out/>
  <testcase classname="com.wolvesres.login.testclass.TestLoginSuccessWithBossRole" name="testLogin" time="0.025"/>
  <system-out/>
</testsuite> <!-- com.wolvesres.login.testclass.TestLoginSuccessWithBossRole -->
