<?xml version="1.0" encoding="UTF-8"?>
<!-- Generated by org.testng.reporters.JUnitReportReporter -->
<testsuite hostname="TRANTHANHHO" failures="0" tests="17" name="com.wolvesres.hott.hoadon.TestHoaDon" time="0.725" errors="0" timestamp="2022-04-22T03:26:39 ICT" skipped="0">
  <testcase classname="com.wolvesres.hott.hoadon.TestHoaDon" name="testThemHoaDon" time="0.037"/>
  <system-out/>
  <testcase classname="com.wolvesres.hott.hoadon.TestHoaDon" name="testThemHoaDon" time="0.038"/>
  <system-out/>
  <testcase classname="com.wolvesres.hott.hoadon.TestHoaDon" name="testThemHoaDon" time="0.038"/>
  <system-out/>
  <testcase classname="com.wolvesres.hott.hoadon.TestHoaDon" name="testThemHoaDon" time="0.039"/>
  <system-out/>
  <testcase classname="com.wolvesres.hott.hoadon.TestHoaDon" name="testThemHoaDon" time="0.252"/>
  <system-out/>
  <testcase classname="com.wolvesres.hott.hoadon.TestHoaDon" name="testThemHoaDon" time="0.037"/>
  <system-out/>
  <testcase classname="com.wolvesres.hott.hoadon.TestHoaDon" name="testThemHoaDon" time="0.039"/>
  <system-out/>
  <testcase classname="com.wolvesres.hott.hoadon.TestHoaDon" name="testThemHoaDon" time="0.034"/>
  <system-out/>
  <testcase classname="com.wolvesres.hott.hoadon.TestHoaDon" name="testThemHoaDon" time="0.040"/>
  <system-out/>
  <testcase classname="com.wolvesres.hott.hoadon.TestHoaDon" name="testThemHoaDon" time="0.042"/>
  <system-out/>
  <testcase classname="com.wolvesres.hott.hoadon.TestHoaDon" name="testCapNhatHoaDon" time="0.022"/>
  <system-out/>
  <testcase classname="com.wolvesres.hott.hoadon.TestHoaDon" name="testCapNhatHoaDon" time="0.022"/>
  <system-out/>
  <testcase classname="com.wolvesres.hott.hoadon.TestHoaDon" name="testCapNhatHoaDon" time="0.021"/>
  <system-out/>
  <testcase classname="com.wolvesres.hott.hoadon.TestHoaDon" name="testCapNhatHoaDon" time="0.022"/>
  <system-out/>
  <testcase classname="com.wolvesres.hott.hoadon.TestHoaDon" name="testCapNhatHoaDon" time="0.019"/>
  <system-out/>
  <testcase classname="com.wolvesres.hott.hoadon.TestHoaDon" name="testTimKiemHoaDon" time="0.011"/>
  <system-out/>
  <testcase classname="com.wolvesres.hott.hoadon.TestHoaDon" name="testTimKiemHoaDon" time="0.012"/>
  <system-out/>
</testsuite> <!-- com.wolvesres.hott.hoadon.TestHoaDon -->
