<?xml version="1.0" encoding="UTF-8"?>
<!-- Generated by org.testng.reporters.JUnitReportReporter -->
<<<<<<< HEAD
<testsuite hostname="DESKTOP-KLPCFEN" failures="0" tests="4" name="com.wolvesres.ducvh.donvitinh.CalcUnitEmptyTestFail" time="0.601" errors="0" timestamp="2022-04-14T22:59:40 ICT" skipped="0">
  <testcase classname="com.wolvesres.ducvh.donvitinh.CalcUnitEmptyTestFail" name="f" time="0.041"/>
  <system-out/>
  <testcase classname="com.wolvesres.ducvh.donvitinh.CalcUnitEmptyTestFail" name="f" time="0.034"/>
  <system-out/>
  <testcase classname="com.wolvesres.ducvh.donvitinh.CalcUnitEmptyTestFail" name="f" time="0.489"/>
  <system-out/>
  <testcase classname="com.wolvesres.ducvh.donvitinh.CalcUnitEmptyTestFail" name="f" time="0.037"/>
=======
<testsuite hostname="ducvhpc01395" failures="0" tests="4" name="com.wolvesres.ducvh.donvitinh.CalcUnitEmptyTestFail" time="0.174" errors="0" timestamp="2022-04-15T02:58:17 ICT" skipped="0">
  <testcase classname="com.wolvesres.ducvh.donvitinh.CalcUnitEmptyTestFail" name="f" time="0.054"/>
  <system-out/>
  <testcase classname="com.wolvesres.ducvh.donvitinh.CalcUnitEmptyTestFail" name="f" time="0.039"/>
  <system-out/>
  <testcase classname="com.wolvesres.ducvh.donvitinh.CalcUnitEmptyTestFail" name="f" time="0.042"/>
  <system-out/>
  <testcase classname="com.wolvesres.ducvh.donvitinh.CalcUnitEmptyTestFail" name="f" time="0.039"/>
>>>>>>> 77d50fb4162fe7b153232f88c687aa6bdb020a1a
  <system-out/>
</testsuite> <!-- com.wolvesres.ducvh.donvitinh.CalcUnitEmptyTestFail -->
