<?xml version="1.0" encoding="UTF-8"?>
<!-- Generated by org.testng.reporters.JUnitReportReporter -->
<testsuite hostname="DESKTOP-MI32UU7" failures="0" tests="10" name="com.wolvesres.quanghn.sanpham.TestValidGiaSP" time="0.018" errors="0" timestamp="2022-04-13T14:04:18 ICT" skipped="0">
  <testcase classname="com.wolvesres.quanghn.sanpham.TestValidGiaSP" name="testValidGiaSPKiTuDacBietFail" time="0.001"/>
  <system-out/>
  <testcase classname="com.wolvesres.quanghn.sanpham.TestValidGiaSP" name="testValidGiaSPKiTuDacBietFail" time="0.000"/>
  <system-out/>
  <testcase classname="com.wolvesres.quanghn.sanpham.TestValidGiaSP" name="testValidGiaSPKiTuDacBietFail" time="0.009"/>
  <system-out/>
  <testcase classname="com.wolvesres.quanghn.sanpham.TestValidGiaSP" name="testValidGiaSPKiTuDacBietFail" time="0.001"/>
  <system-out/>
  <testcase classname="com.wolvesres.quanghn.sanpham.TestValidGiaSP" name="testValidGiaSPKiTuDacBietFail" time="0.002"/>
  <system-out/>
  <testcase classname="com.wolvesres.quanghn.sanpham.TestValidGiaSP" name="testValidGiaSPKiTuDacBietFail" time="0.000"/>
  <system-out/>
  <testcase classname="com.wolvesres.quanghn.sanpham.TestValidGiaSP" name="testValidGiaSPKiTuDacBietFail" time="0.002"/>
  <system-out/>
  <testcase classname="com.wolvesres.quanghn.sanpham.TestValidGiaSP" name="testValidGiaSPKiTuDacBietFail" time="0.001"/>
  <system-out/>
  <testcase classname="com.wolvesres.quanghn.sanpham.TestValidGiaSP" name="testValidGiaSPKiTuDacBietFail" time="0.001"/>
  <system-out/>
  <testcase classname="com.wolvesres.quanghn.sanpham.TestValidGiaSP" name="testValidGiaSPKiTuDacBietFail" time="0.001"/>
  <system-out/>
</testsuite> <!-- com.wolvesres.quanghn.sanpham.TestValidGiaSP -->
