<?xml version="1.0" encoding="UTF-8"?>
<!-- Generated by org.testng.reporters.JUnitReportReporter -->
<testsuite hostname="DESKTOP-MI32UU7" failures="0" tests="6" name="com.wolvesres.quanghn.banhang.TestValidNhapTien" time="0.015" errors="0" timestamp="2022-04-12T01:31:34 ICT" skipped="0">
  <testcase classname="com.wolvesres.quanghn.banhang.TestValidNhapTien" name="testValidNhapTienFail" time="0.001"/>
  <system-out/>
  <testcase classname="com.wolvesres.quanghn.banhang.TestValidNhapTien" name="testValidNhapTienBoTrongFail" time="0.011"/>
  <system-out/>
  <testcase classname="com.wolvesres.quanghn.banhang.TestValidNhapTien" name="testValidNhapTienFail" time="0.001"/>
  <system-out/>
  <testcase classname="com.wolvesres.quanghn.banhang.TestValidNhapTien" name="testValidNhapTienFail" time="0.000"/>
  <system-out/>
  <testcase classname="com.wolvesres.quanghn.banhang.TestValidNhapTien" name="testValidNhapTienFail" time="0.001"/>
  <system-out/>
  <testcase classname="com.wolvesres.quanghn.banhang.TestValidNhapTien" name="testValidNhapTienFail" time="0.001"/>
  <system-out/>
</testsuite> <!-- com.wolvesres.quanghn.banhang.TestValidNhapTien -->
