<?xml version="1.0" encoding="UTF-8"?>
<!-- Generated by org.testng.reporters.JUnitReportReporter -->
<testsuite hostname="TRANTHANHHO" failures="0" tests="2" name="com.wolvesres.hott.nhanvien.TestValidCCCD" time="0.005" errors="0" timestamp="2022-04-11T20:38:42 ICT" skipped="0">
  <testcase classname="com.wolvesres.hott.nhanvien.TestValidCCCD" name="testValidPhoneNumberFail" time="0.005"/>
  <system-out/>
  <testcase classname="com.wolvesres.hott.nhanvien.TestValidCCCD" name="testValidPhoneNumberFail" time="0.000"/>
  <system-out/>
</testsuite> <!-- com.wolvesres.hott.nhanvien.TestValidCCCD -->
