<?xml version="1.0" encoding="UTF-8"?>
<!-- Generated by org.testng.reporters.JUnitReportReporter -->
<testsuite hostname="DESKTOP-MI32UU7" failures="0" tests="1" name="com.welvesres.quanghn.nhanvien.TestValidHoTen" time="0.008" errors="0" timestamp="2022-04-11T20:43:59 ICT" skipped="0">
  <testcase classname="com.welvesres.quanghn.nhanvien.TestValidHoTen" name="testValidFullNamefalse" time="0.008"/>
  <system-out/>
</testsuite> <!-- com.welvesres.quanghn.nhanvien.TestValidHoTen -->
