<?xml version="1.0" encoding="UTF-8"?>
<!-- Generated by org.testng.reporters.JUnitReportReporter -->
<testsuite hostname="TRANTHANHHO" failures="0" tests="23" name="com.wolvesres.haotn.nhanvien.TestNhanVien" time="0.915" errors="0" timestamp="2022-04-21T23:33:10 ICT" skipped="0">
  <testcase classname="com.wolvesres.haotn.nhanvien.TestNhanVien" name="testThemNhanVien" time="0.033"/>
  <system-out/>
  <testcase classname="com.wolvesres.haotn.nhanvien.TestNhanVien" name="testThemNhanVien" time="0.040"/>
  <system-out/>
  <testcase classname="com.wolvesres.haotn.nhanvien.TestNhanVien" name="testThemNhanVien" time="0.272"/>
  <system-out/>
  <testcase classname="com.wolvesres.haotn.nhanvien.TestNhanVien" name="testThemNhanVien" time="0.035"/>
  <system-out/>
  <testcase classname="com.wolvesres.haotn.nhanvien.TestNhanVien" name="testThemNhanVien" time="0.038"/>
  <system-out/>
  <testcase classname="com.wolvesres.haotn.nhanvien.TestNhanVien" name="testThemNhanVien" time="0.036"/>
  <system-out/>
  <testcase classname="com.wolvesres.haotn.nhanvien.TestNhanVien" name="testThemNhanVien" time="0.037"/>
  <system-out/>
  <testcase classname="com.wolvesres.haotn.nhanvien.TestNhanVien" name="testThemNhanVien" time="0.043"/>
  <system-out/>
  <testcase classname="com.wolvesres.haotn.nhanvien.TestNhanVien" name="testThemNhanVien" time="0.039"/>
  <system-out/>
  <testcase classname="com.wolvesres.haotn.nhanvien.TestNhanVien" name="testThemNhanVien" time="0.037"/>
  <system-out/>
  <testcase classname="com.wolvesres.haotn.nhanvien.TestNhanVien" name="testThemNhanVien" time="0.035"/>
  <system-out/>
  <testcase classname="com.wolvesres.haotn.nhanvien.TestNhanVien" name="testThemNhanVien" time="0.038"/>
  <system-out/>
  <testcase classname="com.wolvesres.haotn.nhanvien.TestNhanVien" name="testCapNhatNhanVien" time="0.024"/>
  <system-out/>
  <testcase classname="com.wolvesres.haotn.nhanvien.TestNhanVien" name="testCapNhatNhanVien" time="0.021"/>
  <system-out/>
  <testcase classname="com.wolvesres.haotn.nhanvien.TestNhanVien" name="testCapNhatNhanVien" time="0.019"/>
  <system-out/>
  <testcase classname="com.wolvesres.haotn.nhanvien.TestNhanVien" name="testCapNhatNhanVien" time="0.020"/>
  <system-out/>
  <testcase classname="com.wolvesres.haotn.nhanvien.TestNhanVien" name="testCapNhatNhanVien" time="0.021"/>
  <system-out/>
  <testcase classname="com.wolvesres.haotn.nhanvien.TestNhanVien" name="testDeleteNhanVien" time="0.029"/>
  <system-out/>
  <testcase classname="com.wolvesres.haotn.nhanvien.TestNhanVien" name="testDeleteNhanVien" time="0.031"/>
  <system-out/>
  <testcase classname="com.wolvesres.haotn.nhanvien.TestNhanVien" name="testDeleteNhanVien" time="0.033"/>
  <system-out/>
  <testcase classname="com.wolvesres.haotn.nhanvien.TestNhanVien" name="testTimKiemNhanVien" time="0.010"/>
  <system-out/>
  <testcase classname="com.wolvesres.haotn.nhanvien.TestNhanVien" name="testTimKiemNhanVien" time="0.014"/>
  <system-out/>
  <testcase classname="com.wolvesres.haotn.nhanvien.TestNhanVien" name="testTimKiemNhanVien" time="0.010"/>
  <system-out/>
</testsuite> <!-- com.wolvesres.haotn.nhanvien.TestNhanVien -->
