<?xml version="1.0" encoding="UTF-8"?>
<!-- Generated by org.testng.reporters.JUnitReportReporter -->
<testsuite hostname="DESKTOP-MI32UU7" failures="0" tests="23" name="com.wolvesres.haotn.nhanvien.TestNhanVien" time="1.852" errors="0" timestamp="2022-04-22T01:37:56 ICT" skipped="0">
  <testcase classname="com.wolvesres.haotn.nhanvien.TestNhanVien" name="testThemNhanVien" time="0.064"/>
  <system-out/>
  <testcase classname="com.wolvesres.haotn.nhanvien.TestNhanVien" name="testThemNhanVien" time="0.055"/>
  <system-out/>
  <testcase classname="com.wolvesres.haotn.nhanvien.TestNhanVien" name="testThemNhanVien" time="0.059"/>
  <system-out/>
  <testcase classname="com.wolvesres.haotn.nhanvien.TestNhanVien" name="testThemNhanVien" time="0.062"/>
  <system-out/>
  <testcase classname="com.wolvesres.haotn.nhanvien.TestNhanVien" name="testThemNhanVien" time="0.061"/>
  <system-out/>
  <testcase classname="com.wolvesres.haotn.nhanvien.TestNhanVien" name="testThemNhanVien" time="0.072"/>
  <system-out/>
  <testcase classname="com.wolvesres.haotn.nhanvien.TestNhanVien" name="testThemNhanVien" time="0.064"/>
  <system-out/>
  <testcase classname="com.wolvesres.haotn.nhanvien.TestNhanVien" name="testThemNhanVien" time="0.067"/>
  <system-out/>
  <testcase classname="com.wolvesres.haotn.nhanvien.TestNhanVien" name="testThemNhanVien" time="0.584"/>
  <system-out/>
  <testcase classname="com.wolvesres.haotn.nhanvien.TestNhanVien" name="testThemNhanVien" time="0.066"/>
  <system-out/>
  <testcase classname="com.wolvesres.haotn.nhanvien.TestNhanVien" name="testThemNhanVien" time="0.079"/>
  <system-out/>
  <testcase classname="com.wolvesres.haotn.nhanvien.TestNhanVien" name="testThemNhanVien" time="0.061"/>
  <system-out/>
  <testcase classname="com.wolvesres.haotn.nhanvien.TestNhanVien" name="testCapNhatNhanVien" time="0.043"/>
  <system-out/>
  <testcase classname="com.wolvesres.haotn.nhanvien.TestNhanVien" name="testCapNhatNhanVien" time="0.037"/>
  <system-out/>
  <testcase classname="com.wolvesres.haotn.nhanvien.TestNhanVien" name="testCapNhatNhanVien" time="0.044"/>
  <system-out/>
  <testcase classname="com.wolvesres.haotn.nhanvien.TestNhanVien" name="testCapNhatNhanVien" time="0.042"/>
  <system-out/>
  <testcase classname="com.wolvesres.haotn.nhanvien.TestNhanVien" name="testCapNhatNhanVien" time="0.040"/>
  <system-out/>
  <testcase classname="com.wolvesres.haotn.nhanvien.TestNhanVien" name="testDeleteNhanVien" time="0.048"/>
  <system-out/>
  <testcase classname="com.wolvesres.haotn.nhanvien.TestNhanVien" name="testDeleteNhanVien" time="0.053"/>
  <system-out/>
  <testcase classname="com.wolvesres.haotn.nhanvien.TestNhanVien" name="testDeleteNhanVien" time="0.057"/>
  <system-out/>
  <testcase classname="com.wolvesres.haotn.nhanvien.TestNhanVien" name="testTimKiemNhanVien" time="0.014"/>
  <system-out/>
  <testcase classname="com.wolvesres.haotn.nhanvien.TestNhanVien" name="testTimKiemNhanVien" time="0.014"/>
  <system-out/>
  <testcase classname="com.wolvesres.haotn.nhanvien.TestNhanVien" name="testTimKiemNhanVien" time="0.166"/>
  <system-out/>
</testsuite> <!-- com.wolvesres.haotn.nhanvien.TestNhanVien -->
