<?xml version="1.0" encoding="UTF-8"?>
<!-- Generated by org.testng.reporters.JUnitReportReporter -->
<testsuite hostname="DESKTOP-KLPCFEN" failures="0" tests="3" name="com.wolvesres.selenium.test_login_website.TestLoginLMS" time="7.154" errors="0" timestamp="2022-04-22T11:26:49 ICT" skipped="0">
  <testcase classname="com.wolvesres.selenium.test_login_website.TestLoginLMS" name="LaunchWebsite" time="2.183"/>
  <system-out/>
  <testcase classname="com.wolvesres.selenium.test_login_website.TestLoginLMS" name="FillLoginButton" time="2.238"/>
  <system-out/>
  <testcase classname="com.wolvesres.selenium.test_login_website.TestLoginLMS" name="FillLoginDetails" time="2.733"/>
  <system-out/>
</testsuite> <!-- com.wolvesres.selenium.test_login_website.TestLoginLMS -->
