<?xml version="1.0" encoding="UTF-8"?>
<!-- Generated by org.testng.reporters.JUnitReportReporter -->
<testsuite hostname="DESKTOP-KLPCFEN" failures="0" tests="3" name="com.wolvesres.haotn.khuban.TestValidTableAreaName" time="0.010" errors="0" timestamp="2022-04-13T15:31:03 ICT" skipped="0">
  <testcase classname="com.wolvesres.haotn.khuban.TestValidTableAreaName" name="testInvalidTableAreaName" time="0.009"/>
  <system-out/>
  <testcase classname="com.wolvesres.haotn.khuban.TestValidTableAreaName" name="testInvalidTableAreaName" time="0.000"/>
  <system-out/>
  <testcase classname="com.wolvesres.haotn.khuban.TestValidTableAreaName" name="testInvalidTableAreaName" time="0.001"/>
  <system-out/>
</testsuite> <!-- com.wolvesres.haotn.khuban.TestValidTableAreaName -->
