<?xml version="1.0" encoding="UTF-8"?>
<!-- Generated by org.testng.reporters.JUnitReportReporter -->
<testsuite hostname="DESKTOP-KLPCFEN" failures="0" tests="8" name="com.wolvesres.haotn.sanpham.TestValidProductPrice" time="0.013" errors="0" timestamp="2022-04-14T23:05:52 ICT" skipped="0">
  <testcase classname="com.wolvesres.haotn.sanpham.TestValidProductPrice" name="testProductPriceNegative" time="0.001"/>
  <system-out/>
  <testcase classname="com.wolvesres.haotn.sanpham.TestValidProductPrice" name="testProductPriceNegative" time="0.000"/>
  <system-out/>
  <testcase classname="com.wolvesres.haotn.sanpham.TestValidProductPrice" name="testProductPriceNegative" time="0.008"/>
  <system-out/>
  <testcase classname="com.wolvesres.haotn.sanpham.TestValidProductPrice" name="testProductPriceNegative" time="0.001"/>
  <system-out/>
  <testcase classname="com.wolvesres.haotn.sanpham.TestValidProductPrice" name="testProductPriceNegative" time="0.001"/>
  <system-out/>
  <testcase classname="com.wolvesres.haotn.sanpham.TestValidProductPrice" name="testProductPriceNegative" time="0.001"/>
  <system-out/>
  <testcase classname="com.wolvesres.haotn.sanpham.TestValidProductPrice" name="testProductPriceNegative" time="0.001"/>
  <system-out/>
  <testcase classname="com.wolvesres.haotn.sanpham.TestValidProductPrice" name="testProductPriceNegative" time="0.000"/>
  <system-out/>
</testsuite> <!-- com.wolvesres.haotn.sanpham.TestValidProductPrice -->
