<?xml version="1.0" encoding="UTF-8"?>
<!-- Generated by org.testng.reporters.JUnitReportReporter -->
<testsuite hostname="DESKTOP-KLPCFEN" failures="0" tests="5" name="com.wolvesres.haotn.kho.TestExportPrice" time="0.011" errors="0" timestamp="2022-04-13T15:26:50 ICT" skipped="0">
  <testcase classname="com.wolvesres.haotn.kho.TestExportPrice" name="testProductExportPrice" time="0.000"/>
  <system-out/>
  <testcase classname="com.wolvesres.haotn.kho.TestExportPrice" name="testProductExportPrice" time="0.001"/>
  <system-out/>
  <testcase classname="com.wolvesres.haotn.kho.TestExportPrice" name="testProductExportPrice" time="0.001"/>
  <system-out/>
  <testcase classname="com.wolvesres.haotn.kho.TestExportPrice" name="testProductExportPrice" time="0.001"/>
  <system-out/>
  <testcase classname="com.wolvesres.haotn.kho.TestExportPrice" name="testProductExportPrice" time="0.008"/>
  <system-out/>
</testsuite> <!-- com.wolvesres.haotn.kho.TestExportPrice -->
