<?xml version="1.0" encoding="UTF-8"?>
<!-- Generated by org.testng.reporters.JUnitReportReporter -->
<testsuite hostname="DESKTOP-KLPCFEN" failures="0" tests="4" name="com.wolvesres.ducvh.donvitinh.CalcUnitEmptyTestFail" time="0.601" errors="0" timestamp="2022-04-14T22:59:40 ICT" skipped="0">
  <testcase classname="com.wolvesres.ducvh.donvitinh.CalcUnitEmptyTestFail" name="f" time="0.041"/>
  <system-out/>
  <testcase classname="com.wolvesres.ducvh.donvitinh.CalcUnitEmptyTestFail" name="f" time="0.034"/>
  <system-out/>
  <testcase classname="com.wolvesres.ducvh.donvitinh.CalcUnitEmptyTestFail" name="f" time="0.489"/>
  <system-out/>
  <testcase classname="com.wolvesres.ducvh.donvitinh.CalcUnitEmptyTestFail" name="f" time="0.037"/>
  <system-out/>
</testsuite> <!-- com.wolvesres.ducvh.donvitinh.CalcUnitEmptyTestFail -->
