<?xml version="1.0" encoding="UTF-8"?>
<!-- Generated by org.testng.reporters.JUnitReportReporter -->
<testsuite hostname="ducvhpc01395" failures="0" tests="1" name="com.wolvesres.ducvh.danhmuc.CategorySuccessTest" time="0.011" errors="0" timestamp="2022-04-12T09:54:27 ICT" skipped="0">
  <testcase classname="com.wolvesres.ducvh.danhmuc.CategorySuccessTest" name="f" time="0.011"/>
  <system-out/>
</testsuite> <!-- com.wolvesres.ducvh.danhmuc.CategorySuccessTest -->
