<?xml version="1.0" encoding="UTF-8"?>
<!-- Generated by org.testng.reporters.JUnitReportReporter -->
<testsuite hostname="DESKTOP-KLPCFEN" failures="0" tests="17" name="com.wolvesres.haotn.voucher.TestVoucherDiscount" time="0.004" errors="0" timestamp="2022-04-15T13:46:07 ICT" skipped="0">
  <testcase classname="com.wolvesres.haotn.voucher.TestVoucherDiscount" name="testVoucherDiscountIsNumberFail" time="0.001"/>
  <system-out/>
  <testcase classname="com.wolvesres.haotn.voucher.TestVoucherDiscount" name="testVoucherDiscountPass" time="0.000"/>
  <system-out/>
  <testcase classname="com.wolvesres.haotn.voucher.TestVoucherDiscount" name="testVoucherDiscountGreaterThan100Fail" time="0.000"/>
  <system-out/>
  <testcase classname="com.wolvesres.haotn.voucher.TestVoucherDiscount" name="testVoucherDiscountIsNumberFail" time="0.000"/>
  <system-out/>
  <testcase classname="com.wolvesres.haotn.voucher.TestVoucherDiscount" name="testVoucherDiscountIsNumberFail" time="0.000"/>
  <system-out/>
  <testcase classname="com.wolvesres.haotn.voucher.TestVoucherDiscount" name="testVoucherDiscountGreaterThan100Fail" time="0.000"/>
  <system-out/>
  <testcase classname="com.wolvesres.haotn.voucher.TestVoucherDiscount" name="testVoucherDiscountPass" time="0.000"/>
  <system-out/>
  <testcase classname="com.wolvesres.haotn.voucher.TestVoucherDiscount" name="testVoucherDiscountGreaterThan100Fail" time="0.000"/>
  <system-out/>
  <testcase classname="com.wolvesres.haotn.voucher.TestVoucherDiscount" name="testVoucherDiscountGreaterThan100Fail" time="0.001"/>
  <system-out/>
  <testcase classname="com.wolvesres.haotn.voucher.TestVoucherDiscount" name="testVoucherDiscountPass" time="0.000"/>
  <system-out/>
  <testcase classname="com.wolvesres.haotn.voucher.TestVoucherDiscount" name="testVoucherDiscountPass" time="0.001"/>
  <system-out/>
  <testcase classname="com.wolvesres.haotn.voucher.TestVoucherDiscount" name="testVoucherDiscountGreaterThan100Fail" time="0.000"/>
  <system-out/>
  <testcase classname="com.wolvesres.haotn.voucher.TestVoucherDiscount" name="testVoucherDiscountIsNumberFail" time="0.000"/>
  <system-out/>
  <testcase classname="com.wolvesres.haotn.voucher.TestVoucherDiscount" name="testVoucherDiscountPass" time="0.000"/>
  <system-out/>
  <testcase classname="com.wolvesres.haotn.voucher.TestVoucherDiscount" name="testVoucherDiscountGreaterThan100Fail" time="0.000"/>
  <system-out/>
  <testcase classname="com.wolvesres.haotn.voucher.TestVoucherDiscount" name="testVoucherDiscountIsNumberFail" time="0.001"/>
  <system-out/>
  <testcase classname="com.wolvesres.haotn.voucher.TestVoucherDiscount" name="testVoucherDiscountGreaterThan100Fail" time="0.000"/>
  <system-out/>
</testsuite> <!-- com.wolvesres.haotn.voucher.TestVoucherDiscount -->
