<?xml version="1.0" encoding="UTF-8"?>
<!-- Generated by org.testng.reporters.JUnitReportReporter -->
<<<<<<< HEAD
<testsuite hostname="DESKTOP-KLPCFEN" failures="0" tests="2" name="com.wolvesres.ducvh.ban.checkTableSuccess" time="0.001" errors="0" timestamp="2022-04-14T22:59:40 ICT" skipped="0">
  <testcase classname="com.wolvesres.ducvh.ban.checkTableSuccess" name="f" time="0.001"/>
  <system-out/>
  <testcase classname="com.wolvesres.ducvh.ban.checkTableSuccess" name="f" time="0.000"/>
=======
<testsuite hostname="ducvhpc01395" failures="0" tests="6" name="com.wolvesres.ducvh.ban.checkTableSuccess" time="0.019" errors="0" timestamp="2022-04-15T02:58:17 ICT" skipped="0">
  <testcase classname="com.wolvesres.ducvh.ban.checkTableSuccess" name="f" time="0.013"/>
  <system-out/>
  <testcase classname="com.wolvesres.ducvh.ban.checkTableSuccess" name="f" time="0.001"/>
  <system-out/>
  <testcase classname="com.wolvesres.ducvh.ban.checkTableSuccess" name="f" time="0.002"/>
  <system-out/>
  <testcase classname="com.wolvesres.ducvh.ban.checkTableSuccess" name="f" time="0.001"/>
  <system-out/>
  <testcase classname="com.wolvesres.ducvh.ban.checkTableSuccess" name="f" time="0.001"/>
  <system-out/>
  <testcase classname="com.wolvesres.ducvh.ban.checkTableSuccess" name="f" time="0.001"/>
>>>>>>> 77d50fb4162fe7b153232f88c687aa6bdb020a1a
  <system-out/>
</testsuite> <!-- com.wolvesres.ducvh.ban.checkTableSuccess -->
