<?xml version="1.0" encoding="UTF-8"?>
<!-- Generated by org.testng.reporters.JUnitReportReporter -->
<testsuite hostname="Nguyen-Van-Nhut-Truong" failures="0" tests="5" name="com.wolvesres.truongnvn.nhanvien.TestValidFullname" time="0.012" errors="0" timestamp="2022-04-13T14:06:56 ICT" skipped="0">
  <testcase classname="com.wolvesres.truongnvn.nhanvien.TestValidFullname" name="testFullNameNoSpace" time="0.001"/>
  <system-out/>
  <testcase classname="com.wolvesres.truongnvn.nhanvien.TestValidFullname" name="testFullNameNoSpace" time="0.008"/>
  <system-out/>
  <testcase classname="com.wolvesres.truongnvn.nhanvien.TestValidFullname" name="testFullNameNoSpace" time="0.001"/>
  <system-out/>
  <testcase classname="com.wolvesres.truongnvn.nhanvien.TestValidFullname" name="testFullNameNoSpace" time="0.001"/>
  <system-out/>
  <testcase classname="com.wolvesres.truongnvn.nhanvien.TestValidFullname" name="testFullNameNoSpace" time="0.001"/>
  <system-out/>
</testsuite> <!-- com.wolvesres.truongnvn.nhanvien.TestValidFullname -->
