<?xml version="1.0" encoding="UTF-8"?>
<!-- Generated by org.testng.reporters.JUnitReportReporter -->
<testsuite hostname="DESKTOP-KLPCFEN" failures="0" tests="3" name="com.wolvesres.ducvh.kho.StockQuanImportABCTestFail" time="0.004" errors="0" timestamp="2022-04-14T22:59:40 ICT" skipped="0">
  <testcase classname="com.wolvesres.ducvh.kho.StockQuanImportABCTestFail" name="f" time="0.001"/>
  <system-out/>
  <testcase classname="com.wolvesres.ducvh.kho.StockQuanImportABCTestFail" name="f" time="0.002"/>
  <system-out/>
  <testcase classname="com.wolvesres.ducvh.kho.StockQuanImportABCTestFail" name="f" time="0.001"/>
  <system-out/>
</testsuite> <!-- com.wolvesres.ducvh.kho.StockQuanImportABCTestFail -->
