<?xml version="1.0" encoding="UTF-8"?>
<!-- Generated by org.testng.reporters.JUnitReportReporter -->
<testsuite hostname="Nguyen-Van-Nhut-Truong" failures="0" tests="2" name="com.wolvesres.truongnvn.kho.TestSoluongXuatKho" time="2813.024" errors="0" timestamp="2022-04-13T15:42:39 ICT" skipped="0">
  <testcase classname="com.wolvesres.truongnvn.kho.TestSoluongXuatKho" name="testValidGia" time="1.521"/>
  <system-out/>
  <testcase classname="com.wolvesres.truongnvn.kho.TestSoluongXuatKho" name="testValidGia" time="2811.503"/>
  <system-out/>
</testsuite> <!-- com.wolvesres.truongnvn.kho.TestSoluongXuatKho -->
