<?xml version="1.0" encoding="UTF-8"?>
<!-- Generated by org.testng.reporters.JUnitReportReporter -->
<testsuite hostname="DESKTOP-MI32UU7" failures="0" tests="5" name="com.wolvesres.quanghn.nhanvien.TestValidEmail" time="0.023" errors="0" timestamp="2022-04-13T15:38:22 ICT" skipped="0">
  <testcase classname="com.wolvesres.quanghn.nhanvien.TestValidEmail" name="testValidEmailSuccess" time="0.002"/>
  <system-out/>
  <testcase classname="com.wolvesres.quanghn.nhanvien.TestValidEmail" name="testValidEmailSuccess" time="0.017"/>
  <system-out/>
  <testcase classname="com.wolvesres.quanghn.nhanvien.TestValidEmail" name="testValidEmailSuccess" time="0.001"/>
  <system-out/>
  <testcase classname="com.wolvesres.quanghn.nhanvien.TestValidEmail" name="testValidEmailSuccess" time="0.002"/>
  <system-out/>
  <testcase classname="com.wolvesres.quanghn.nhanvien.TestValidEmail" name="testValidEmailSuccess" time="0.001"/>
  <system-out/>
</testsuite> <!-- com.wolvesres.quanghn.nhanvien.TestValidEmail -->
