<?xml version="1.0" encoding="UTF-8"?>
<!-- Generated by org.testng.reporters.JUnitReportReporter -->
<testsuite hostname="TRANTHANHHO" failures="0" tests="5" name="com.wolvesres.hott.donvitinh.TestUnit" time="0.009" errors="0" timestamp="2022-04-14T14:37:21 ICT" skipped="0">
  <testcase classname="com.wolvesres.hott.donvitinh.TestUnit" name="testUnitSuccess" time="0.006"/>
  <system-out/>
  <testcase classname="com.wolvesres.hott.donvitinh.TestUnit" name="testUnitSuccess" time="0.001"/>
  <system-out/>
  <testcase classname="com.wolvesres.hott.donvitinh.TestUnit" name="testUnitSuccess" time="0.001"/>
  <system-out/>
  <testcase classname="com.wolvesres.hott.donvitinh.TestUnit" name="testUnitSuccess" time="0.001"/>
  <system-out/>
  <testcase classname="com.wolvesres.hott.donvitinh.TestUnit" name="testUnitSuccess" time="0.000"/>
  <system-out/>
</testsuite> <!-- com.wolvesres.hott.donvitinh.TestUnit -->
