<?xml version="1.0" encoding="UTF-8"?>
<!-- Generated by org.testng.reporters.JUnitReportReporter -->
<testsuite hostname="DESKTOP-MI32UU7" failures="0" tests="16" name="com.wolvesres.quanghn.voucher.testVoucher" time="1.068" errors="0" timestamp="2022-04-22T03:46:19 ICT" skipped="0">
  <testcase classname="com.wolvesres.quanghn.voucher.testVoucher" name="testThemVoucher" time="0.395"/>
  <system-out/>
  <testcase classname="com.wolvesres.quanghn.voucher.testVoucher" name="testThemVoucher" time="0.048"/>
  <system-out/>
  <testcase classname="com.wolvesres.quanghn.voucher.testVoucher" name="testThemVoucher" time="0.048"/>
  <system-out/>
  <testcase classname="com.wolvesres.quanghn.voucher.testVoucher" name="testThemVoucher" time="0.042"/>
  <system-out/>
  <testcase classname="com.wolvesres.quanghn.voucher.testVoucher" name="testThemVoucher" time="0.043"/>
  <system-out/>
  <testcase classname="com.wolvesres.quanghn.voucher.testVoucher" name="testCapNhatVoucher" time="0.075"/>
  <system-out/>
  <testcase classname="com.wolvesres.quanghn.voucher.testVoucher" name="testCapNhatVoucher" time="0.064"/>
  <system-out/>
  <testcase classname="com.wolvesres.quanghn.voucher.testVoucher" name="testCapNhatVoucher" time="0.054"/>
  <system-out/>
  <testcase classname="com.wolvesres.quanghn.voucher.testVoucher" name="testCapNhatVoucher" time="0.085"/>
  <system-out/>
  <testcase classname="com.wolvesres.quanghn.voucher.testVoucher" name="testCapNhatVoucher" time="0.031"/>
  <system-out/>
  <testcase classname="com.wolvesres.quanghn.voucher.testVoucher" name="testDeleteVoucher" time="0.043"/>
  <system-out/>
  <testcase classname="com.wolvesres.quanghn.voucher.testVoucher" name="testDeleteVoucher" time="0.053"/>
  <system-out/>
  <testcase classname="com.wolvesres.quanghn.voucher.testVoucher" name="testDeleteVoucher" time="0.043"/>
  <system-out/>
  <testcase classname="com.wolvesres.quanghn.voucher.testVoucher" name="testTimKiemTaiKhoan" time="0.012"/>
  <system-out/>
  <testcase classname="com.wolvesres.quanghn.voucher.testVoucher" name="testTimKiemTaiKhoan" time="0.011"/>
  <system-out/>
  <testcase classname="com.wolvesres.quanghn.voucher.testVoucher" name="testTimKiemTaiKhoan" time="0.021"/>
  <system-out/>
</testsuite> <!-- com.wolvesres.quanghn.voucher.testVoucher -->
