<?xml version="1.0" encoding="UTF-8"?>
<!-- Generated by org.testng.reporters.JUnitReportReporter -->
<testsuite hostname="DESKTOP-KLPCFEN" failures="0" tests="100" name="com.wolvesres.haotn.kho.TestExportPrice" time="0.273" errors="0" timestamp="2022-04-11T23:07:26 ICT" skipped="0">
  <testcase classname="com.wolvesres.haotn.kho.TestExportPrice" name="testProductExportPrice" time="0.001"/>
  <system-out/>
  <testcase classname="com.wolvesres.haotn.kho.TestExportPrice" name="testProductExportPrice" time="0.005"/>
  <system-out/>
  <testcase classname="com.wolvesres.haotn.kho.TestExportPrice" name="testProductExportPrice" time="0.001"/>
  <system-out/>
  <testcase classname="com.wolvesres.haotn.kho.TestExportPrice" name="testProductExportPrice" time="0.002"/>
  <system-out/>
  <testcase classname="com.wolvesres.haotn.kho.TestExportPrice" name="testProductExportPrice" time="0.001"/>
  <system-out/>
  <testcase classname="com.wolvesres.haotn.kho.TestExportPrice" name="testProductExportPrice" time="0.005"/>
  <system-out/>
  <testcase classname="com.wolvesres.haotn.kho.TestExportPrice" name="testProductExportPrice" time="0.001"/>
  <system-out/>
  <testcase classname="com.wolvesres.haotn.kho.TestExportPrice" name="testProductExportPrice" time="0.011"/>
  <system-out/>
  <testcase classname="com.wolvesres.haotn.kho.TestExportPrice" name="testProductExportPrice" time="0.001"/>
  <system-out/>
  <testcase classname="com.wolvesres.haotn.kho.TestExportPrice" name="testProductExportPrice" time="0.025"/>
  <system-out/>
  <testcase classname="com.wolvesres.haotn.kho.TestExportPrice" name="testProductExportPrice" time="0.002"/>
  <system-out/>
  <testcase classname="com.wolvesres.haotn.kho.TestExportPrice" name="testProductExportPrice" time="0.001"/>
  <system-out/>
  <testcase classname="com.wolvesres.haotn.kho.TestExportPrice" name="testProductExportPrice" time="0.001"/>
  <system-out/>
  <testcase classname="com.wolvesres.haotn.kho.TestExportPrice" name="testProductExportPrice" time="0.001"/>
  <system-out/>
  <testcase classname="com.wolvesres.haotn.kho.TestExportPrice" name="testProductExportPrice" time="0.001"/>
  <system-out/>
  <testcase classname="com.wolvesres.haotn.kho.TestExportPrice" name="testProductExportPrice" time="0.001"/>
  <system-out/>
  <testcase classname="com.wolvesres.haotn.kho.TestExportPrice" name="testProductExportPrice" time="0.001"/>
  <system-out/>
  <testcase classname="com.wolvesres.haotn.kho.TestExportPrice" name="testProductExportPrice" time="0.008"/>
  <system-out/>
  <testcase classname="com.wolvesres.haotn.kho.TestExportPrice" name="testProductExportPrice" time="0.005"/>
  <system-out/>
  <testcase classname="com.wolvesres.haotn.kho.TestExportPrice" name="testProductExportPrice" time="0.001"/>
  <system-out/>
  <testcase classname="com.wolvesres.haotn.kho.TestExportPrice" name="testProductExportPrice" time="0.001"/>
  <system-out/>
  <testcase classname="com.wolvesres.haotn.kho.TestExportPrice" name="testProductExportPrice" time="0.001"/>
  <system-out/>
  <testcase classname="com.wolvesres.haotn.kho.TestExportPrice" name="testProductExportPrice" time="0.001"/>
  <system-out/>
  <testcase classname="com.wolvesres.haotn.kho.TestExportPrice" name="testProductExportPrice" time="0.002"/>
  <system-out/>
  <testcase classname="com.wolvesres.haotn.kho.TestExportPrice" name="testProductExportPrice" time="0.001"/>
  <system-out/>
  <testcase classname="com.wolvesres.haotn.kho.TestExportPrice" name="testProductExportPrice" time="0.001"/>
  <system-out/>
  <testcase classname="com.wolvesres.haotn.kho.TestExportPrice" name="testProductExportPrice" time="0.002"/>
  <system-out/>
  <testcase classname="com.wolvesres.haotn.kho.TestExportPrice" name="testProductExportPrice" time="0.001"/>
  <system-out/>
  <testcase classname="com.wolvesres.haotn.kho.TestExportPrice" name="testProductExportPrice" time="0.002"/>
  <system-out/>
  <testcase classname="com.wolvesres.haotn.kho.TestExportPrice" name="testProductExportPrice" time="0.001"/>
  <system-out/>
  <testcase classname="com.wolvesres.haotn.kho.TestExportPrice" name="testProductExportPrice" time="0.001"/>
  <system-out/>
  <testcase classname="com.wolvesres.haotn.kho.TestExportPrice" name="testProductExportPrice" time="0.001"/>
  <system-out/>
  <testcase classname="com.wolvesres.haotn.kho.TestExportPrice" name="testProductExportPrice" time="0.001"/>
  <system-out/>
  <testcase classname="com.wolvesres.haotn.kho.TestExportPrice" name="testProductExportPrice" time="0.004"/>
  <system-out/>
  <testcase classname="com.wolvesres.haotn.kho.TestExportPrice" name="testProductExportPrice" time="0.001"/>
  <system-out/>
  <testcase classname="com.wolvesres.haotn.kho.TestExportPrice" name="testProductExportPrice" time="0.001"/>
  <system-out/>
  <testcase classname="com.wolvesres.haotn.kho.TestExportPrice" name="testProductExportPrice" time="0.001"/>
  <system-out/>
  <testcase classname="com.wolvesres.haotn.kho.TestExportPrice" name="testProductExportPrice" time="0.001"/>
  <system-out/>
  <testcase classname="com.wolvesres.haotn.kho.TestExportPrice" name="testProductExportPrice" time="0.000"/>
  <system-out/>
  <testcase classname="com.wolvesres.haotn.kho.TestExportPrice" name="testProductExportPrice" time="0.004"/>
  <system-out/>
  <testcase classname="com.wolvesres.haotn.kho.TestExportPrice" name="testProductExportPrice" time="0.004"/>
  <system-out/>
  <testcase classname="com.wolvesres.haotn.kho.TestExportPrice" name="testProductExportPrice" time="0.001"/>
  <system-out/>
  <testcase classname="com.wolvesres.haotn.kho.TestExportPrice" name="testProductExportPrice" time="0.001"/>
  <system-out/>
  <testcase classname="com.wolvesres.haotn.kho.TestExportPrice" name="testProductExportPrice" time="0.002"/>
  <system-out/>
  <testcase classname="com.wolvesres.haotn.kho.TestExportPrice" name="testProductExportPrice" time="0.002"/>
  <system-out/>
  <testcase classname="com.wolvesres.haotn.kho.TestExportPrice" name="testProductExportPrice" time="0.002"/>
  <system-out/>
  <testcase classname="com.wolvesres.haotn.kho.TestExportPrice" name="testProductExportPrice" time="0.001"/>
  <system-out/>
  <testcase classname="com.wolvesres.haotn.kho.TestExportPrice" name="testProductExportPrice" time="0.001"/>
  <system-out/>
  <testcase classname="com.wolvesres.haotn.kho.TestExportPrice" name="testProductExportPrice" time="0.000"/>
  <system-out/>
  <testcase classname="com.wolvesres.haotn.kho.TestExportPrice" name="testProductExportPrice" time="0.004"/>
  <system-out/>
  <testcase classname="com.wolvesres.haotn.kho.TestExportPrice" name="testProductExportPrice" time="0.006"/>
  <system-out/>
  <testcase classname="com.wolvesres.haotn.kho.TestExportPrice" name="testProductExportPrice" time="0.008"/>
  <system-out/>
  <testcase classname="com.wolvesres.haotn.kho.TestExportPrice" name="testProductExportPrice" time="0.001"/>
  <system-out/>
  <testcase classname="com.wolvesres.haotn.kho.TestExportPrice" name="testProductExportPrice" time="0.002"/>
  <system-out/>
  <testcase classname="com.wolvesres.haotn.kho.TestExportPrice" name="testProductExportPrice" time="0.024"/>
  <system-out/>
  <testcase classname="com.wolvesres.haotn.kho.TestExportPrice" name="testProductExportPrice" time="0.000"/>
  <system-out/>
  <testcase classname="com.wolvesres.haotn.kho.TestExportPrice" name="testProductExportPrice" time="0.001"/>
  <system-out/>
  <testcase classname="com.wolvesres.haotn.kho.TestExportPrice" name="testProductExportPrice" time="0.001"/>
  <system-out/>
  <testcase classname="com.wolvesres.haotn.kho.TestExportPrice" name="testProductExportPrice" time="0.002"/>
  <system-out/>
  <testcase classname="com.wolvesres.haotn.kho.TestExportPrice" name="testProductExportPrice" time="0.001"/>
  <system-out/>
  <testcase classname="com.wolvesres.haotn.kho.TestExportPrice" name="testProductExportPrice" time="0.000"/>
  <system-out/>
  <testcase classname="com.wolvesres.haotn.kho.TestExportPrice" name="testProductExportPrice" time="0.001"/>
  <system-out/>
  <testcase classname="com.wolvesres.haotn.kho.TestExportPrice" name="testProductExportPrice" time="0.026"/>
  <system-out/>
  <testcase classname="com.wolvesres.haotn.kho.TestExportPrice" name="testProductExportPrice" time="0.000"/>
  <system-out/>
  <testcase classname="com.wolvesres.haotn.kho.TestExportPrice" name="testProductExportPrice" time="0.002"/>
  <system-out/>
  <testcase classname="com.wolvesres.haotn.kho.TestExportPrice" name="testProductExportPrice" time="0.002"/>
  <system-out/>
  <testcase classname="com.wolvesres.haotn.kho.TestExportPrice" name="testProductExportPrice" time="0.001"/>
  <system-out/>
  <testcase classname="com.wolvesres.haotn.kho.TestExportPrice" name="testProductExportPrice" time="0.002"/>
  <system-out/>
  <testcase classname="com.wolvesres.haotn.kho.TestExportPrice" name="testProductExportPrice" time="0.000"/>
  <system-out/>
  <testcase classname="com.wolvesres.haotn.kho.TestExportPrice" name="testProductExportPrice" time="0.001"/>
  <system-out/>
  <testcase classname="com.wolvesres.haotn.kho.TestExportPrice" name="testProductExportPrice" time="0.001"/>
  <system-out/>
  <testcase classname="com.wolvesres.haotn.kho.TestExportPrice" name="testProductExportPrice" time="0.001"/>
  <system-out/>
  <testcase classname="com.wolvesres.haotn.kho.TestExportPrice" name="testProductExportPrice" time="0.001"/>
  <system-out/>
  <testcase classname="com.wolvesres.haotn.kho.TestExportPrice" name="testProductExportPrice" time="0.001"/>
  <system-out/>
  <testcase classname="com.wolvesres.haotn.kho.TestExportPrice" name="testProductExportPrice" time="0.000"/>
  <system-out/>
  <testcase classname="com.wolvesres.haotn.kho.TestExportPrice" name="testProductExportPrice" time="0.004"/>
  <system-out/>
  <testcase classname="com.wolvesres.haotn.kho.TestExportPrice" name="testProductExportPrice" time="0.002"/>
  <system-out/>
  <testcase classname="com.wolvesres.haotn.kho.TestExportPrice" name="testProductExportPrice" time="0.001"/>
  <system-out/>
  <testcase classname="com.wolvesres.haotn.kho.TestExportPrice" name="testProductExportPrice" time="0.016"/>
  <system-out/>
  <testcase classname="com.wolvesres.haotn.kho.TestExportPrice" name="testProductExportPrice" time="0.001"/>
  <system-out/>
  <testcase classname="com.wolvesres.haotn.kho.TestExportPrice" name="testProductExportPrice" time="0.001"/>
  <system-out/>
  <testcase classname="com.wolvesres.haotn.kho.TestExportPrice" name="testProductExportPrice" time="0.002"/>
  <system-out/>
  <testcase classname="com.wolvesres.haotn.kho.TestExportPrice" name="testProductExportPrice" time="0.001"/>
  <system-out/>
  <testcase classname="com.wolvesres.haotn.kho.TestExportPrice" name="testProductExportPrice" time="0.001"/>
  <system-out/>
  <testcase classname="com.wolvesres.haotn.kho.TestExportPrice" name="testProductExportPrice" time="0.004"/>
  <system-out/>
  <testcase classname="com.wolvesres.haotn.kho.TestExportPrice" name="testProductExportPrice" time="0.001"/>
  <system-out/>
  <testcase classname="com.wolvesres.haotn.kho.TestExportPrice" name="testProductExportPrice" time="0.002"/>
  <system-out/>
  <testcase classname="com.wolvesres.haotn.kho.TestExportPrice" name="testProductExportPrice" time="0.002"/>
  <system-out/>
  <testcase classname="com.wolvesres.haotn.kho.TestExportPrice" name="testProductExportPrice" time="0.001"/>
  <system-out/>
  <testcase classname="com.wolvesres.haotn.kho.TestExportPrice" name="testProductExportPrice" time="0.002"/>
  <system-out/>
  <testcase classname="com.wolvesres.haotn.kho.TestExportPrice" name="testProductExportPrice" time="0.002"/>
  <system-out/>
  <testcase classname="com.wolvesres.haotn.kho.TestExportPrice" name="testProductExportPrice" time="0.002"/>
  <system-out/>
  <testcase classname="com.wolvesres.haotn.kho.TestExportPrice" name="testProductExportPrice" time="0.003"/>
  <system-out/>
  <testcase classname="com.wolvesres.haotn.kho.TestExportPrice" name="testProductExportPrice" time="0.001"/>
  <system-out/>
  <testcase classname="com.wolvesres.haotn.kho.TestExportPrice" name="testProductExportPrice" time="0.000"/>
  <system-out/>
  <testcase classname="com.wolvesres.haotn.kho.TestExportPrice" name="testProductExportPrice" time="0.001"/>
  <system-out/>
  <testcase classname="com.wolvesres.haotn.kho.TestExportPrice" name="testProductExportPrice" time="0.001"/>
  <system-out/>
  <testcase classname="com.wolvesres.haotn.kho.TestExportPrice" name="testProductExportPrice" time="0.013"/>
  <system-out/>
  <testcase classname="com.wolvesres.haotn.kho.TestExportPrice" name="testProductExportPrice" time="0.001"/>
  <system-out/>
  <testcase classname="com.wolvesres.haotn.kho.TestExportPrice" name="testProductExportPrice" time="0.002"/>
  <system-out/>
</testsuite> <!-- com.wolvesres.haotn.kho.TestExportPrice -->
