<?xml version="1.0" encoding="UTF-8"?>
<!-- Generated by org.testng.reporters.JUnitReportReporter -->
<testsuite hostname="DESKTOP-MI32UU7" failures="0" tests="5" name="com.welvesres.quanghn.nhanvien.TestValidEmail" time="0.010" errors="0" timestamp="2022-04-11T20:17:59 ICT" skipped="0">
  <testcase classname="com.welvesres.quanghn.nhanvien.TestValidEmail" name="testValidEmailSuccess" time="0.001"/>
  <system-out/>
  <testcase classname="com.welvesres.quanghn.nhanvien.TestValidEmail" name="testValidEmailSuccess" time="0.007"/>
  <system-out/>
  <testcase classname="com.welvesres.quanghn.nhanvien.TestValidEmail" name="testValidEmailSuccess" time="0.000"/>
  <system-out/>
  <testcase classname="com.welvesres.quanghn.nhanvien.TestValidEmail" name="testValidEmailSuccess" time="0.001"/>
  <system-out/>
  <testcase classname="com.welvesres.quanghn.nhanvien.TestValidEmail" name="testValidEmailSuccess" time="0.001"/>
  <system-out/>
</testsuite> <!-- com.welvesres.quanghn.nhanvien.TestValidEmail -->
