<?xml version="1.0" encoding="UTF-8"?>
<!-- Generated by org.testng.reporters.JUnitReportReporter -->
<testsuite hostname="DESKTOP-KLPCFEN" failures="0" tests="1" name="com.wolvesres.hott.ban.TestAutoTableCode" time="0.074" errors="0" timestamp="2022-04-15T13:46:07 ICT" skipped="0">
  <testcase classname="com.wolvesres.hott.ban.TestAutoTableCode" name="testAutoGenerateIdProduct" time="0.074"/>
  <system-out/>
</testsuite> <!-- com.wolvesres.hott.ban.TestAutoTableCode -->
