<?xml version="1.0" encoding="UTF-8"?>
<!-- Generated by org.testng.reporters.JUnitReportReporter -->
<testsuite hostname="ducvhpc01395" failures="0" tests="3" name="com.wolvesres.ducvh.kho.StockQuanExportTestSuccess" time="0.013" errors="0" timestamp="2022-04-12T17:40:59 ICT" skipped="0">
  <testcase classname="com.wolvesres.ducvh.kho.StockQuanExportTestSuccess" name="f" time="0.012"/>
  <system-out/>
  <testcase classname="com.wolvesres.ducvh.kho.StockQuanExportTestSuccess" name="f" time="0.001"/>
  <system-out/>
  <testcase classname="com.wolvesres.ducvh.kho.StockQuanExportTestSuccess" name="f" time="0.000"/>
  <system-out/>
</testsuite> <!-- com.wolvesres.ducvh.kho.StockQuanExportTestSuccess -->
