<?xml version="1.0" encoding="UTF-8"?>
<!-- Generated by org.testng.reporters.JUnitReportReporter -->
<testsuite hostname="DESKTOP-KLPCFEN" failures="0" tests="5" name="com.wolvesres.ducvh.kho.StockQuanExportOverTestFail" time="0.008" errors="0" timestamp="2022-04-15T13:46:07 ICT" skipped="0">
  <testcase classname="com.wolvesres.ducvh.kho.StockQuanExportOverTestFail" name="f" time="0.002"/>
  <system-out/>
  <testcase classname="com.wolvesres.ducvh.kho.StockQuanExportOverTestFail" name="f" time="0.003"/>
  <system-out/>
  <testcase classname="com.wolvesres.ducvh.kho.StockQuanExportOverTestFail" name="f" time="0.001"/>
  <system-out/>
  <testcase classname="com.wolvesres.ducvh.kho.StockQuanExportOverTestFail" name="f" time="0.001"/>
  <system-out/>
  <testcase classname="com.wolvesres.ducvh.kho.StockQuanExportOverTestFail" name="f" time="0.001"/>
  <system-out/>
</testsuite> <!-- com.wolvesres.ducvh.kho.StockQuanExportOverTestFail -->
