<?xml version="1.0" encoding="UTF-8"?>
<!-- Generated by org.testng.reporters.JUnitReportReporter -->
<testsuite hostname="TRANTHANHHO" failures="0" tests="2" name="com.wolvesres.hott.voucher.TestVoucherCode" time="0.005" errors="0" timestamp="2022-04-11T23:57:55 ICT" skipped="0">
  <testcase classname="com.wolvesres.hott.voucher.TestVoucherCode" name="testVoucherCodeSuccess" time="0.000"/>
  <system-out/>
  <testcase classname="com.wolvesres.hott.voucher.TestVoucherCode" name="testVoucherCodeSuccess" time="0.005"/>
  <system-out/>
</testsuite> <!-- com.wolvesres.hott.voucher.TestVoucherCode -->
