<?xml version="1.0" encoding="UTF-8"?>
<!-- Generated by org.testng.reporters.JUnitReportReporter -->
<testsuite hostname="DESKTOP-MI32UU7" failures="0" tests="4" name="com.wolvesres.quanghn.nhanvien.TestValidHoTen" time="0.011" errors="0" timestamp="2022-04-12T23:44:40 ICT" skipped="0">
  <testcase classname="com.wolvesres.quanghn.nhanvien.TestValidHoTen" name="testValidFullNameFail" time="0.001"/>
  <system-out/>
  <testcase classname="com.wolvesres.quanghn.nhanvien.TestValidHoTen" name="testValidFullNameFail" time="0.001"/>
  <system-out/>
  <testcase classname="com.wolvesres.quanghn.nhanvien.TestValidHoTen" name="testValidFullNameFail" time="0.001"/>
  <system-out/>
  <testcase classname="com.wolvesres.quanghn.nhanvien.TestValidHoTen" name="testValidFullNameFail" time="0.008"/>
  <system-out/>
</testsuite> <!-- com.wolvesres.quanghn.nhanvien.TestValidHoTen -->
