<?xml version="1.0" encoding="UTF-8"?>
<!-- Generated by org.testng.reporters.JUnitReportReporter -->
<testsuite hostname="DESKTOP-MI32UU7" failures="0" tests="1" name="com.welvesres.quanghn.nhanvien.TestValidCCCD" time="0.012" errors="0" timestamp="2022-04-11T20:21:44 ICT" skipped="0">
  <testcase classname="com.welvesres.quanghn.nhanvien.TestValidCCCD" name="testValidCCCDfalse" time="0.012"/>
  <system-out/>
</testsuite> <!-- com.welvesres.quanghn.nhanvien.TestValidCCCD -->
