<?xml version="1.0" encoding="UTF-8"?>
<!-- Generated by org.testng.reporters.JUnitReportReporter -->
<testsuite hostname="DESKTOP-KLPCFEN" failures="0" tests="3" name="com.wolvesres.ducvh.kho.StockPriceImportTestSuccess" time="0.013" errors="0" timestamp="2022-04-14T22:59:39 ICT" skipped="0">
  <testcase classname="com.wolvesres.ducvh.kho.StockPriceImportTestSuccess" name="f" time="0.011"/>
  <system-out/>
  <testcase classname="com.wolvesres.ducvh.kho.StockPriceImportTestSuccess" name="f" time="0.001"/>
  <system-out/>
  <testcase classname="com.wolvesres.ducvh.kho.StockPriceImportTestSuccess" name="f" time="0.001"/>
  <system-out/>
</testsuite> <!-- com.wolvesres.ducvh.kho.StockPriceImportTestSuccess -->
