<?xml version="1.0" encoding="UTF-8"?>
<!-- Generated by org.testng.reporters.JUnitReportReporter -->
<testsuite hostname="ducvhpc01395" failures="0" tests="3" name="com.wolvesres.ducvh.danhmuc.TestDanhMuc" time="0.126" errors="1" timestamp="2022-04-22T10:38:51 ICT" skipped="0">
  <testcase classname="com.wolvesres.ducvh.danhmuc.TestDanhMuc" name="ThemDM" time="0.041"/>
  <system-out/>
  <testcase classname="com.wolvesres.ducvh.danhmuc.TestDanhMuc" name="ThemDM" time="0.056"/>
  <system-out/>
  <testcase classname="com.wolvesres.ducvh.danhmuc.TestDanhMuc" name="ThemDM" time="0.029">
    <error message="com.microsoft.sqlserver.jdbc.SQLServerException: Violation of PRIMARY KEY constraint &#039;PK_LOAISANPHAM&#039;. Cannot insert duplicate key in object &#039;dbo.DANHMUCSANPHAM&#039;. The duplicate key value is (DM020)." type="java.lang.RuntimeException">
      <![CDATA[java.lang.RuntimeException: com.microsoft.sqlserver.jdbc.SQLServerException: Violation of PRIMARY KEY constraint 'PK_LOAISANPHAM'. Cannot insert duplicate key in object 'dbo.DANHMUCSANPHAM'. The duplicate key value is (DM020).
at com.wolvesres.helper.XJdbc.update(XJdbc.java:52)
at com.wolvesres.dao.DanhMucDAO.insert(DanhMucDAO.java:52)
at com.wolvesres.ducvh.danhmuc.TestDanhMuc.ThemDM(TestDanhMuc.java:72)
at java.base/jdk.internal.reflect.NativeMethodAccessorImpl.invoke0(Native Method)
at java.base/jdk.internal.reflect.NativeMethodAccessorImpl.invoke(NativeMethodAccessorImpl.java:77)
at java.base/jdk.internal.reflect.DelegatingMethodAccessorImpl.invoke(DelegatingMethodAccessorImpl.java:43)
at java.base/java.lang.reflect.Method.invoke(Method.java:568)
at org.testng.internal.MethodInvocationHelper.invokeMethod(MethodInvocationHelper.java:133)
at org.testng.internal.TestInvoker.invokeMethod(TestInvoker.java:598)
at org.testng.internal.TestInvoker.invokeTestMethod(TestInvoker.java:173)
at org.testng.internal.MethodRunner.runInSequence(MethodRunner.java:46)
at org.testng.internal.TestInvoker$MethodInvocationAgent.invoke(TestInvoker.java:824)
at org.testng.internal.TestInvoker.invokeTestMethods(TestInvoker.java:146)
at org.testng.internal.TestMethodWorker.invokeTestMethods(TestMethodWorker.java:146)
at org.testng.internal.TestMethodWorker.run(TestMethodWorker.java:128)
at java.base/java.util.ArrayList.forEach(ArrayList.java:1511)
at org.testng.TestRunner.privateRun(TestRunner.java:794)
at org.testng.TestRunner.run(TestRunner.java:596)
at org.testng.SuiteRunner.runTest(SuiteRunner.java:377)
at org.testng.SuiteRunner.runSequentially(SuiteRunner.java:371)
at org.testng.SuiteRunner.privateRun(SuiteRunner.java:332)
at org.testng.SuiteRunner.run(SuiteRunner.java:276)
at org.testng.SuiteRunnerWorker.runSuite(SuiteRunnerWorker.java:53)
at org.testng.SuiteRunnerWorker.run(SuiteRunnerWorker.java:96)
at org.testng.TestNG.runSuitesSequentially(TestNG.java:1212)
at org.testng.TestNG.runSuitesLocally(TestNG.java:1134)
at org.testng.TestNG.runSuites(TestNG.java:1063)
at org.testng.TestNG.run(TestNG.java:1031)
at org.testng.remote.AbstractRemoteTestNG.run(AbstractRemoteTestNG.java:115)
at org.testng.remote.RemoteTestNG.initAndRun(RemoteTestNG.java:251)
at org.testng.remote.RemoteTestNG.main(RemoteTestNG.java:77)
Caused by: com.microsoft.sqlserver.jdbc.SQLServerException: Violation of PRIMARY KEY constraint 'PK_LOAISANPHAM'. Cannot insert duplicate key in object 'dbo.DANHMUCSANPHAM'. The duplicate key value is (DM020).
at com.microsoft.sqlserver.jdbc.SQLServerException.makeFromDatabaseError(SQLServerException.java:262)
at com.microsoft.sqlserver.jdbc.SQLServerStatement.getNextResult(SQLServerStatement.java:1632)
at com.microsoft.sqlserver.jdbc.SQLServerPreparedStatement.doExecutePreparedStatement(SQLServerPreparedStatement.java:600)
at com.microsoft.sqlserver.jdbc.SQLServerPreparedStatement$PrepStmtExecCmd.doExecute(SQLServerPreparedStatement.java:522)
at com.microsoft.sqlserver.jdbc.TDSCommand.execute(IOBuffer.java:7225)
at com.microsoft.sqlserver.jdbc.SQLServerConnection.executeCommand(SQLServerConnection.java:3053)
at com.microsoft.sqlserver.jdbc.SQLServerStatement.executeCommand(SQLServerStatement.java:247)
at com.microsoft.sqlserver.jdbc.SQLServerStatement.executeStatement(SQLServerStatement.java:222)
at com.microsoft.sqlserver.jdbc.SQLServerPreparedStatement.executeUpdate(SQLServerPreparedStatement.java:471)
at com.wolvesres.helper.XJdbc.update(XJdbc.java:47)
... 30 more
]]>
    </error>
  </testcase> <!-- ThemDM -->
  <system-out/>
</testsuite> <!-- com.wolvesres.ducvh.danhmuc.TestDanhMuc -->
