<?xml version="1.0" encoding="UTF-8"?>
<!-- Generated by org.testng.reporters.JUnitReportReporter -->
<testsuite hostname="ducvhpc01395" failures="0" tests="3" name="com.wolvesres.ducvh.voucher.VoucherQuanMinusTestFail" time="0.017" errors="0" timestamp="2022-04-12T16:18:43 ICT" skipped="0">
  <testcase classname="com.wolvesres.ducvh.voucher.VoucherQuanMinusTestFail" name="f" time="0.015"/>
  <system-out/>
  <testcase classname="com.wolvesres.ducvh.voucher.VoucherQuanMinusTestFail" name="f" time="0.001"/>
  <system-out/>
  <testcase classname="com.wolvesres.ducvh.voucher.VoucherQuanMinusTestFail" name="f" time="0.001"/>
  <system-out/>
</testsuite> <!-- com.wolvesres.ducvh.voucher.VoucherQuanMinusTestFail -->
