<?xml version="1.0" encoding="UTF-8"?>
<!-- Generated by org.testng.reporters.JUnitReportReporter -->
<testsuite hostname="DESKTOP-KLPCFEN" failures="0" tests="1" name="com.wolvesres.quanghn.hoadon.TestAutoMaHoaDon" time="0.035" errors="0" timestamp="2022-04-14T22:59:40 ICT" skipped="0">
  <testcase classname="com.wolvesres.quanghn.hoadon.TestAutoMaHoaDon" name="testAutoGenerateIdProduct" time="0.035"/>
  <system-out/>
</testsuite> <!-- com.wolvesres.quanghn.hoadon.TestAutoMaHoaDon -->
