<?xml version="1.0" encoding="UTF-8"?>
<!-- Generated by org.testng.reporters.JUnitReportReporter -->
<testsuite hostname="DESKTOP-KLPCFEN" failures="0" tests="11" name="com.wolvesres.haotn.sanpham.TestValidProductPrice" time="0.038" errors="0" timestamp="2022-04-15T13:46:07 ICT" skipped="0">
  <testcase classname="com.wolvesres.haotn.sanpham.TestValidProductPrice" name="testProductPriceNegativeFail" time="0.001"/>
  <system-out/>
  <testcase classname="com.wolvesres.haotn.sanpham.TestValidProductPrice" name="testProductPriceNegativeFail" time="0.001"/>
  <system-out/>
  <testcase classname="com.wolvesres.haotn.sanpham.TestValidProductPrice" name="testProductPriceEmptyFail" time="0.003"/>
  <system-out/>
  <testcase classname="com.wolvesres.haotn.sanpham.TestValidProductPrice" name="testProductPriceNegativeFail" time="0.001"/>
  <system-out/>
  <testcase classname="com.wolvesres.haotn.sanpham.TestValidProductPrice" name="testProductPriceNegativeFail" time="0.001"/>
  <system-out/>
  <testcase classname="com.wolvesres.haotn.sanpham.TestValidProductPrice" name="testProductPriceNegativeFail" time="0.003"/>
  <system-out/>
  <testcase classname="com.wolvesres.haotn.sanpham.TestValidProductPrice" name="testProductPriceEmptyFail" time="0.002"/>
  <system-out/>
  <testcase classname="com.wolvesres.haotn.sanpham.TestValidProductPrice" name="testProductPriceNegativeFail" time="0.002"/>
  <system-out/>
  <testcase classname="com.wolvesres.haotn.sanpham.TestValidProductPrice" name="testProductPriceNegativeFail" time="0.003"/>
  <system-out/>
  <testcase classname="com.wolvesres.haotn.sanpham.TestValidProductPrice" name="testProductPriceEmptyFail" time="0.020"/>
  <system-out/>
  <testcase classname="com.wolvesres.haotn.sanpham.TestValidProductPrice" name="testProductPriceNegativeFail" time="0.001"/>
  <system-out/>
</testsuite> <!-- com.wolvesres.haotn.sanpham.TestValidProductPrice -->
