<?xml version="1.0" encoding="UTF-8"?>
<!-- Generated by org.testng.reporters.JUnitReportReporter -->
<testsuite hostname="DESKTOP-KLPCFEN" failures="0" tests="100" name="com.wolvesres.haotn.nhanvien.TestValidFullname" time="0.066" errors="0" timestamp="2022-04-11T14:33:18 ICT" skipped="0">
  <testcase classname="com.wolvesres.haotn.nhanvien.TestValidFullname" name="testValidFullnameSuccess" time="0.000"/>
  <system-out/>
  <testcase classname="com.wolvesres.haotn.nhanvien.TestValidFullname" name="testValidFullnameSuccess" time="0.000"/>
  <system-out/>
  <testcase classname="com.wolvesres.haotn.nhanvien.TestValidFullname" name="testValidFullnameSuccess" time="0.000"/>
  <system-out/>
  <testcase classname="com.wolvesres.haotn.nhanvien.TestValidFullname" name="testValidFullnameSuccess" time="0.001"/>
  <system-out/>
  <testcase classname="com.wolvesres.haotn.nhanvien.TestValidFullname" name="testValidFullnameSuccess" time="0.001"/>
  <system-out/>
  <testcase classname="com.wolvesres.haotn.nhanvien.TestValidFullname" name="testValidFullnameSuccess" time="0.001"/>
  <system-out/>
  <testcase classname="com.wolvesres.haotn.nhanvien.TestValidFullname" name="testValidFullnameSuccess" time="0.001"/>
  <system-out/>
  <testcase classname="com.wolvesres.haotn.nhanvien.TestValidFullname" name="testValidFullnameSuccess" time="0.001"/>
  <system-out/>
  <testcase classname="com.wolvesres.haotn.nhanvien.TestValidFullname" name="testValidFullnameSuccess" time="0.001"/>
  <system-out/>
  <testcase classname="com.wolvesres.haotn.nhanvien.TestValidFullname" name="testValidFullnameSuccess" time="0.001"/>
  <system-out/>
  <testcase classname="com.wolvesres.haotn.nhanvien.TestValidFullname" name="testValidFullnameSuccess" time="0.001"/>
  <system-out/>
  <testcase classname="com.wolvesres.haotn.nhanvien.TestValidFullname" name="testValidFullnameSuccess" time="0.001"/>
  <system-out/>
  <testcase classname="com.wolvesres.haotn.nhanvien.TestValidFullname" name="testValidFullnameSuccess" time="0.001"/>
  <system-out/>
  <testcase classname="com.wolvesres.haotn.nhanvien.TestValidFullname" name="testValidFullnameSuccess" time="0.000"/>
  <system-out/>
  <testcase classname="com.wolvesres.haotn.nhanvien.TestValidFullname" name="testValidFullnameSuccess" time="0.001"/>
  <system-out/>
  <testcase classname="com.wolvesres.haotn.nhanvien.TestValidFullname" name="testValidFullnameSuccess" time="0.001"/>
  <system-out/>
  <testcase classname="com.wolvesres.haotn.nhanvien.TestValidFullname" name="testValidFullnameSuccess" time="0.006"/>
  <system-out/>
  <testcase classname="com.wolvesres.haotn.nhanvien.TestValidFullname" name="testValidFullnameSuccess" time="0.000"/>
  <system-out/>
  <testcase classname="com.wolvesres.haotn.nhanvien.TestValidFullname" name="testValidFullnameSuccess" time="0.001"/>
  <system-out/>
  <testcase classname="com.wolvesres.haotn.nhanvien.TestValidFullname" name="testValidFullnameSuccess" time="0.000"/>
  <system-out/>
  <testcase classname="com.wolvesres.haotn.nhanvien.TestValidFullname" name="testValidFullnameSuccess" time="0.000"/>
  <system-out/>
  <testcase classname="com.wolvesres.haotn.nhanvien.TestValidFullname" name="testValidFullnameSuccess" time="0.000"/>
  <system-out/>
  <testcase classname="com.wolvesres.haotn.nhanvien.TestValidFullname" name="testValidFullnameSuccess" time="0.001"/>
  <system-out/>
  <testcase classname="com.wolvesres.haotn.nhanvien.TestValidFullname" name="testValidFullnameSuccess" time="0.000"/>
  <system-out/>
  <testcase classname="com.wolvesres.haotn.nhanvien.TestValidFullname" name="testValidFullnameSuccess" time="0.002"/>
  <system-out/>
  <testcase classname="com.wolvesres.haotn.nhanvien.TestValidFullname" name="testValidFullnameSuccess" time="0.000"/>
  <system-out/>
  <testcase classname="com.wolvesres.haotn.nhanvien.TestValidFullname" name="testValidFullnameSuccess" time="0.000"/>
  <system-out/>
  <testcase classname="com.wolvesres.haotn.nhanvien.TestValidFullname" name="testValidFullnameSuccess" time="0.001"/>
  <system-out/>
  <testcase classname="com.wolvesres.haotn.nhanvien.TestValidFullname" name="testValidFullnameSuccess" time="0.001"/>
  <system-out/>
  <testcase classname="com.wolvesres.haotn.nhanvien.TestValidFullname" name="testValidFullnameSuccess" time="0.000"/>
  <system-out/>
  <testcase classname="com.wolvesres.haotn.nhanvien.TestValidFullname" name="testValidFullnameSuccess" time="0.000"/>
  <system-out/>
  <testcase classname="com.wolvesres.haotn.nhanvien.TestValidFullname" name="testValidFullnameSuccess" time="0.001"/>
  <system-out/>
  <testcase classname="com.wolvesres.haotn.nhanvien.TestValidFullname" name="testValidFullnameSuccess" time="0.000"/>
  <system-out/>
  <testcase classname="com.wolvesres.haotn.nhanvien.TestValidFullname" name="testValidFullnameSuccess" time="0.000"/>
  <system-out/>
  <testcase classname="com.wolvesres.haotn.nhanvien.TestValidFullname" name="testValidFullnameSuccess" time="0.002"/>
  <system-out/>
  <testcase classname="com.wolvesres.haotn.nhanvien.TestValidFullname" name="testValidFullnameSuccess" time="0.000"/>
  <system-out/>
  <testcase classname="com.wolvesres.haotn.nhanvien.TestValidFullname" name="testValidFullnameSuccess" time="0.000"/>
  <system-out/>
  <testcase classname="com.wolvesres.haotn.nhanvien.TestValidFullname" name="testValidFullnameSuccess" time="0.000"/>
  <system-out/>
  <testcase classname="com.wolvesres.haotn.nhanvien.TestValidFullname" name="testValidFullnameSuccess" time="0.001"/>
  <system-out/>
  <testcase classname="com.wolvesres.haotn.nhanvien.TestValidFullname" name="testValidFullnameSuccess" time="0.001"/>
  <system-out/>
  <testcase classname="com.wolvesres.haotn.nhanvien.TestValidFullname" name="testValidFullnameSuccess" time="0.000"/>
  <system-out/>
  <testcase classname="com.wolvesres.haotn.nhanvien.TestValidFullname" name="testValidFullnameSuccess" time="0.001"/>
  <system-out/>
  <testcase classname="com.wolvesres.haotn.nhanvien.TestValidFullname" name="testValidFullnameSuccess" time="0.000"/>
  <system-out/>
  <testcase classname="com.wolvesres.haotn.nhanvien.TestValidFullname" name="testValidFullnameSuccess" time="0.000"/>
  <system-out/>
  <testcase classname="com.wolvesres.haotn.nhanvien.TestValidFullname" name="testValidFullnameSuccess" time="0.001"/>
  <system-out/>
  <testcase classname="com.wolvesres.haotn.nhanvien.TestValidFullname" name="testValidFullnameSuccess" time="0.001"/>
  <system-out/>
  <testcase classname="com.wolvesres.haotn.nhanvien.TestValidFullname" name="testValidFullnameSuccess" time="0.000"/>
  <system-out/>
  <testcase classname="com.wolvesres.haotn.nhanvien.TestValidFullname" name="testValidFullnameSuccess" time="0.001"/>
  <system-out/>
  <testcase classname="com.wolvesres.haotn.nhanvien.TestValidFullname" name="testValidFullnameSuccess" time="0.000"/>
  <system-out/>
  <testcase classname="com.wolvesres.haotn.nhanvien.TestValidFullname" name="testValidFullnameSuccess" time="0.001"/>
  <system-out/>
  <testcase classname="com.wolvesres.haotn.nhanvien.TestValidFullname" name="testValidFullnameSuccess" time="0.001"/>
  <system-out/>
  <testcase classname="com.wolvesres.haotn.nhanvien.TestValidFullname" name="testValidFullnameSuccess" time="0.001"/>
  <system-out/>
  <testcase classname="com.wolvesres.haotn.nhanvien.TestValidFullname" name="testValidFullnameSuccess" time="0.001"/>
  <system-out/>
  <testcase classname="com.wolvesres.haotn.nhanvien.TestValidFullname" name="testValidFullnameSuccess" time="0.001"/>
  <system-out/>
  <testcase classname="com.wolvesres.haotn.nhanvien.TestValidFullname" name="testValidFullnameSuccess" time="0.001"/>
  <system-out/>
  <testcase classname="com.wolvesres.haotn.nhanvien.TestValidFullname" name="testValidFullnameSuccess" time="0.000"/>
  <system-out/>
  <testcase classname="com.wolvesres.haotn.nhanvien.TestValidFullname" name="testValidFullnameSuccess" time="0.000"/>
  <system-out/>
  <testcase classname="com.wolvesres.haotn.nhanvien.TestValidFullname" name="testValidFullnameSuccess" time="0.001"/>
  <system-out/>
  <testcase classname="com.wolvesres.haotn.nhanvien.TestValidFullname" name="testValidFullnameSuccess" time="0.001"/>
  <system-out/>
  <testcase classname="com.wolvesres.haotn.nhanvien.TestValidFullname" name="testValidFullnameSuccess" time="0.001"/>
  <system-out/>
  <testcase classname="com.wolvesres.haotn.nhanvien.TestValidFullname" name="testValidFullnameSuccess" time="0.001"/>
  <system-out/>
  <testcase classname="com.wolvesres.haotn.nhanvien.TestValidFullname" name="testValidFullnameSuccess" time="0.001"/>
  <system-out/>
  <testcase classname="com.wolvesres.haotn.nhanvien.TestValidFullname" name="testValidFullnameSuccess" time="0.001"/>
  <system-out/>
  <testcase classname="com.wolvesres.haotn.nhanvien.TestValidFullname" name="testValidFullnameSuccess" time="0.001"/>
  <system-out/>
  <testcase classname="com.wolvesres.haotn.nhanvien.TestValidFullname" name="testValidFullnameSuccess" time="0.000"/>
  <system-out/>
  <testcase classname="com.wolvesres.haotn.nhanvien.TestValidFullname" name="testValidFullnameSuccess" time="0.001"/>
  <system-out/>
  <testcase classname="com.wolvesres.haotn.nhanvien.TestValidFullname" name="testValidFullnameSuccess" time="0.000"/>
  <system-out/>
  <testcase classname="com.wolvesres.haotn.nhanvien.TestValidFullname" name="testValidFullnameSuccess" time="0.000"/>
  <system-out/>
  <testcase classname="com.wolvesres.haotn.nhanvien.TestValidFullname" name="testValidFullnameSuccess" time="0.000"/>
  <system-out/>
  <testcase classname="com.wolvesres.haotn.nhanvien.TestValidFullname" name="testValidFullnameSuccess" time="0.000"/>
  <system-out/>
  <testcase classname="com.wolvesres.haotn.nhanvien.TestValidFullname" name="testValidFullnameSuccess" time="0.001"/>
  <system-out/>
  <testcase classname="com.wolvesres.haotn.nhanvien.TestValidFullname" name="testValidFullnameSuccess" time="0.001"/>
  <system-out/>
  <testcase classname="com.wolvesres.haotn.nhanvien.TestValidFullname" name="testValidFullnameSuccess" time="0.000"/>
  <system-out/>
  <testcase classname="com.wolvesres.haotn.nhanvien.TestValidFullname" name="testValidFullnameSuccess" time="0.000"/>
  <system-out/>
  <testcase classname="com.wolvesres.haotn.nhanvien.TestValidFullname" name="testValidFullnameSuccess" time="0.000"/>
  <system-out/>
  <testcase classname="com.wolvesres.haotn.nhanvien.TestValidFullname" name="testValidFullnameSuccess" time="0.007"/>
  <system-out/>
  <testcase classname="com.wolvesres.haotn.nhanvien.TestValidFullname" name="testValidFullnameSuccess" time="0.000"/>
  <system-out/>
  <testcase classname="com.wolvesres.haotn.nhanvien.TestValidFullname" name="testValidFullnameSuccess" time="0.001"/>
  <system-out/>
  <testcase classname="com.wolvesres.haotn.nhanvien.TestValidFullname" name="testValidFullnameSuccess" time="0.000"/>
  <system-out/>
  <testcase classname="com.wolvesres.haotn.nhanvien.TestValidFullname" name="testValidFullnameSuccess" time="0.000"/>
  <system-out/>
  <testcase classname="com.wolvesres.haotn.nhanvien.TestValidFullname" name="testValidFullnameSuccess" time="0.001"/>
  <system-out/>
  <testcase classname="com.wolvesres.haotn.nhanvien.TestValidFullname" name="testValidFullnameSuccess" time="0.001"/>
  <system-out/>
  <testcase classname="com.wolvesres.haotn.nhanvien.TestValidFullname" name="testValidFullnameSuccess" time="0.001"/>
  <system-out/>
  <testcase classname="com.wolvesres.haotn.nhanvien.TestValidFullname" name="testValidFullnameSuccess" time="0.000"/>
  <system-out/>
  <testcase classname="com.wolvesres.haotn.nhanvien.TestValidFullname" name="testValidFullnameSuccess" time="0.000"/>
  <system-out/>
  <testcase classname="com.wolvesres.haotn.nhanvien.TestValidFullname" name="testValidFullnameSuccess" time="0.001"/>
  <system-out/>
  <testcase classname="com.wolvesres.haotn.nhanvien.TestValidFullname" name="testValidFullnameSuccess" time="0.000"/>
  <system-out/>
  <testcase classname="com.wolvesres.haotn.nhanvien.TestValidFullname" name="testValidFullnameSuccess" time="0.001"/>
  <system-out/>
  <testcase classname="com.wolvesres.haotn.nhanvien.TestValidFullname" name="testValidFullnameSuccess" time="0.000"/>
  <system-out/>
  <testcase classname="com.wolvesres.haotn.nhanvien.TestValidFullname" name="testValidFullnameSuccess" time="0.000"/>
  <system-out/>
  <testcase classname="com.wolvesres.haotn.nhanvien.TestValidFullname" name="testValidFullnameSuccess" time="0.000"/>
  <system-out/>
  <testcase classname="com.wolvesres.haotn.nhanvien.TestValidFullname" name="testValidFullnameSuccess" time="0.000"/>
  <system-out/>
  <testcase classname="com.wolvesres.haotn.nhanvien.TestValidFullname" name="testValidFullnameSuccess" time="0.001"/>
  <system-out/>
  <testcase classname="com.wolvesres.haotn.nhanvien.TestValidFullname" name="testValidFullnameSuccess" time="0.000"/>
  <system-out/>
  <testcase classname="com.wolvesres.haotn.nhanvien.TestValidFullname" name="testValidFullnameSuccess" time="0.000"/>
  <system-out/>
  <testcase classname="com.wolvesres.haotn.nhanvien.TestValidFullname" name="testValidFullnameSuccess" time="0.001"/>
  <system-out/>
  <testcase classname="com.wolvesres.haotn.nhanvien.TestValidFullname" name="testValidFullnameSuccess" time="0.000"/>
  <system-out/>
  <testcase classname="com.wolvesres.haotn.nhanvien.TestValidFullname" name="testValidFullnameSuccess" time="0.001"/>
  <system-out/>
  <testcase classname="com.wolvesres.haotn.nhanvien.TestValidFullname" name="testValidFullnameSuccess" time="0.001"/>
  <system-out/>
  <testcase classname="com.wolvesres.haotn.nhanvien.TestValidFullname" name="testValidFullnameSuccess" time="0.000"/>
  <system-out/>
</testsuite> <!-- com.wolvesres.haotn.nhanvien.TestValidFullname -->
