<?xml version="1.0" encoding="UTF-8"?>
<!-- Generated by org.testng.reporters.JUnitReportReporter -->
<testsuite hostname="ducvhpc01395" failures="0" tests="7" name="com.wolvesres.ducvh.sanpham.TestSanPham" time="0.218" errors="0" timestamp="2022-04-22T02:30:47 ICT" skipped="0">
  <testcase classname="com.wolvesres.ducvh.sanpham.TestSanPham" name="ThemSP" time="0.030"/>
  <system-out/>
  <testcase classname="com.wolvesres.ducvh.sanpham.TestSanPham" name="ThemSP" time="0.036"/>
  <system-out/>
  <testcase classname="com.wolvesres.ducvh.sanpham.TestSanPham" name="ThemSP" time="0.046"/>
  <system-out/>
  <testcase classname="com.wolvesres.ducvh.sanpham.TestSanPham" name="CapNhatSP" time="0.041"/>
  <system-out/>
  <testcase classname="com.wolvesres.ducvh.sanpham.TestSanPham" name="CapNhatSP" time="0.032"/>
  <system-out/>
  <testcase classname="com.wolvesres.ducvh.sanpham.TestSanPham" name="TimKiemSP" time="0.016"/>
  <system-out/>
  <testcase classname="com.wolvesres.ducvh.sanpham.TestSanPham" name="TimKiemSP" time="0.017"/>
  <system-out/>
</testsuite> <!-- com.wolvesres.ducvh.sanpham.TestSanPham -->
