<?xml version="1.0" encoding="UTF-8"?>
<!-- Generated by org.testng.reporters.JUnitReportReporter -->
<testsuite hostname="DESKTOP-KLPCFEN" failures="0" tests="5" name="com.wolvesres.haotn.nhanvien.TestValidIdNational" time="0.180" errors="0" timestamp="2022-04-15T13:46:07 ICT" skipped="0">
  <testcase classname="com.wolvesres.haotn.nhanvien.TestValidIdNational" name="testIdNationalFail" time="0.030"/>
  <system-out/>
  <testcase classname="com.wolvesres.haotn.nhanvien.TestValidIdNational" name="testIdNationalFail" time="0.036"/>
  <system-out/>
  <testcase classname="com.wolvesres.haotn.nhanvien.TestValidIdNational" name="testIdNationalFail" time="0.042"/>
  <system-out/>
  <testcase classname="com.wolvesres.haotn.nhanvien.TestValidIdNational" name="testIdNationalFail" time="0.033"/>
  <system-out/>
  <testcase classname="com.wolvesres.haotn.nhanvien.TestValidIdNational" name="testIdNationalFail" time="0.039"/>
  <system-out/>
</testsuite> <!-- com.wolvesres.haotn.nhanvien.TestValidIdNational -->
