<?xml version="1.0" encoding="UTF-8"?>
<!-- Generated by org.testng.reporters.JUnitReportReporter -->
<testsuite hostname="DESKTOP-KLPCFEN" failures="0" tests="8" name="com.wolvesres.haotn.voucher.TestVoucherCode" time="0.016" errors="0" timestamp="2022-04-13T15:38:43 ICT" skipped="0">
  <testcase classname="com.wolvesres.haotn.voucher.TestVoucherCode" name="testVoucherCodeLength" time="0.000"/>
  <system-out/>
  <testcase classname="com.wolvesres.haotn.voucher.TestVoucherCode" name="testVoucherCodeEmpty" time="0.010"/>
  <system-out/>
  <testcase classname="com.wolvesres.haotn.voucher.TestVoucherCode" name="testVoucherCodeLength" time="0.001"/>
  <system-out/>
  <testcase classname="com.wolvesres.haotn.voucher.TestVoucherCode" name="testVoucherCodeLength" time="0.001"/>
  <system-out/>
  <testcase classname="com.wolvesres.haotn.voucher.TestVoucherCode" name="testVoucherCodeEmpty" time="0.001"/>
  <system-out/>
  <testcase classname="com.wolvesres.haotn.voucher.TestVoucherCode" name="testVoucherCodeLength" time="0.000"/>
  <system-out/>
  <testcase classname="com.wolvesres.haotn.voucher.TestVoucherCode" name="testVoucherCodeLength" time="0.002"/>
  <system-out/>
  <testcase classname="com.wolvesres.haotn.voucher.TestVoucherCode" name="testVoucherCodeEmpty" time="0.001"/>
  <system-out/>
</testsuite> <!-- com.wolvesres.haotn.voucher.TestVoucherCode -->
