<?xml version="1.0" encoding="UTF-8"?>
<!-- Generated by org.testng.reporters.JUnitReportReporter -->
<<<<<<< HEAD
<testsuite hostname="DESKTOP-KLPCFEN" failures="0" tests="5" name="com.wolvesres.quanghn.nhanvien.TestValidEmail" time="0.001" errors="0" timestamp="2022-04-14T22:59:40 ICT" skipped="0">
  <testcase classname="com.wolvesres.quanghn.nhanvien.TestValidEmail" name="testValidEmailSuccess" time="0.000"/>
  <system-out/>
  <testcase classname="com.wolvesres.quanghn.nhanvien.TestValidEmail" name="testValidEmailSuccess" time="0.000"/>
=======
<testsuite hostname="DESKTOP-MI32UU7" failures="0" tests="5" name="com.wolvesres.quanghn.nhanvien.TestValidEmail" time="0.013" errors="0" timestamp="2022-04-15T11:44:02 ICT" skipped="0">
  <testcase classname="com.wolvesres.quanghn.nhanvien.TestValidEmail" name="testValidEmailSuccess" time="0.000"/>
  <system-out/>
  <testcase classname="com.wolvesres.quanghn.nhanvien.TestValidEmail" name="testValidEmailSuccess" time="0.009"/>
  <system-out/>
  <testcase classname="com.wolvesres.quanghn.nhanvien.TestValidEmail" name="testValidEmailSuccess" time="0.001"/>
>>>>>>> b40ccb8f85c39a0a68cdc8e3d9de13756902c8ef
  <system-out/>
  <testcase classname="com.wolvesres.quanghn.nhanvien.TestValidEmail" name="testValidEmailSuccess" time="0.000"/>
  <system-out/>
  <testcase classname="com.wolvesres.quanghn.nhanvien.TestValidEmail" name="testValidEmailSuccess" time="0.000"/>
  <system-out/>
</testsuite> <!-- com.wolvesres.quanghn.nhanvien.TestValidEmail -->
