<?xml version="1.0" encoding="UTF-8"?>
<!-- Generated by org.testng.reporters.JUnitReportReporter -->
<testsuite hostname="Nguyen-Van-Nhut-Truong" failures="0" tests="33" name="com.wolvesres.truongnvn.nhanvien.TestisValidCCCD" time="0.039" errors="0" timestamp="2022-04-11T22:29:23 ICT" skipped="0">
  <testcase classname="com.wolvesres.truongnvn.nhanvien.TestisValidCCCD" name="testValidCCCD" time="0.000"/>
  <system-out/>
  <testcase classname="com.wolvesres.truongnvn.nhanvien.TestisValidCCCD" name="testValidCCCD" time="0.001"/>
  <system-out/>
  <testcase classname="com.wolvesres.truongnvn.nhanvien.TestisValidCCCD" name="testValidCCCD" time="0.001"/>
  <system-out/>
  <testcase classname="com.wolvesres.truongnvn.nhanvien.TestisValidCCCD" name="testValidCCCD" time="0.008"/>
  <system-out/>
  <testcase classname="com.wolvesres.truongnvn.nhanvien.TestisValidCCCD" name="testValidCCCD" time="0.000"/>
  <system-out/>
  <testcase classname="com.wolvesres.truongnvn.nhanvien.TestisValidCCCD" name="testValidCCCD" time="0.001"/>
  <system-out/>
  <testcase classname="com.wolvesres.truongnvn.nhanvien.TestisValidCCCD" name="testValidCCCD" time="0.001"/>
  <system-out/>
  <testcase classname="com.wolvesres.truongnvn.nhanvien.TestisValidCCCD" name="testValidCCCD" time="0.002"/>
  <system-out/>
  <testcase classname="com.wolvesres.truongnvn.nhanvien.TestisValidCCCD" name="testValidCCCD" time="0.001"/>
  <system-out/>
  <testcase classname="com.wolvesres.truongnvn.nhanvien.TestisValidCCCD" name="testValidCCCD" time="0.001"/>
  <system-out/>
  <testcase classname="com.wolvesres.truongnvn.nhanvien.TestisValidCCCD" name="testValidCCCD" time="0.001"/>
  <system-out/>
  <testcase classname="com.wolvesres.truongnvn.nhanvien.TestisValidCCCD" name="testValidCCCD" time="0.001"/>
  <system-out/>
  <testcase classname="com.wolvesres.truongnvn.nhanvien.TestisValidCCCD" name="testValidCCCD" time="0.001"/>
  <system-out/>
  <testcase classname="com.wolvesres.truongnvn.nhanvien.TestisValidCCCD" name="testValidCCCD" time="0.001"/>
  <system-out/>
  <testcase classname="com.wolvesres.truongnvn.nhanvien.TestisValidCCCD" name="testValidCCCD" time="0.001"/>
  <system-out/>
  <testcase classname="com.wolvesres.truongnvn.nhanvien.TestisValidCCCD" name="testValidCCCD" time="0.002"/>
  <system-out/>
  <testcase classname="com.wolvesres.truongnvn.nhanvien.TestisValidCCCD" name="testValidCCCD" time="0.000"/>
  <system-out/>
  <testcase classname="com.wolvesres.truongnvn.nhanvien.TestisValidCCCD" name="testValidCCCD" time="0.001"/>
  <system-out/>
  <testcase classname="com.wolvesres.truongnvn.nhanvien.TestisValidCCCD" name="testValidCCCD" time="0.000"/>
  <system-out/>
  <testcase classname="com.wolvesres.truongnvn.nhanvien.TestisValidCCCD" name="testValidCCCD" time="0.001"/>
  <system-out/>
  <testcase classname="com.wolvesres.truongnvn.nhanvien.TestisValidCCCD" name="testValidCCCDDu" time="0.001"/>
  <system-out/>
  <testcase classname="com.wolvesres.truongnvn.nhanvien.TestisValidCCCD" name="testValidCCCDDu" time="0.001"/>
  <system-out/>
  <testcase classname="com.wolvesres.truongnvn.nhanvien.TestisValidCCCD" name="testValidCCCDDu" time="0.001"/>
  <system-out/>
  <testcase classname="com.wolvesres.truongnvn.nhanvien.TestisValidCCCD" name="testValidCCCDDu" time="0.001"/>
  <system-out/>
  <testcase classname="com.wolvesres.truongnvn.nhanvien.TestisValidCCCD" name="testValidCCCDDu" time="0.001"/>
  <system-out/>
  <testcase classname="com.wolvesres.truongnvn.nhanvien.TestisValidCCCD" name="testValidCCCDGioiTinhTheoNam" time="0.001"/>
  <system-out/>
  <testcase classname="com.wolvesres.truongnvn.nhanvien.TestisValidCCCD" name="testValidCCCDGioiTinhTheoNam" time="0.002"/>
  <system-out/>
  <testcase classname="com.wolvesres.truongnvn.nhanvien.TestisValidCCCD" name="testValidCCCDNamTheoTheKi" time="0.001"/>
  <system-out/>
  <testcase classname="com.wolvesres.truongnvn.nhanvien.TestisValidCCCD" name="testValidCCCDGioiTinhTheoNam" time="0.001"/>
  <system-out/>
  <testcase classname="com.wolvesres.truongnvn.nhanvien.TestisValidCCCD" name="testValidCCCDNamTheoTheKi" time="0.001"/>
  <system-out/>
  <testcase classname="com.wolvesres.truongnvn.nhanvien.TestisValidCCCD" name="testValidCCCDNamTheoTheKi" time="0.001"/>
  <system-out/>
  <testcase classname="com.wolvesres.truongnvn.nhanvien.TestisValidCCCD" name="testValidCCCDGioiTinhTheoNam" time="0.001"/>
  <system-out/>
  <testcase classname="com.wolvesres.truongnvn.nhanvien.TestisValidCCCD" name="testValidCCCDNamTheoTheKi" time="0.001"/>
  <system-out/>
</testsuite> <!-- com.wolvesres.truongnvn.nhanvien.TestisValidCCCD -->
