<?xml version="1.0" encoding="UTF-8"?>
<!-- Generated by org.testng.reporters.JUnitReportReporter -->
<testsuite hostname="DESKTOP-KLPCFEN" failures="0" tests="8" name="com.wolvesres.quanghn.banhang.TestValidNhapTien" time="0.022" errors="0" timestamp="2022-04-15T13:15:14 ICT" skipped="0">
  <testcase classname="com.wolvesres.quanghn.banhang.TestValidNhapTien" name="testValidNhapTienBoTrongFail" time="0.001"/>
  <system-out/>
  <testcase classname="com.wolvesres.quanghn.banhang.TestValidNhapTien" name="testValidNhapTienBoTrongFail" time="0.000"/>
  <system-out/>
  <testcase classname="com.wolvesres.quanghn.banhang.TestValidNhapTien" name="testValidNhapTienFail" time="0.001"/>
  <system-out/>
  <testcase classname="com.wolvesres.quanghn.banhang.TestValidNhapTien" name="testValidNhapTienFail" time="0.003"/>
  <system-out/>
  <testcase classname="com.wolvesres.quanghn.banhang.TestValidNhapTien" name="testValidNhapTienFail" time="0.002"/>
  <system-out/>
  <testcase classname="com.wolvesres.quanghn.banhang.TestValidNhapTien" name="testValidNhapTienBoTrongFail" time="0.012"/>
  <system-out/>
  <testcase classname="com.wolvesres.quanghn.banhang.TestValidNhapTien" name="testValidNhapTienFail" time="0.002"/>
  <system-out/>
  <testcase classname="com.wolvesres.quanghn.banhang.TestValidNhapTien" name="testValidNhapTienFail" time="0.001"/>
  <system-out/>
</testsuite> <!-- com.wolvesres.quanghn.banhang.TestValidNhapTien -->
