<?xml version="1.0" encoding="UTF-8"?>
<!-- Generated by org.testng.reporters.JUnitReportReporter -->
<testsuite hostname="DESKTOP-MI32UU7" failures="0" tests="5" name="com.wolvesres.quanghn.nhanvien.TestValidCCCD" time="0.013" errors="0" timestamp="2022-04-13T13:29:29 ICT" skipped="0">
  <testcase classname="com.wolvesres.quanghn.nhanvien.TestValidCCCD" name="testValidCCCDMaTinhFail" time="0.001"/>
  <system-out/>
  <testcase classname="com.wolvesres.quanghn.nhanvien.TestValidCCCD" name="testValidCCCDMaTinhFail" time="0.001"/>
  <system-out/>
  <testcase classname="com.wolvesres.quanghn.nhanvien.TestValidCCCD" name="testValidCCCDMaTinhFail" time="0.002"/>
  <system-out/>
  <testcase classname="com.wolvesres.quanghn.nhanvien.TestValidCCCD" name="testValidCCCDMaTinhFail" time="0.007"/>
  <system-out/>
  <testcase classname="com.wolvesres.quanghn.nhanvien.TestValidCCCD" name="testValidCCCDMaTinhFail" time="0.002"/>
  <system-out/>
</testsuite> <!-- com.wolvesres.quanghn.nhanvien.TestValidCCCD -->
