<?xml version="1.0" encoding="UTF-8"?>
<!-- Generated by org.testng.reporters.JUnitReportReporter -->
<testsuite hostname="DESKTOP-KLPCFEN" failures="0" tests="1" name="com.wolvesres.truongnvn.nhanvien.TestAddNV" time="3.790" errors="0" timestamp="2022-04-14T22:59:39 ICT" skipped="0">
  <testcase classname="com.wolvesres.truongnvn.nhanvien.TestAddNV" name="testThemNhanVien" time="3.790"/>
  <system-out/>
</testsuite> <!-- com.wolvesres.truongnvn.nhanvien.TestAddNV -->
