<?xml version="1.0" encoding="UTF-8"?>
<!-- Generated by org.testng.reporters.JUnitReportReporter -->
<<<<<<< HEAD
<testsuite hostname="DESKTOP-KLPCFEN" failures="0" tests="3" name="com.wolvesres.ducvh.kho.StockPriceImportMinusTestFail" time="0.002" errors="0" timestamp="2022-04-14T22:59:39 ICT" skipped="0">
  <testcase classname="com.wolvesres.ducvh.kho.StockPriceImportMinusTestFail" name="f" time="0.000"/>
=======
<testsuite hostname="ducvhpc01395" failures="0" tests="4" name="com.wolvesres.ducvh.kho.StockPriceImportMinusTestFail" time="0.005" errors="0" timestamp="2022-04-15T02:58:17 ICT" skipped="0">
  <testcase classname="com.wolvesres.ducvh.kho.StockPriceImportMinusTestFail" name="f" time="0.001"/>
  <system-out/>
  <testcase classname="com.wolvesres.ducvh.kho.StockPriceImportMinusTestFail" name="f" time="0.002"/>
>>>>>>> 77d50fb4162fe7b153232f88c687aa6bdb020a1a
  <system-out/>
  <testcase classname="com.wolvesres.ducvh.kho.StockPriceImportMinusTestFail" name="f" time="0.001"/>
  <system-out/>
  <testcase classname="com.wolvesres.ducvh.kho.StockPriceImportMinusTestFail" name="f" time="0.001"/>
  <system-out/>
</testsuite> <!-- com.wolvesres.ducvh.kho.StockPriceImportMinusTestFail -->
