<?xml version="1.0" encoding="UTF-8"?>
<!-- Generated by org.testng.reporters.JUnitReportReporter -->
<testsuite hostname="TRANTHANHHO" failures="0" tests="2" name="com.wolvesres.hott.voucher.TestVoucherStartDay" time="0.009" errors="0" timestamp="2022-04-12T00:11:24 ICT" skipped="0">
  <testcase classname="com.wolvesres.hott.voucher.TestVoucherStartDay" name="testVoucherStartDaySuccess" time="0.008"/>
  <system-out/>
  <testcase classname="com.wolvesres.hott.voucher.TestVoucherStartDay" name="testVoucherStartDaySuccess" time="0.001"/>
  <system-out/>
</testsuite> <!-- com.wolvesres.hott.voucher.TestVoucherStartDay -->
