<?xml version="1.0" encoding="UTF-8"?>
<!-- Generated by org.testng.reporters.JUnitReportReporter -->
<testsuite hostname="DESKTOP-KLPCFEN" failures="0" tests="6" name="com.wolvesres.haotn.sanpham.TestValidProductName" time="0.015" errors="0" timestamp="2022-04-11T20:11:27 ICT" skipped="0">
  <testcase classname="com.wolvesres.haotn.sanpham.TestValidProductName" name="testValidProductName" time="0.001"/>
  <system-out/>
  <testcase classname="com.wolvesres.haotn.sanpham.TestValidProductName" name="testValidProductName" time="0.001"/>
  <system-out/>
  <testcase classname="com.wolvesres.haotn.sanpham.TestValidProductName" name="testValidProductName" time="0.001"/>
  <system-out/>
  <testcase classname="com.wolvesres.haotn.sanpham.TestValidProductName" name="testValidProductName" time="0.009"/>
  <system-out/>
  <testcase classname="com.wolvesres.haotn.sanpham.TestValidProductName" name="testValidProductName" time="0.002"/>
  <system-out/>
  <testcase classname="com.wolvesres.haotn.sanpham.TestValidProductName" name="testValidProductName" time="0.001"/>
  <system-out/>
</testsuite> <!-- com.wolvesres.haotn.sanpham.TestValidProductName -->
