<?xml version="1.0" encoding="UTF-8"?>
<!-- Generated by org.testng.reporters.JUnitReportReporter -->
<testsuite hostname="ducvhpc01395" failures="0" tests="7" name="com.wolvesres.ducvh.matkhau.PasswordLengthTest" time="0.042" errors="0" timestamp="2022-04-12T09:23:24 ICT" skipped="0">
  <testcase classname="com.wolvesres.ducvh.matkhau.PasswordLengthTest" name="f" time="0.001"/>
  <system-out/>
  <testcase classname="com.wolvesres.ducvh.matkhau.PasswordLengthTest" name="f" time="0.002"/>
  <system-out/>
  <testcase classname="com.wolvesres.ducvh.matkhau.PasswordLengthTest" name="f" time="0.000"/>
  <system-out/>
  <testcase classname="com.wolvesres.ducvh.matkhau.PasswordLengthTest" name="f" time="0.002"/>
  <system-out/>
  <testcase classname="com.wolvesres.ducvh.matkhau.PasswordLengthTest" name="f" time="0.000"/>
  <system-out/>
  <testcase classname="com.wolvesres.ducvh.matkhau.PasswordLengthTest" name="f" time="0.036"/>
  <system-out/>
  <testcase classname="com.wolvesres.ducvh.matkhau.PasswordLengthTest" name="f" time="0.001"/>
  <system-out/>
</testsuite> <!-- com.wolvesres.ducvh.matkhau.PasswordLengthTest -->
