<?xml version="1.0" encoding="UTF-8"?>
<!-- Generated by org.testng.reporters.JUnitReportReporter -->
<testsuite hostname="TRANTHANHHO" failures="0" tests="2" name="com.wolvesres.hott.nhanvien.TestValidPhoneNumber" time="0.007" errors="0" timestamp="2022-04-11T21:12:57 ICT" skipped="0">
  <testcase classname="com.wolvesres.hott.nhanvien.TestValidPhoneNumber" name="testValidPhoneNumberFail" time="0.006"/>
  <system-out/>
  <testcase classname="com.wolvesres.hott.nhanvien.TestValidPhoneNumber" name="testValidPhoneNumberFail" time="0.001"/>
  <system-out/>
</testsuite> <!-- com.wolvesres.hott.nhanvien.TestValidPhoneNumber -->
