<?xml version="1.0" encoding="UTF-8"?>
<!-- Generated by org.testng.reporters.JUnitReportReporter -->
<testsuite hostname="ducvhpc01395" failures="0" tests="3" name="com.wolvesres.ducvh.hoadonchitiet.HoaDonChiTietTest" time="0.110" errors="0" timestamp="2022-04-22T00:42:21 ICT" skipped="0">
  <testcase classname="com.wolvesres.ducvh.hoadonchitiet.HoaDonChiTietTest" name="testThemHDCT" time="0.031"/>
  <system-out/>
  <testcase classname="com.wolvesres.ducvh.hoadonchitiet.HoaDonChiTietTest" name="testThemHDCT" time="0.036"/>
  <system-out/>
  <testcase classname="com.wolvesres.ducvh.hoadonchitiet.HoaDonChiTietTest" name="testThemHDCT" time="0.043"/>
  <system-out/>
</testsuite> <!-- com.wolvesres.ducvh.hoadonchitiet.HoaDonChiTietTest -->
