<?xml version="1.0" encoding="UTF-8"?>
<!-- Generated by org.testng.reporters.JUnitReportReporter -->
<testsuite hostname="ducvhpc01395" failures="0" tests="1" name="com.wolvesres.ducvh.donvitinh.CalcUnitDuplicateTestFail" time="0.856" errors="0" timestamp="2022-04-12T10:18:07 ICT" skipped="0">
  <testcase classname="com.wolvesres.ducvh.donvitinh.CalcUnitDuplicateTestFail" name="f" time="0.856"/>
  <system-out/>
</testsuite> <!-- com.wolvesres.ducvh.donvitinh.CalcUnitDuplicateTestFail -->
