<?xml version="1.0" encoding="UTF-8"?>
<!-- Generated by org.testng.reporters.JUnitReportReporter -->
<testsuite hostname="ducvhpc01395" failures="0" tests="8" name="com.wolvesres.ducvh.danhmuc.CategoryEmptyTestFail" time="0.006" errors="0" timestamp="2022-04-15T02:58:17 ICT" skipped="0">
  <testcase classname="com.wolvesres.ducvh.danhmuc.CategoryEmptyTestFail" name="f" time="0.001"/>
  <system-out/>
  <testcase classname="com.wolvesres.ducvh.danhmuc.CategoryEmptyTestFail" name="f" time="0.001"/>
  <system-out/>
  <testcase classname="com.wolvesres.ducvh.danhmuc.CategoryEmptyTestFail" name="f" time="0.000"/>
  <system-out/>
  <testcase classname="com.wolvesres.ducvh.danhmuc.CategoryEmptyTestFail" name="f" time="0.001"/>
  <system-out/>
  <testcase classname="com.wolvesres.ducvh.danhmuc.CategoryEmptyTestFail" name="f" time="0.001"/>
  <system-out/>
  <testcase classname="com.wolvesres.ducvh.danhmuc.CategoryEmptyTestFail" name="f" time="0.001"/>
  <system-out/>
  <testcase classname="com.wolvesres.ducvh.danhmuc.CategoryEmptyTestFail" name="f" time="0.000"/>
  <system-out/>
  <testcase classname="com.wolvesres.ducvh.danhmuc.CategoryEmptyTestFail" name="f" time="0.001"/>
  <system-out/>
</testsuite> <!-- com.wolvesres.ducvh.danhmuc.CategoryEmptyTestFail -->
