<?xml version="1.0" encoding="UTF-8"?>
<!-- Generated by org.testng.reporters.JUnitReportReporter -->
<testsuite hostname="TRANTHANHHO" failures="0" tests="1" name="com.wolvesres.hott.sanpham.TestAutoProductCategory" time="0.029" errors="0" timestamp="2022-04-11T21:52:19 ICT" skipped="0">
  <testcase classname="com.wolvesres.hott.sanpham.TestAutoProductCategory" name="testAutoGenerateIdProduct" time="0.029"/>
  <system-out/>
</testsuite> <!-- com.wolvesres.hott.sanpham.TestAutoProductCategory -->
