<?xml version="1.0" encoding="UTF-8"?>
<!-- Generated by org.testng.reporters.JUnitReportReporter -->
<testsuite hostname="DESKTOP-KLPCFEN" failures="0" tests="23" name="com.wolvesres.haotn.nhanvien.TestNhanVien" time="2.123" errors="0" timestamp="2022-04-22T01:08:40 ICT" skipped="0">
  <testcase classname="com.wolvesres.haotn.nhanvien.TestNhanVien" name="testThemNhanVien" time="0.096"/>
  <system-out/>
  <testcase classname="com.wolvesres.haotn.nhanvien.TestNhanVien" name="testThemNhanVien" time="0.087"/>
  <system-out/>
  <testcase classname="com.wolvesres.haotn.nhanvien.TestNhanVien" name="testThemNhanVien" time="0.502"/>
  <system-out/>
  <testcase classname="com.wolvesres.haotn.nhanvien.TestNhanVien" name="testThemNhanVien" time="0.105"/>
  <system-out/>
  <testcase classname="com.wolvesres.haotn.nhanvien.TestNhanVien" name="testThemNhanVien" time="0.062"/>
  <system-out/>
  <testcase classname="com.wolvesres.haotn.nhanvien.TestNhanVien" name="testThemNhanVien" time="0.105"/>
  <system-out/>
  <testcase classname="com.wolvesres.haotn.nhanvien.TestNhanVien" name="testThemNhanVien" time="0.099"/>
  <system-out/>
  <testcase classname="com.wolvesres.haotn.nhanvien.TestNhanVien" name="testThemNhanVien" time="0.082"/>
  <system-out/>
  <testcase classname="com.wolvesres.haotn.nhanvien.TestNhanVien" name="testThemNhanVien" time="0.061"/>
  <system-out/>
  <testcase classname="com.wolvesres.haotn.nhanvien.TestNhanVien" name="testThemNhanVien" time="0.147"/>
  <system-out/>
  <testcase classname="com.wolvesres.haotn.nhanvien.TestNhanVien" name="testThemNhanVien" time="0.091"/>
  <system-out/>
  <testcase classname="com.wolvesres.haotn.nhanvien.TestNhanVien" name="testThemNhanVien" time="0.095"/>
  <system-out/>
  <testcase classname="com.wolvesres.haotn.nhanvien.TestNhanVien" name="testCapNhatNhanVien" time="0.059"/>
  <system-out/>
  <testcase classname="com.wolvesres.haotn.nhanvien.TestNhanVien" name="testCapNhatNhanVien" time="0.059"/>
  <system-out/>
  <testcase classname="com.wolvesres.haotn.nhanvien.TestNhanVien" name="testCapNhatNhanVien" time="0.050"/>
  <system-out/>
  <testcase classname="com.wolvesres.haotn.nhanvien.TestNhanVien" name="testCapNhatNhanVien" time="0.053"/>
  <system-out/>
  <testcase classname="com.wolvesres.haotn.nhanvien.TestNhanVien" name="testCapNhatNhanVien" time="0.061"/>
  <system-out/>
  <testcase classname="com.wolvesres.haotn.nhanvien.TestNhanVien" name="testDeleteNhanVien" time="0.074"/>
  <system-out/>
  <testcase classname="com.wolvesres.haotn.nhanvien.TestNhanVien" name="testDeleteNhanVien" time="0.074"/>
  <system-out/>
  <testcase classname="com.wolvesres.haotn.nhanvien.TestNhanVien" name="testDeleteNhanVien" time="0.075"/>
  <system-out/>
  <testcase classname="com.wolvesres.haotn.nhanvien.TestNhanVien" name="testTimKiemNhanVien" time="0.027"/>
  <system-out/>
  <testcase classname="com.wolvesres.haotn.nhanvien.TestNhanVien" name="testTimKiemNhanVien" time="0.029"/>
  <system-out/>
  <testcase classname="com.wolvesres.haotn.nhanvien.TestNhanVien" name="testTimKiemNhanVien" time="0.030"/>
  <system-out/>
</testsuite> <!-- com.wolvesres.haotn.nhanvien.TestNhanVien -->
