<?xml version="1.0" encoding="UTF-8"?>
<!-- Generated by org.testng.reporters.JUnitReportReporter -->
<testsuite hostname="DESKTOP-MI32UU7" failures="0" tests="3" name="com.wolvesres.quanghn.banhang.TestValidNhapTien" time="0.020" errors="0" timestamp="2022-04-15T13:05:44 ICT" skipped="0">
  <testcase classname="com.wolvesres.quanghn.banhang.TestValidNhapTien" name="testValidNhapTienBoTrongFail" time="0.017"/>
  <system-out/>
  <testcase classname="com.wolvesres.quanghn.banhang.TestValidNhapTien" name="testValidNhapTienBoTrongFail" time="0.002"/>
  <system-out/>
  <testcase classname="com.wolvesres.quanghn.banhang.TestValidNhapTien" name="testValidNhapTienBoTrongFail" time="0.001"/>
  <system-out/>
</testsuite> <!-- com.wolvesres.quanghn.banhang.TestValidNhapTien -->
