<?xml version="1.0" encoding="UTF-8"?>
<!-- Generated by org.testng.reporters.JUnitReportReporter -->
<testsuite hostname="DESKTOP-KLPCFEN" failures="0" tests="5" name="com.wolvesres.ducvh.donvitinh.CalcUnitDuplicateTestFail" time="0.316" errors="0" timestamp="2022-04-15T13:46:07 ICT" skipped="0">
  <testcase classname="com.wolvesres.ducvh.donvitinh.CalcUnitDuplicateTestFail" name="f" time="0.095"/>
  <system-out/>
  <testcase classname="com.wolvesres.ducvh.donvitinh.CalcUnitDuplicateTestFail" name="f" time="0.055"/>
  <system-out/>
  <testcase classname="com.wolvesres.ducvh.donvitinh.CalcUnitDuplicateTestFail" name="f" time="0.051"/>
  <system-out/>
  <testcase classname="com.wolvesres.ducvh.donvitinh.CalcUnitDuplicateTestFail" name="f" time="0.048"/>
  <system-out/>
  <testcase classname="com.wolvesres.ducvh.donvitinh.CalcUnitDuplicateTestFail" name="f" time="0.067"/>
  <system-out/>
</testsuite> <!-- com.wolvesres.ducvh.donvitinh.CalcUnitDuplicateTestFail -->
