<?xml version="1.0" encoding="UTF-8"?>
<!-- Generated by org.testng.reporters.JUnitReportReporter -->
<testsuite hostname="TRANTHANHHO" failures="0" tests="5" name="com.wolvesres.hott.voucher.TestVoucherCode" time="0.009" errors="0" timestamp="2022-04-14T14:46:32 ICT" skipped="0">
  <testcase classname="com.wolvesres.hott.voucher.TestVoucherCode" name="testVoucherCodeSuccess" time="0.005"/>
  <system-out/>
  <testcase classname="com.wolvesres.hott.voucher.TestVoucherCode" name="testVoucherCodeSuccess" time="0.001"/>
  <system-out/>
  <testcase classname="com.wolvesres.hott.voucher.TestVoucherCode" name="testVoucherCodeSuccess" time="0.001"/>
  <system-out/>
  <testcase classname="com.wolvesres.hott.voucher.TestVoucherCode" name="testVoucherCodeSuccess" time="0.001"/>
  <system-out/>
  <testcase classname="com.wolvesres.hott.voucher.TestVoucherCode" name="testVoucherCodeSuccess" time="0.001"/>
  <system-out/>
</testsuite> <!-- com.wolvesres.hott.voucher.TestVoucherCode -->
