<?xml version="1.0" encoding="UTF-8"?>
<!-- Generated by org.testng.reporters.JUnitReportReporter -->
<testsuite hostname="Nguyen-Van-Nhut-Truong" failures="0" tests="1" name="com.wolvesres.truongnvn.ban.TestCreateAutoIDBan" time="0.048" errors="0" timestamp="2022-04-11T23:17:04 ICT" skipped="0">
  <testcase classname="com.wolvesres.truongnvn.ban.TestCreateAutoIDBan" name="testAutoGenerateIdProduct" time="0.048"/>
  <system-out/>
</testsuite> <!-- com.wolvesres.truongnvn.ban.TestCreateAutoIDBan -->
