<?xml version="1.0" encoding="UTF-8"?>
<!-- Generated by org.testng.reporters.JUnitReportReporter -->
<testsuite hostname="TRANTHANHHO" failures="0" tests="6" name="com.wolvesres.hott.voucher.TestVoucherStartDay" time="0.013" errors="0" timestamp="2022-04-14T14:49:39 ICT" skipped="0">
  <testcase classname="com.wolvesres.hott.voucher.TestVoucherStartDay" name="testVoucherStartDaySuccess" time="0.000"/>
  <system-out/>
  <testcase classname="com.wolvesres.hott.voucher.TestVoucherStartDay" name="testVoucherStartDaySuccess" time="0.001"/>
  <system-out/>
  <testcase classname="com.wolvesres.hott.voucher.TestVoucherStartDay" name="testVoucherStartDaySuccess" time="0.001"/>
  <system-out/>
  <testcase classname="com.wolvesres.hott.voucher.TestVoucherStartDay" name="testVoucherStartDaySuccess" time="0.009"/>
  <system-out/>
  <testcase classname="com.wolvesres.hott.voucher.TestVoucherStartDay" name="testVoucherStartDaySuccess" time="0.001"/>
  <system-out/>
  <testcase classname="com.wolvesres.hott.voucher.TestVoucherStartDay" name="testVoucherStartDaySuccess" time="0.001"/>
  <system-out/>
</testsuite> <!-- com.wolvesres.hott.voucher.TestVoucherStartDay -->
