<?xml version="1.0" encoding="UTF-8"?>
<!-- Generated by org.testng.reporters.JUnitReportReporter -->
<testsuite hostname="DESKTOP-KLPCFEN" failures="0" tests="15" name="com.wolvesres.haotn.banorder_entity.TestBanOrder" time="1.124" errors="0" timestamp="2022-04-22T01:57:22 ICT" skipped="0">
  <testcase classname="com.wolvesres.haotn.banorder_entity.TestBanOrder" name="testThemBanOrder" time="0.051"/>
  <system-out/>
  <testcase classname="com.wolvesres.haotn.banorder_entity.TestBanOrder" name="testThemBanOrder" time="0.058"/>
  <system-out/>
  <testcase classname="com.wolvesres.haotn.banorder_entity.TestBanOrder" name="testThemBanOrder" time="0.046"/>
  <system-out/>
  <testcase classname="com.wolvesres.haotn.banorder_entity.TestBanOrder" name="testThemBanOrder" time="0.042"/>
  <system-out/>
  <testcase classname="com.wolvesres.haotn.banorder_entity.TestBanOrder" name="testThemBanOrder" time="0.427"/>
  <system-out/>
  <testcase classname="com.wolvesres.haotn.banorder_entity.TestBanOrder" name="testThemBanOrder" time="0.049"/>
  <system-out/>
  <testcase classname="com.wolvesres.haotn.banorder_entity.TestBanOrder" name="testThemBanOrder" time="0.060"/>
  <system-out/>
  <testcase classname="com.wolvesres.haotn.banorder_entity.TestBanOrder" name="testCapNhatBanOrder" time="0.050"/>
  <system-out/>
  <testcase classname="com.wolvesres.haotn.banorder_entity.TestBanOrder" name="testCapNhatBanOrder" time="0.056"/>
  <system-out/>
  <testcase classname="com.wolvesres.haotn.banorder_entity.TestBanOrder" name="testCapNhatBanOrder" time="0.046"/>
  <system-out/>
  <testcase classname="com.wolvesres.haotn.banorder_entity.TestBanOrder" name="testCapNhatBanOrder" time="0.054"/>
  <system-out/>
  <testcase classname="com.wolvesres.haotn.banorder_entity.TestBanOrder" name="testCapNhatBanOrder" time="0.054"/>
  <system-out/>
  <testcase classname="com.wolvesres.haotn.banorder_entity.TestBanOrder" name="testDeleteBanOrder" time="0.050"/>
  <system-out/>
  <testcase classname="com.wolvesres.haotn.banorder_entity.TestBanOrder" name="testDeleteBanOrder" time="0.038"/>
  <system-out/>
  <testcase classname="com.wolvesres.haotn.banorder_entity.TestBanOrder" name="testDeleteBanOrder" time="0.043"/>
  <system-out/>
</testsuite> <!-- com.wolvesres.haotn.banorder_entity.TestBanOrder -->
