<?xml version="1.0" encoding="UTF-8"?>
<!-- Generated by org.testng.reporters.JUnitReportReporter -->
<testsuite hostname="DESKTOP-KLPCFEN" failures="0" tests="11" name="com.wolvesres.haotn.sanpham.TestValidProductPrice" time="0.018" errors="0" timestamp="2022-04-13T15:14:41 ICT" skipped="0">
  <testcase classname="com.wolvesres.haotn.sanpham.TestValidProductPrice" name="testProductPriceNegative" time="0.001"/>
  <system-out/>
  <testcase classname="com.wolvesres.haotn.sanpham.TestValidProductPrice" name="testProductPriceNegative" time="0.001"/>
  <system-out/>
  <testcase classname="com.wolvesres.haotn.sanpham.TestValidProductPrice" name="testProductPriceEmpty" time="0.000"/>
  <system-out/>
  <testcase classname="com.wolvesres.haotn.sanpham.TestValidProductPrice" name="testProductPriceNegative" time="0.000"/>
  <system-out/>
  <testcase classname="com.wolvesres.haotn.sanpham.TestValidProductPrice" name="testProductPriceEmpty" time="0.010"/>
  <system-out/>
  <testcase classname="com.wolvesres.haotn.sanpham.TestValidProductPrice" name="testProductPriceNegative" time="0.001"/>
  <system-out/>
  <testcase classname="com.wolvesres.haotn.sanpham.TestValidProductPrice" name="testProductPriceNegative" time="0.001"/>
  <system-out/>
  <testcase classname="com.wolvesres.haotn.sanpham.TestValidProductPrice" name="testProductPriceNegative" time="0.002"/>
  <system-out/>
  <testcase classname="com.wolvesres.haotn.sanpham.TestValidProductPrice" name="testProductPriceEmpty" time="0.000"/>
  <system-out/>
  <testcase classname="com.wolvesres.haotn.sanpham.TestValidProductPrice" name="testProductPriceNegative" time="0.001"/>
  <system-out/>
  <testcase classname="com.wolvesres.haotn.sanpham.TestValidProductPrice" name="testProductPriceNegative" time="0.001"/>
  <system-out/>
</testsuite> <!-- com.wolvesres.haotn.sanpham.TestValidProductPrice -->
