<?xml version="1.0" encoding="UTF-8"?>
<!-- Generated by org.testng.reporters.JUnitReportReporter -->
<testsuite hostname="ducvhpc01395" failures="0" tests="4" name="com.wolvesres.ducvh.voucher.VoucherDiscountEmptyTestFail" time="0.008" errors="0" timestamp="2022-04-15T02:58:17 ICT" skipped="0">
  <testcase classname="com.wolvesres.ducvh.voucher.VoucherDiscountEmptyTestFail" name="f" time="0.004"/>
  <system-out/>
  <testcase classname="com.wolvesres.ducvh.voucher.VoucherDiscountEmptyTestFail" name="f" time="0.003"/>
  <system-out/>
  <testcase classname="com.wolvesres.ducvh.voucher.VoucherDiscountEmptyTestFail" name="f" time="0.000"/>
  <system-out/>
  <testcase classname="com.wolvesres.ducvh.voucher.VoucherDiscountEmptyTestFail" name="f" time="0.001"/>
  <system-out/>
</testsuite> <!-- com.wolvesres.ducvh.voucher.VoucherDiscountEmptyTestFail -->
