<?xml version="1.0" encoding="UTF-8"?>
<!-- Generated by org.testng.reporters.JUnitReportReporter -->
<testsuite hostname="ducvhpc01395" failures="0" tests="3" name="com.wolvesres.ducvh.kho.StockPriceImportMinusTestFail" time="0.014" errors="0" timestamp="2022-04-12T17:27:36 ICT" skipped="0">
  <testcase classname="com.wolvesres.ducvh.kho.StockPriceImportMinusTestFail" name="f" time="0.012"/>
  <system-out/>
  <testcase classname="com.wolvesres.ducvh.kho.StockPriceImportMinusTestFail" name="f" time="0.001"/>
  <system-out/>
  <testcase classname="com.wolvesres.ducvh.kho.StockPriceImportMinusTestFail" name="f" time="0.001"/>
  <system-out/>
</testsuite> <!-- com.wolvesres.ducvh.kho.StockPriceImportMinusTestFail -->
