<?xml version="1.0" encoding="UTF-8"?>
<!-- Generated by org.testng.reporters.JUnitReportReporter -->
<testsuite hostname="DESKTOP-KLPCFEN" failures="0" tests="100" name="com.wolvesres.haotn.kho.TestDateProduct" time="0.191" errors="0" timestamp="2022-04-11T22:47:50 ICT" skipped="0">
  <testcase classname="com.wolvesres.haotn.kho.TestDateProduct" name="testDateProductImportFail" time="0.002"/>
  <system-out/>
  <testcase classname="com.wolvesres.haotn.kho.TestDateProduct" name="testDateProductImportFail" time="0.005"/>
  <system-out/>
  <testcase classname="com.wolvesres.haotn.kho.TestDateProduct" name="testDateProductImportFail" time="0.002"/>
  <system-out/>
  <testcase classname="com.wolvesres.haotn.kho.TestDateProduct" name="testDateProductImportFail" time="0.001"/>
  <system-out/>
  <testcase classname="com.wolvesres.haotn.kho.TestDateProduct" name="testDateProductImportFail" time="0.001"/>
  <system-out/>
  <testcase classname="com.wolvesres.haotn.kho.TestDateProduct" name="testDateProductImportFail" time="0.000"/>
  <system-out/>
  <testcase classname="com.wolvesres.haotn.kho.TestDateProduct" name="testDateProductImportFail" time="0.001"/>
  <system-out/>
  <testcase classname="com.wolvesres.haotn.kho.TestDateProduct" name="testDateProductImportFail" time="0.001"/>
  <system-out/>
  <testcase classname="com.wolvesres.haotn.kho.TestDateProduct" name="testDateProductImportFail" time="0.003"/>
  <system-out/>
  <testcase classname="com.wolvesres.haotn.kho.TestDateProduct" name="testDateProductImportFail" time="0.001"/>
  <system-out/>
  <testcase classname="com.wolvesres.haotn.kho.TestDateProduct" name="testDateProductImportFail" time="0.000"/>
  <system-out/>
  <testcase classname="com.wolvesres.haotn.kho.TestDateProduct" name="testDateProductImportFail" time="0.002"/>
  <system-out/>
  <testcase classname="com.wolvesres.haotn.kho.TestDateProduct" name="testDateProductImportFail" time="0.002"/>
  <system-out/>
  <testcase classname="com.wolvesres.haotn.kho.TestDateProduct" name="testDateProductImportFail" time="0.000"/>
  <system-out/>
  <testcase classname="com.wolvesres.haotn.kho.TestDateProduct" name="testDateProductImportFail" time="0.004"/>
  <system-out/>
  <testcase classname="com.wolvesres.haotn.kho.TestDateProduct" name="testDateProductImportFail" time="0.001"/>
  <system-out/>
  <testcase classname="com.wolvesres.haotn.kho.TestDateProduct" name="testDateProductImportFail" time="0.000"/>
  <system-out/>
  <testcase classname="com.wolvesres.haotn.kho.TestDateProduct" name="testDateProductImportFail" time="0.002"/>
  <system-out/>
  <testcase classname="com.wolvesres.haotn.kho.TestDateProduct" name="testDateProductImportFail" time="0.002"/>
  <system-out/>
  <testcase classname="com.wolvesres.haotn.kho.TestDateProduct" name="testDateProductImportFail" time="0.000"/>
  <system-out/>
  <testcase classname="com.wolvesres.haotn.kho.TestDateProduct" name="testDateProductImportFail" time="0.003"/>
  <system-out/>
  <testcase classname="com.wolvesres.haotn.kho.TestDateProduct" name="testDateProductImportFail" time="0.002"/>
  <system-out/>
  <testcase classname="com.wolvesres.haotn.kho.TestDateProduct" name="testDateProductImportFail" time="0.001"/>
  <system-out/>
  <testcase classname="com.wolvesres.haotn.kho.TestDateProduct" name="testDateProductImportFail" time="0.002"/>
  <system-out/>
  <testcase classname="com.wolvesres.haotn.kho.TestDateProduct" name="testDateProductImportFail" time="0.001"/>
  <system-out/>
  <testcase classname="com.wolvesres.haotn.kho.TestDateProduct" name="testDateProductImportFail" time="0.002"/>
  <system-out/>
  <testcase classname="com.wolvesres.haotn.kho.TestDateProduct" name="testDateProductImportFail" time="0.036"/>
  <system-out/>
  <testcase classname="com.wolvesres.haotn.kho.TestDateProduct" name="testDateProductImportFail" time="0.000"/>
  <system-out/>
  <testcase classname="com.wolvesres.haotn.kho.TestDateProduct" name="testDateProductImportFail" time="0.001"/>
  <system-out/>
  <testcase classname="com.wolvesres.haotn.kho.TestDateProduct" name="testDateProductImportFail" time="0.001"/>
  <system-out/>
  <testcase classname="com.wolvesres.haotn.kho.TestDateProduct" name="testDateProductImportFail" time="0.002"/>
  <system-out/>
  <testcase classname="com.wolvesres.haotn.kho.TestDateProduct" name="testDateProductImportFail" time="0.001"/>
  <system-out/>
  <testcase classname="com.wolvesres.haotn.kho.TestDateProduct" name="testDateProductImportFail" time="0.001"/>
  <system-out/>
  <testcase classname="com.wolvesres.haotn.kho.TestDateProduct" name="testDateProductImportFail" time="0.002"/>
  <system-out/>
  <testcase classname="com.wolvesres.haotn.kho.TestDateProduct" name="testDateProductImportFail" time="0.000"/>
  <system-out/>
  <testcase classname="com.wolvesres.haotn.kho.TestDateProduct" name="testDateProductImportFail" time="0.001"/>
  <system-out/>
  <testcase classname="com.wolvesres.haotn.kho.TestDateProduct" name="testDateProductImportFail" time="0.001"/>
  <system-out/>
  <testcase classname="com.wolvesres.haotn.kho.TestDateProduct" name="testDateProductImportFail" time="0.001"/>
  <system-out/>
  <testcase classname="com.wolvesres.haotn.kho.TestDateProduct" name="testDateProductImportFail" time="0.001"/>
  <system-out/>
  <testcase classname="com.wolvesres.haotn.kho.TestDateProduct" name="testDateProductImportFail" time="0.006"/>
  <system-out/>
  <testcase classname="com.wolvesres.haotn.kho.TestDateProduct" name="testDateProductImportFail" time="0.001"/>
  <system-out/>
  <testcase classname="com.wolvesres.haotn.kho.TestDateProduct" name="testDateProductImportFail" time="0.001"/>
  <system-out/>
  <testcase classname="com.wolvesres.haotn.kho.TestDateProduct" name="testDateProductImportFail" time="0.001"/>
  <system-out/>
  <testcase classname="com.wolvesres.haotn.kho.TestDateProduct" name="testDateProductImportFail" time="0.000"/>
  <system-out/>
  <testcase classname="com.wolvesres.haotn.kho.TestDateProduct" name="testDateProductImportFail" time="0.001"/>
  <system-out/>
  <testcase classname="com.wolvesres.haotn.kho.TestDateProduct" name="testDateProductImportFail" time="0.004"/>
  <system-out/>
  <testcase classname="com.wolvesres.haotn.kho.TestDateProduct" name="testDateProductImportFail" time="0.001"/>
  <system-out/>
  <testcase classname="com.wolvesres.haotn.kho.TestDateProduct" name="testDateProductImportFail" time="0.001"/>
  <system-out/>
  <testcase classname="com.wolvesres.haotn.kho.TestDateProduct" name="testDateProductImportFail" time="0.001"/>
  <system-out/>
  <testcase classname="com.wolvesres.haotn.kho.TestDateProduct" name="testDateProductImportFail" time="0.001"/>
  <system-out/>
  <testcase classname="com.wolvesres.haotn.kho.TestDateProduct" name="testDateProductImportFail" time="0.000"/>
  <system-out/>
  <testcase classname="com.wolvesres.haotn.kho.TestDateProduct" name="testDateProductImportFail" time="0.005"/>
  <system-out/>
  <testcase classname="com.wolvesres.haotn.kho.TestDateProduct" name="testDateProductImportFail" time="0.001"/>
  <system-out/>
  <testcase classname="com.wolvesres.haotn.kho.TestDateProduct" name="testDateProductImportFail" time="0.001"/>
  <system-out/>
  <testcase classname="com.wolvesres.haotn.kho.TestDateProduct" name="testDateProductImportFail" time="0.001"/>
  <system-out/>
  <testcase classname="com.wolvesres.haotn.kho.TestDateProduct" name="testDateProductImportFail" time="0.002"/>
  <system-out/>
  <testcase classname="com.wolvesres.haotn.kho.TestDateProduct" name="testDateProductImportFail" time="0.002"/>
  <system-out/>
  <testcase classname="com.wolvesres.haotn.kho.TestDateProduct" name="testDateProductImportFail" time="0.001"/>
  <system-out/>
  <testcase classname="com.wolvesres.haotn.kho.TestDateProduct" name="testDateProductImportFail" time="0.001"/>
  <system-out/>
  <testcase classname="com.wolvesres.haotn.kho.TestDateProduct" name="testDateProductImportFail" time="0.005"/>
  <system-out/>
  <testcase classname="com.wolvesres.haotn.kho.TestDateProduct" name="testDateProductImportFail" time="0.000"/>
  <system-out/>
  <testcase classname="com.wolvesres.haotn.kho.TestDateProduct" name="testDateProductImportFail" time="0.002"/>
  <system-out/>
  <testcase classname="com.wolvesres.haotn.kho.TestDateProduct" name="testDateProductImportFail" time="0.001"/>
  <system-out/>
  <testcase classname="com.wolvesres.haotn.kho.TestDateProduct" name="testDateProductImportFail" time="0.001"/>
  <system-out/>
  <testcase classname="com.wolvesres.haotn.kho.TestDateProduct" name="testDateProductImportFail" time="0.012"/>
  <system-out/>
  <testcase classname="com.wolvesres.haotn.kho.TestDateProduct" name="testDateProductImportFail" time="0.001"/>
  <system-out/>
  <testcase classname="com.wolvesres.haotn.kho.TestDateProduct" name="testDateProductImportFail" time="0.001"/>
  <system-out/>
  <testcase classname="com.wolvesres.haotn.kho.TestDateProduct" name="testDateProductImportFail" time="0.000"/>
  <system-out/>
  <testcase classname="com.wolvesres.haotn.kho.TestDateProduct" name="testDateProductImportFail" time="0.001"/>
  <system-out/>
  <testcase classname="com.wolvesres.haotn.kho.TestDateProduct" name="testDateProductImportFail" time="0.000"/>
  <system-out/>
  <testcase classname="com.wolvesres.haotn.kho.TestDateProduct" name="testDateProductImportFail" time="0.003"/>
  <system-out/>
  <testcase classname="com.wolvesres.haotn.kho.TestDateProduct" name="testDateProductImportFail" time="0.004"/>
  <system-out/>
  <testcase classname="com.wolvesres.haotn.kho.TestDateProduct" name="testDateProductImportFail" time="0.000"/>
  <system-out/>
  <testcase classname="com.wolvesres.haotn.kho.TestDateProduct" name="testDateProductImportFail" time="0.003"/>
  <system-out/>
  <testcase classname="com.wolvesres.haotn.kho.TestDateProduct" name="testDateProductImportFail" time="0.000"/>
  <system-out/>
  <testcase classname="com.wolvesres.haotn.kho.TestDateProduct" name="testDateProductImportFail" time="0.001"/>
  <system-out/>
  <testcase classname="com.wolvesres.haotn.kho.TestDateProduct" name="testDateProductImportFail" time="0.002"/>
  <system-out/>
  <testcase classname="com.wolvesres.haotn.kho.TestDateProduct" name="testDateProductImportFail" time="0.000"/>
  <system-out/>
  <testcase classname="com.wolvesres.haotn.kho.TestDateProduct" name="testDateProductImportFail" time="0.002"/>
  <system-out/>
  <testcase classname="com.wolvesres.haotn.kho.TestDateProduct" name="testDateProductImportFail" time="0.000"/>
  <system-out/>
  <testcase classname="com.wolvesres.haotn.kho.TestDateProduct" name="testDateProductImportFail" time="0.001"/>
  <system-out/>
  <testcase classname="com.wolvesres.haotn.kho.TestDateProduct" name="testDateProductImportFail" time="0.001"/>
  <system-out/>
  <testcase classname="com.wolvesres.haotn.kho.TestDateProduct" name="testDateProductImportFail" time="0.002"/>
  <system-out/>
  <testcase classname="com.wolvesres.haotn.kho.TestDateProduct" name="testDateProductImportFail" time="0.001"/>
  <system-out/>
  <testcase classname="com.wolvesres.haotn.kho.TestDateProduct" name="testDateProductImportFail" time="0.000"/>
  <system-out/>
  <testcase classname="com.wolvesres.haotn.kho.TestDateProduct" name="testDateProductImportFail" time="0.003"/>
  <system-out/>
  <testcase classname="com.wolvesres.haotn.kho.TestDateProduct" name="testDateProductImportFail" time="0.001"/>
  <system-out/>
  <testcase classname="com.wolvesres.haotn.kho.TestDateProduct" name="testDateProductImportFail" time="0.001"/>
  <system-out/>
  <testcase classname="com.wolvesres.haotn.kho.TestDateProduct" name="testDateProductImportFail" time="0.001"/>
  <system-out/>
  <testcase classname="com.wolvesres.haotn.kho.TestDateProduct" name="testDateProductImportFail" time="0.001"/>
  <system-out/>
  <testcase classname="com.wolvesres.haotn.kho.TestDateProduct" name="testDateProductImportFail" time="0.000"/>
  <system-out/>
  <testcase classname="com.wolvesres.haotn.kho.TestDateProduct" name="testDateProductImportFail" time="0.002"/>
  <system-out/>
  <testcase classname="com.wolvesres.haotn.kho.TestDateProduct" name="testDateProductImportFail" time="0.002"/>
  <system-out/>
  <testcase classname="com.wolvesres.haotn.kho.TestDateProduct" name="testDateProductImportFail" time="0.001"/>
  <system-out/>
  <testcase classname="com.wolvesres.haotn.kho.TestDateProduct" name="testDateProductImportFail" time="0.000"/>
  <system-out/>
  <testcase classname="com.wolvesres.haotn.kho.TestDateProduct" name="testDateProductImportFail" time="0.005"/>
  <system-out/>
  <testcase classname="com.wolvesres.haotn.kho.TestDateProduct" name="testDateProductImportFail" time="0.002"/>
  <system-out/>
  <testcase classname="com.wolvesres.haotn.kho.TestDateProduct" name="testDateProductImportFail" time="0.004"/>
  <system-out/>
  <testcase classname="com.wolvesres.haotn.kho.TestDateProduct" name="testDateProductImportFail" time="0.001"/>
  <system-out/>
  <testcase classname="com.wolvesres.haotn.kho.TestDateProduct" name="testDateProductImportFail" time="0.002"/>
  <system-out/>
</testsuite> <!-- com.wolvesres.haotn.kho.TestDateProduct -->
