<?xml version="1.0" encoding="UTF-8"?>
<!-- Generated by org.testng.reporters.JUnitReportReporter -->
<<<<<<< HEAD
<testsuite hostname="DESKTOP-KLPCFEN" failures="0" tests="3" name="com.wolvesres.ducvh.kho.StockPriceImportABCTestFail" time="0.004" errors="0" timestamp="2022-04-14T22:59:39 ICT" skipped="0">
=======
<testsuite hostname="ducvhpc01395" failures="0" tests="6" name="com.wolvesres.ducvh.kho.StockPriceImportABCTestFail" time="0.002" errors="0" timestamp="2022-04-15T02:58:17 ICT" skipped="0">
  <testcase classname="com.wolvesres.ducvh.kho.StockPriceImportABCTestFail" name="f" time="0.000"/>
  <system-out/>
>>>>>>> 77d50fb4162fe7b153232f88c687aa6bdb020a1a
  <testcase classname="com.wolvesres.ducvh.kho.StockPriceImportABCTestFail" name="f" time="0.001"/>
  <system-out/>
  <testcase classname="com.wolvesres.ducvh.kho.StockPriceImportABCTestFail" name="f" time="0.000"/>
  <system-out/>
<<<<<<< HEAD
  <testcase classname="com.wolvesres.ducvh.kho.StockPriceImportABCTestFail" name="f" time="0.003"/>
=======
  <testcase classname="com.wolvesres.ducvh.kho.StockPriceImportABCTestFail" name="f" time="0.000"/>
  <system-out/>
  <testcase classname="com.wolvesres.ducvh.kho.StockPriceImportABCTestFail" name="f" time="0.000"/>
  <system-out/>
  <testcase classname="com.wolvesres.ducvh.kho.StockPriceImportABCTestFail" name="f" time="0.001"/>
>>>>>>> 77d50fb4162fe7b153232f88c687aa6bdb020a1a
  <system-out/>
</testsuite> <!-- com.wolvesres.ducvh.kho.StockPriceImportABCTestFail -->
