<?xml version="1.0" encoding="UTF-8"?>
<!-- Generated by org.testng.reporters.JUnitReportReporter -->
<testsuite hostname="Nguyen-Van-Nhut-Truong" failures="0" tests="1" name="com.wolvesres.truongnvn.sanpham.TestNameSanPham" time="0.008" errors="0" timestamp="2022-04-13T14:13:32 ICT" skipped="0">
  <testcase classname="com.wolvesres.truongnvn.sanpham.TestNameSanPham" name="testValidSpDoBoTrong" time="0.008"/>
  <system-out/>
</testsuite> <!-- com.wolvesres.truongnvn.sanpham.TestNameSanPham -->
