<?xml version="1.0" encoding="UTF-8"?>
<!-- Generated by org.testng.reporters.JUnitReportReporter -->
<testsuite hostname="TRANTHANHHO" failures="0" tests="3" name="com.wolvesres.hott.nhanvien.TestValidYearOlds" time="0.024" errors="0" timestamp="2022-04-11T21:20:38 ICT" skipped="0">
  <testcase classname="com.wolvesres.hott.nhanvien.TestValidYearOlds" name="testValidYearOldsFail" time="0.001"/>
  <system-out/>
  <testcase classname="com.wolvesres.hott.nhanvien.TestValidYearOlds" name="testValidYearOldsFail" time="0.001"/>
  <system-out/>
  <testcase classname="com.wolvesres.hott.nhanvien.TestValidYearOlds" name="testValidYearOldsFail" time="0.022"/>
  <system-out/>
</testsuite> <!-- com.wolvesres.hott.nhanvien.TestValidYearOlds -->
