<?xml version="1.0" encoding="UTF-8"?>
<!-- Generated by org.testng.reporters.JUnitReportReporter -->
<testsuite hostname="Nguyen-Van-Nhut-Truong" failures="0" tests="3" name="com.wolvesres.truongnvn.khuban.TestEqualsKhuBan" time="0.009" errors="0" timestamp="2022-04-13T14:17:34 ICT" skipped="0">
  <testcase classname="com.wolvesres.truongnvn.khuban.TestEqualsKhuBan" name="testTrungTenKhuBan" time="0.007"/>
  <system-out/>
  <testcase classname="com.wolvesres.truongnvn.khuban.TestEqualsKhuBan" name="testTrungTenKhuBan" time="0.001"/>
  <system-out/>
  <testcase classname="com.wolvesres.truongnvn.khuban.TestEqualsKhuBan" name="testTrungTenKhuBan" time="0.001"/>
  <system-out/>
</testsuite> <!-- com.wolvesres.truongnvn.khuban.TestEqualsKhuBan -->
