<?xml version="1.0" encoding="UTF-8"?>
<!-- Generated by org.testng.reporters.JUnitReportReporter -->
<testsuite hostname="DESKTOP-MI32UU7" failures="0" tests="5" name="com.wolvesres.quanghn.nhanvien.TestValidSDT" time="0.011" errors="0" timestamp="2022-04-11T23:23:32 ICT" skipped="0">
  <testcase classname="com.wolvesres.quanghn.nhanvien.TestValidSDT" name="testValidSDTFail" time="0.001"/>
  <system-out/>
  <testcase classname="com.wolvesres.quanghn.nhanvien.TestValidSDT" name="testValidSDTFail" time="0.001"/>
  <system-out/>
  <testcase classname="com.wolvesres.quanghn.nhanvien.TestValidSDT" name="testValidSDTFail" time="0.008"/>
  <system-out/>
  <testcase classname="com.wolvesres.quanghn.nhanvien.TestValidSDT" name="testValidSDTFail" time="0.000"/>
  <system-out/>
  <testcase classname="com.wolvesres.quanghn.nhanvien.TestValidSDT" name="testValidSDTFail" time="0.001"/>
  <system-out/>
</testsuite> <!-- com.wolvesres.quanghn.nhanvien.TestValidSDT -->
