<?xml version="1.0" encoding="UTF-8"?>
<!-- Generated by org.testng.reporters.JUnitReportReporter -->
<testsuite hostname="ducvhpc01395" failures="0" tests="3" name="com.wolvesres.ducvh.hoadonchitiet.TestHoaDonChiTiet" time="0.125" errors="0" timestamp="2022-04-22T10:52:05 ICT" skipped="0">
  <testcase classname="com.wolvesres.ducvh.hoadonchitiet.TestHoaDonChiTiet" name="testThemHDCT" time="0.054"/>
  <system-out/>
  <testcase classname="com.wolvesres.ducvh.hoadonchitiet.TestHoaDonChiTiet" name="testThemHDCT" time="0.030"/>
  <system-out/>
  <testcase classname="com.wolvesres.ducvh.hoadonchitiet.TestHoaDonChiTiet" name="testThemHDCT" time="0.041"/>
  <system-out/>
</testsuite> <!-- com.wolvesres.ducvh.hoadonchitiet.TestHoaDonChiTiet -->
