<?xml version="1.0" encoding="UTF-8"?>
<!-- Generated by org.testng.reporters.JUnitReportReporter -->
<<<<<<< HEAD
<testsuite hostname="DESKTOP-KLPCFEN" failures="0" tests="1" name="com.wolvesres.ducvh.donvitinh.CalcUnitDuplicateTestFail" time="0.042" errors="0" timestamp="2022-04-14T22:59:40 ICT" skipped="0">
  <testcase classname="com.wolvesres.ducvh.donvitinh.CalcUnitDuplicateTestFail" name="f" time="0.042"/>
=======
<testsuite hostname="ducvhpc01395" failures="0" tests="5" name="com.wolvesres.ducvh.donvitinh.CalcUnitDuplicateTestFail" time="1.020" errors="0" timestamp="2022-04-15T02:58:17 ICT" skipped="0">
  <testcase classname="com.wolvesres.ducvh.donvitinh.CalcUnitDuplicateTestFail" name="f" time="0.042"/>
  <system-out/>
  <testcase classname="com.wolvesres.ducvh.donvitinh.CalcUnitDuplicateTestFail" name="f" time="0.843"/>
  <system-out/>
  <testcase classname="com.wolvesres.ducvh.donvitinh.CalcUnitDuplicateTestFail" name="f" time="0.042"/>
  <system-out/>
  <testcase classname="com.wolvesres.ducvh.donvitinh.CalcUnitDuplicateTestFail" name="f" time="0.048"/>
  <system-out/>
  <testcase classname="com.wolvesres.ducvh.donvitinh.CalcUnitDuplicateTestFail" name="f" time="0.045"/>
>>>>>>> 77d50fb4162fe7b153232f88c687aa6bdb020a1a
  <system-out/>
</testsuite> <!-- com.wolvesres.ducvh.donvitinh.CalcUnitDuplicateTestFail -->
