<?xml version="1.0" encoding="UTF-8"?>
<!-- Generated by org.testng.reporters.JUnitReportReporter -->
<testsuite hostname="DESKTOP-MI32UU7" failures="0" tests="3" name="com.wolvesres.quanghn.taikhoan.TestTaiKhoan" time="0.085" errors="0" timestamp="2022-04-22T03:39:55 ICT" skipped="0">
  <testcase classname="com.wolvesres.quanghn.taikhoan.TestTaiKhoan" name="testTimKiemTaiKhoan" time="0.023"/>
  <system-out/>
  <testcase classname="com.wolvesres.quanghn.taikhoan.TestTaiKhoan" name="testTimKiemTaiKhoan" time="0.040"/>
  <system-out/>
  <testcase classname="com.wolvesres.quanghn.taikhoan.TestTaiKhoan" name="testTimKiemTaiKhoan" time="0.022"/>
  <system-out/>
</testsuite> <!-- com.wolvesres.quanghn.taikhoan.TestTaiKhoan -->
