<?xml version="1.0" encoding="UTF-8"?>
<!-- Generated by org.testng.reporters.JUnitReportReporter -->
<testsuite hostname="DESKTOP-KLPCFEN" failures="0" tests="1" name="com.wolvesres.haotn.login.ThemNhanVien" time="0.001" errors="0" timestamp="2022-04-14T22:59:39 ICT" skipped="0">
  <testcase classname="com.wolvesres.haotn.login.ThemNhanVien" name="f" time="0.001"/>
  <system-out/>
</testsuite> <!-- com.wolvesres.haotn.login.ThemNhanVien -->
