<?xml version="1.0" encoding="UTF-8"?>
<!-- Generated by org.testng.reporters.JUnitReportReporter -->
<testsuite hostname="DESKTOP-KLPCFEN" failures="0" tests="5" name="com.wolvesres.quanghn.nhanvien.TestValidEmail" time="0.001" errors="0" timestamp="2022-04-14T22:59:40 ICT" skipped="0">
  <testcase classname="com.wolvesres.quanghn.nhanvien.TestValidEmail" name="testValidEmailSuccess" time="0.000"/>
  <system-out/>
  <testcase classname="com.wolvesres.quanghn.nhanvien.TestValidEmail" name="testValidEmailSuccess" time="0.000"/>
  <system-out/>
  <testcase classname="com.wolvesres.quanghn.nhanvien.TestValidEmail" name="testValidEmailSuccess" time="0.000"/>
  <system-out/>
  <testcase classname="com.wolvesres.quanghn.nhanvien.TestValidEmail" name="testValidEmailSuccess" time="0.000"/>
  <system-out/>
  <testcase classname="com.wolvesres.quanghn.nhanvien.TestValidEmail" name="testValidEmailSuccess" time="0.001"/>
  <system-out/>
</testsuite> <!-- com.wolvesres.quanghn.nhanvien.TestValidEmail -->
