<?xml version="1.0" encoding="UTF-8"?>
<!-- Generated by org.testng.reporters.JUnitReportReporter -->
<testsuite hostname="DESKTOP-MI32UU7" failures="0" tests="3" name="com.wolvesres.quanghn.danhmuc.TestValidDanhMuc" time="0.007" errors="0" timestamp="2022-04-11T23:20:47 ICT" skipped="0">
  <testcase classname="com.wolvesres.quanghn.danhmuc.TestValidDanhMuc" name="testValidFullNameFail" time="0.001"/>
  <system-out/>
  <testcase classname="com.wolvesres.quanghn.danhmuc.TestValidDanhMuc" name="testValidFullNameFail" time="0.001"/>
  <system-out/>
  <testcase classname="com.wolvesres.quanghn.danhmuc.TestValidDanhMuc" name="testValidFullNameFail" time="0.005"/>
  <system-out/>
</testsuite> <!-- com.wolvesres.quanghn.danhmuc.TestValidDanhMuc -->
