<?xml version="1.0" encoding="UTF-8"?>
<!-- Generated by org.testng.reporters.JUnitReportReporter -->
<testsuite hostname="Nguyen-Van-Nhut-Truong" failures="0" tests="1" name="com.wolvesres.truongnvn.nhanvien.TestAddNV" time="6.358" errors="0" timestamp="2022-04-13T12:41:03 ICT" skipped="0">
  <testcase classname="com.wolvesres.truongnvn.nhanvien.TestAddNV" name="testThemNhanVien" time="6.358"/>
  <system-out/>
</testsuite> <!-- com.wolvesres.truongnvn.nhanvien.TestAddNV -->
