<?xml version="1.0" encoding="UTF-8"?>
<!-- Generated by org.testng.reporters.JUnitReportReporter -->
<testsuite hostname="TRANTHANHHO" failures="0" tests="6" name="com.wolvesres.hott.voucher.TestVoucherEndDay" time="0.008" errors="0" timestamp="2022-04-14T14:55:55 ICT" skipped="0">
  <testcase classname="com.wolvesres.hott.voucher.TestVoucherEndDay" name="testVoucherEndDayFail" time="0.000"/>
  <system-out/>
  <testcase classname="com.wolvesres.hott.voucher.TestVoucherEndDay" name="testVoucherEndDayFail" time="0.000"/>
  <system-out/>
  <testcase classname="com.wolvesres.hott.voucher.TestVoucherEndDay" name="testVoucherEndDayFail" time="0.000"/>
  <system-out/>
  <testcase classname="com.wolvesres.hott.voucher.TestVoucherEndDay" name="testVoucherEndDayFail" time="0.008"/>
  <system-out/>
  <testcase classname="com.wolvesres.hott.voucher.TestVoucherEndDay" name="testVoucherEndDayFail" time="0.000"/>
  <system-out/>
  <testcase classname="com.wolvesres.hott.voucher.TestVoucherEndDay" name="testVoucherEndDayFail" time="0.000"/>
  <system-out/>
</testsuite> <!-- com.wolvesres.hott.voucher.TestVoucherEndDay -->
