<?xml version="1.0" encoding="UTF-8"?>
<!-- Generated by org.testng.reporters.JUnitReportReporter -->
<testsuite hostname="TRANTHANHHO" failures="0" tests="6" name="com.wolvesres.hott.nhanvien.TestValidIdNational" time="0.006" errors="0" timestamp="2022-04-14T01:59:16 ICT" skipped="0">
  <testcase classname="com.wolvesres.hott.nhanvien.TestValidIdNational" name="testValidIdNationalFailB" time="0.006"/>
  <system-out/>
  <testcase classname="com.wolvesres.hott.nhanvien.TestValidIdNational" name="testValidIdNationalFailB" time="0.000"/>
  <system-out/>
  <testcase classname="com.wolvesres.hott.nhanvien.TestValidIdNational" name="testValidIdNationalFailB" time="0.000"/>
  <system-out/>
  <testcase classname="com.wolvesres.hott.nhanvien.TestValidIdNational" name="testValidIdNationalFailB" time="0.000"/>
  <system-out/>
  <testcase classname="com.wolvesres.hott.nhanvien.TestValidIdNational" name="testValidIdNationalFailB" time="0.000"/>
  <system-out/>
  <testcase classname="com.wolvesres.hott.nhanvien.TestValidIdNational" name="testValidIdNationalFailB" time="0.000"/>
  <system-out/>
</testsuite> <!-- com.wolvesres.hott.nhanvien.TestValidIdNational -->
