<?xml version="1.0" encoding="UTF-8"?>
<!-- Generated by org.testng.reporters.JUnitReportReporter -->
<testsuite hostname="DESKTOP-KLPCFEN" failures="0" tests="5" name="com.wolvesres.haotn.kho.TestDateImport" time="0.427" errors="0" timestamp="2022-04-15T14:00:12 ICT" skipped="0">
  <testcase classname="com.wolvesres.haotn.kho.TestDateImport" name="testDateProductImportFail" time="0.025"/>
  <system-out/>
  <testcase classname="com.wolvesres.haotn.kho.TestDateImport" name="testDateProductImportFail" time="0.025"/>
  <system-out/>
  <testcase classname="com.wolvesres.haotn.kho.TestDateImport" name="testDateProductImportFail" time="0.335"/>
  <system-out/>
  <testcase classname="com.wolvesres.haotn.kho.TestDateImport" name="testDateProductImportFail" time="0.023"/>
  <system-out/>
  <testcase classname="com.wolvesres.haotn.kho.TestDateImport" name="testDateProductImportFail" time="0.019"/>
  <system-out/>
</testsuite> <!-- com.wolvesres.haotn.kho.TestDateImport -->
