<?xml version="1.0" encoding="UTF-8"?>
<!-- Generated by org.testng.reporters.JUnitReportReporter -->
<testsuite hostname="DESKTOP-KLPCFEN" failures="0" tests="6" name="com.wolvesres.login.testclass.TestLogin" time="0.455" errors="0" timestamp="2022-04-22T10:40:35 ICT" skipped="0">
  <testcase classname="com.wolvesres.login.testclass.TestLogin" name="testLoginSuccess" time="0.025"/>
  <system-out/>
  <testcase classname="com.wolvesres.login.testclass.TestLogin" name="testLoginFail" time="0.030"/>
  <system-out/>
  <testcase classname="com.wolvesres.login.testclass.TestLogin" name="testLoginSuccess" time="0.027"/>
  <system-out/>
  <testcase classname="com.wolvesres.login.testclass.TestLogin" name="testLoginSuccess" time="0.020"/>
  <system-out/>
  <testcase classname="com.wolvesres.login.testclass.TestLogin" name="testLoginFail" time="0.325"/>
  <system-out/>
  <testcase classname="com.wolvesres.login.testclass.TestLogin" name="testLoginFail" time="0.028"/>
  <system-out/>
</testsuite> <!-- com.wolvesres.login.testclass.TestLogin -->
