<?xml version="1.0" encoding="UTF-8"?>
<!-- Generated by org.testng.reporters.JUnitReportReporter -->
<testsuite hostname="DESKTOP-KLPCFEN" failures="0" tests="18" name="com.wolvesres.haotn.order_entity.TestOrder" time="2.361" errors="0" timestamp="2022-04-22T02:25:33 ICT" skipped="0">
  <testcase classname="com.wolvesres.haotn.order_entity.TestOrder" name="testThemOrder" time="0.059"/>
  <system-out/>
  <testcase classname="com.wolvesres.haotn.order_entity.TestOrder" name="testThemOrder" time="0.053"/>
  <system-out/>
  <testcase classname="com.wolvesres.haotn.order_entity.TestOrder" name="testThemOrder" time="0.055"/>
  <system-out/>
  <testcase classname="com.wolvesres.haotn.order_entity.TestOrder" name="testThemOrder" time="0.091"/>
  <system-out/>
  <testcase classname="com.wolvesres.haotn.order_entity.TestOrder" name="testThemOrder" time="0.041"/>
  <system-out/>
  <testcase classname="com.wolvesres.haotn.order_entity.TestOrder" name="testThemOrder" time="0.412"/>
  <system-out/>
  <testcase classname="com.wolvesres.haotn.order_entity.TestOrder" name="testThemOrder" time="0.143"/>
  <system-out/>
  <testcase classname="com.wolvesres.haotn.order_entity.TestOrder" name="testThemOrder" time="0.115"/>
  <system-out/>
  <testcase classname="com.wolvesres.haotn.order_entity.TestOrder" name="testThemOrder" time="0.053"/>
  <system-out/>
  <testcase classname="com.wolvesres.haotn.order_entity.TestOrder" name="testThemOrder" time="0.076"/>
  <system-out/>
  <testcase classname="com.wolvesres.haotn.order_entity.TestOrder" name="testCapNhatOrder" time="0.097"/>
  <system-out/>
  <testcase classname="com.wolvesres.haotn.order_entity.TestOrder" name="testCapNhatOrder" time="0.134"/>
  <system-out/>
  <testcase classname="com.wolvesres.haotn.order_entity.TestOrder" name="testCapNhatOrder" time="0.173"/>
  <system-out/>
  <testcase classname="com.wolvesres.haotn.order_entity.TestOrder" name="testCapNhatOrder" time="0.513"/>
  <system-out/>
  <testcase classname="com.wolvesres.haotn.order_entity.TestOrder" name="testCapNhatOrder" time="0.173"/>
  <system-out/>
  <testcase classname="com.wolvesres.haotn.order_entity.TestOrder" name="testDeleteOrder" time="0.077"/>
  <system-out/>
  <testcase classname="com.wolvesres.haotn.order_entity.TestOrder" name="testDeleteOrder" time="0.047"/>
  <system-out/>
  <testcase classname="com.wolvesres.haotn.order_entity.TestOrder" name="testDeleteOrder" time="0.049"/>
  <system-out/>
</testsuite> <!-- com.wolvesres.haotn.order_entity.TestOrder -->
