<?xml version="1.0" encoding="UTF-8"?>
<!-- Generated by org.testng.reporters.JUnitReportReporter -->
<testsuite hostname="Nguyen-Van-Nhut-Truong" failures="0" tests="14" name="com.wolvesres.truongnvn.donvitinh.TestDonViTinh" time="1.774" errors="0" timestamp="2022-04-22T03:50:31 ICT" skipped="0">
  <testcase classname="com.wolvesres.truongnvn.donvitinh.TestDonViTinh" name="testDonViTinh" time="0.116"/>
  <system-out/>
  <testcase classname="com.wolvesres.truongnvn.donvitinh.TestDonViTinh" name="testDonViTinh" time="0.114"/>
  <system-out/>
  <testcase classname="com.wolvesres.truongnvn.donvitinh.TestDonViTinh" name="testDonViTinh" time="0.099"/>
  <system-out/>
  <testcase classname="com.wolvesres.truongnvn.donvitinh.TestDonViTinh" name="testDonViTinh" time="0.495"/>
  <system-out/>
  <testcase classname="com.wolvesres.truongnvn.donvitinh.TestDonViTinh" name="testCapNhatNhanVien" time="0.108"/>
  <system-out/>
  <testcase classname="com.wolvesres.truongnvn.donvitinh.TestDonViTinh" name="testCapNhatNhanVien" time="0.109"/>
  <system-out/>
  <testcase classname="com.wolvesres.truongnvn.donvitinh.TestDonViTinh" name="testCapNhatNhanVien" time="0.109"/>
  <system-out/>
  <testcase classname="com.wolvesres.truongnvn.donvitinh.TestDonViTinh" name="testCapNhatNhanVien" time="0.101"/>
  <system-out/>
  <testcase classname="com.wolvesres.truongnvn.donvitinh.TestDonViTinh" name="testCapNhatNhanVien" time="0.092"/>
  <system-out/>
  <testcase classname="com.wolvesres.truongnvn.donvitinh.TestDonViTinh" name="testDeleteDonViTinh" time="0.148"/>
  <system-out/>
  <testcase classname="com.wolvesres.truongnvn.donvitinh.TestDonViTinh" name="testDeleteDonViTinh" time="0.144"/>
  <system-out/>
  <testcase classname="com.wolvesres.truongnvn.donvitinh.TestDonViTinh" name="testTimKiemNhanVien" time="0.037"/>
  <system-out/>
  <testcase classname="com.wolvesres.truongnvn.donvitinh.TestDonViTinh" name="testTimKiemNhanVien" time="0.049"/>
  <system-out/>
  <testcase classname="com.wolvesres.truongnvn.donvitinh.TestDonViTinh" name="testTimKiemNhanVien" time="0.053"/>
  <system-out/>
</testsuite> <!-- com.wolvesres.truongnvn.donvitinh.TestDonViTinh -->
