<?xml version="1.0" encoding="UTF-8"?>
<!-- Generated by org.testng.reporters.JUnitReportReporter -->
<testsuite hostname="Nguyen-Van-Nhut-Truong" failures="0" tests="2" name="com.wolvesres.truongnvn.kho.TestChiTietLichSu" time="0.456" errors="0" timestamp="2022-04-22T03:09:07 ICT" skipped="0">
  <testcase classname="com.wolvesres.truongnvn.kho.TestChiTietLichSu" name="testLSCT" time="0.418"/>
  <system-out/>
  <testcase classname="com.wolvesres.truongnvn.kho.TestChiTietLichSu" name="testLSCT" time="0.038"/>
  <system-out/>
</testsuite> <!-- com.wolvesres.truongnvn.kho.TestChiTietLichSu -->
