<?xml version="1.0" encoding="UTF-8"?>
<!-- Generated by org.testng.reporters.JUnitReportReporter -->
<testsuite hostname="DESKTOP-MI32UU7" failures="0" tests="4" name="com.wolvesres.quanghn.nhanvien.TestValidHoTen" time="0.010" errors="0" timestamp="2022-04-13T13:37:31 ICT" skipped="0">
  <testcase classname="com.wolvesres.quanghn.nhanvien.TestValidHoTen" name="testValidFullNameFail" time="0.001"/>
  <system-out/>
  <testcase classname="com.wolvesres.quanghn.nhanvien.TestValidHoTen" name="testValidFullNameFail" time="0.000"/>
  <system-out/>
  <testcase classname="com.wolvesres.quanghn.nhanvien.TestValidHoTen" name="testValidFullNameFail" time="0.000"/>
  <system-out/>
  <testcase classname="com.wolvesres.quanghn.nhanvien.TestValidHoTen" name="testValidFullNameFail" time="0.009"/>
  <system-out/>
</testsuite> <!-- com.wolvesres.quanghn.nhanvien.TestValidHoTen -->
