<?xml version="1.0" encoding="UTF-8"?>
<!-- Generated by org.testng.reporters.JUnitReportReporter -->
<testsuite hostname="DESKTOP-KLPCFEN" failures="0" tests="5" name="com.wolvesres.haotn.voucher.TestEndDateVoucher" time="0.018" errors="0" timestamp="2022-04-14T22:59:39 ICT" skipped="0">
  <testcase classname="com.wolvesres.haotn.voucher.TestEndDateVoucher" name="testEndDateVoucherFail" time="0.010"/>
  <system-out/>
  <testcase classname="com.wolvesres.haotn.voucher.TestEndDateVoucher" name="testEndDateVoucherFail" time="0.002"/>
  <system-out/>
  <testcase classname="com.wolvesres.haotn.voucher.TestEndDateVoucher" name="testEndDateVoucherFail" time="0.002"/>
  <system-out/>
  <testcase classname="com.wolvesres.haotn.voucher.TestEndDateVoucher" name="testEndDateVoucherFail" time="0.002"/>
  <system-out/>
  <testcase classname="com.wolvesres.haotn.voucher.TestEndDateVoucher" name="testEndDateVoucherFail" time="0.002"/>
  <system-out/>
</testsuite> <!-- com.wolvesres.haotn.voucher.TestEndDateVoucher -->
