<?xml version="1.0" encoding="UTF-8"?>
<!-- Generated by org.testng.reporters.JUnitReportReporter -->
<testsuite hostname="DESKTOP-MI32UU7" failures="0" tests="10" name="com.wolvesres.taikhoan.TestValidXacNhanMatKhau" time="0.005" errors="0" timestamp="2022-04-13T13:51:53 ICT" skipped="0">
  <testcase classname="com.wolvesres.taikhoan.TestValidXacNhanMatKhau" name="testValidXacNhanMatKhauSuccess" time="0.000"/>
  <system-out/>
  <testcase classname="com.wolvesres.taikhoan.TestValidXacNhanMatKhau" name="testValidXacNhanMatKhauSuccess" time="0.000"/>
  <system-out/>
  <testcase classname="com.wolvesres.taikhoan.TestValidXacNhanMatKhau" name="testValidXacNhanMatKhauSuccess" time="0.000"/>
  <system-out/>
  <testcase classname="com.wolvesres.taikhoan.TestValidXacNhanMatKhau" name="testValidXacNhanMatKhauSuccess" time="0.005"/>
  <system-out/>
  <testcase classname="com.wolvesres.taikhoan.TestValidXacNhanMatKhau" name="testValidXacNhanMatKhauSuccess" time="0.000"/>
  <system-out/>
  <testcase classname="com.wolvesres.taikhoan.TestValidXacNhanMatKhau" name="testValidXacNhanMatKhauSuccess" time="0.000"/>
  <system-out/>
  <testcase classname="com.wolvesres.taikhoan.TestValidXacNhanMatKhau" name="testValidXacNhanMatKhauSuccess" time="0.000"/>
  <system-out/>
  <testcase classname="com.wolvesres.taikhoan.TestValidXacNhanMatKhau" name="testValidXacNhanMatKhauSuccess" time="0.000"/>
  <system-out/>
  <testcase classname="com.wolvesres.taikhoan.TestValidXacNhanMatKhau" name="testValidXacNhanMatKhauSuccess" time="0.000"/>
  <system-out/>
  <testcase classname="com.wolvesres.taikhoan.TestValidXacNhanMatKhau" name="testValidXacNhanMatKhauSuccess" time="0.000"/>
  <system-out/>
</testsuite> <!-- com.wolvesres.taikhoan.TestValidXacNhanMatKhau -->
