<?xml version="1.0" encoding="UTF-8"?>
<!-- Generated by org.testng.reporters.JUnitReportReporter -->
<testsuite hostname="ducvhpc01395" failures="0" tests="2" name="com.wolvesres.ducvh.ban.checkTableSuccess" time="0.008" errors="0" timestamp="2022-04-12T10:35:18 ICT" skipped="0">
  <testcase classname="com.wolvesres.ducvh.ban.checkTableSuccess" name="f" time="0.001"/>
  <system-out/>
  <testcase classname="com.wolvesres.ducvh.ban.checkTableSuccess" name="f" time="0.007"/>
  <system-out/>
</testsuite> <!-- com.wolvesres.ducvh.ban.checkTableSuccess -->
