<?xml version="1.0" encoding="UTF-8"?>
<!-- Generated by org.testng.reporters.JUnitReportReporter -->
<testsuite hostname="DESKTOP-MI32UU7" failures="0" tests="4" name="com.wolvesres.quanghn.banhang.TestValidNhapTien" time="0.010" errors="0" timestamp="2022-04-13T14:44:07 ICT" skipped="0">
  <testcase classname="com.wolvesres.quanghn.banhang.TestValidNhapTien" name="testValidNhapTienBoTrongFail" time="0.001"/>
  <system-out/>
  <testcase classname="com.wolvesres.quanghn.banhang.TestValidNhapTien" name="testValidNhapTienBoTrongFail" time="0.000"/>
  <system-out/>
  <testcase classname="com.wolvesres.quanghn.banhang.TestValidNhapTien" name="testValidNhapTienBoTrongFail" time="0.001"/>
  <system-out/>
  <testcase classname="com.wolvesres.quanghn.banhang.TestValidNhapTien" name="testValidNhapTienBoTrongFail" time="0.008"/>
  <system-out/>
</testsuite> <!-- com.wolvesres.quanghn.banhang.TestValidNhapTien -->
