<?xml version="1.0" encoding="UTF-8"?>
<!-- Generated by org.testng.reporters.JUnitReportReporter -->
<testsuite hostname="DESKTOP-KLPCFEN" failures="0" tests="23" name="com.wolvesres.haotn.nhanvien.TestNhanVien" time="2.110" errors="0" timestamp="2022-04-21T22:14:26 ICT" skipped="0">
  <testcase classname="com.wolvesres.haotn.nhanvien.TestNhanVien" name="testThemNhanVien" time="0.116"/>
  <system-out/>
  <testcase classname="com.wolvesres.haotn.nhanvien.TestNhanVien" name="testThemNhanVien" time="0.117"/>
  <system-out/>
  <testcase classname="com.wolvesres.haotn.nhanvien.TestNhanVien" name="testThemNhanVien" time="0.124"/>
  <system-out/>
  <testcase classname="com.wolvesres.haotn.nhanvien.TestNhanVien" name="testThemNhanVien" time="0.117"/>
  <system-out/>
  <testcase classname="com.wolvesres.haotn.nhanvien.TestNhanVien" name="testThemNhanVien" time="0.116"/>
  <system-out/>
  <testcase classname="com.wolvesres.haotn.nhanvien.TestNhanVien" name="testThemNhanVien" time="0.110"/>
  <system-out/>
  <testcase classname="com.wolvesres.haotn.nhanvien.TestNhanVien" name="testThemNhanVien" time="0.107"/>
  <system-out/>
  <testcase classname="com.wolvesres.haotn.nhanvien.TestNhanVien" name="testThemNhanVien" time="0.104"/>
  <system-out/>
  <testcase classname="com.wolvesres.haotn.nhanvien.TestNhanVien" name="testThemNhanVien" time="0.113"/>
  <system-out/>
  <testcase classname="com.wolvesres.haotn.nhanvien.TestNhanVien" name="testThemNhanVien" time="0.109"/>
  <system-out/>
  <testcase classname="com.wolvesres.haotn.nhanvien.TestNhanVien" name="testThemNhanVien" time="0.075"/>
  <system-out/>
  <testcase classname="com.wolvesres.haotn.nhanvien.TestNhanVien" name="testThemNhanVien" time="0.414"/>
  <system-out/>
  <testcase classname="com.wolvesres.haotn.nhanvien.TestNhanVien" name="testCapNhatNhanVien" time="0.056"/>
  <system-out/>
  <testcase classname="com.wolvesres.haotn.nhanvien.TestNhanVien" name="testCapNhatNhanVien" time="0.067"/>
  <system-out/>
  <testcase classname="com.wolvesres.haotn.nhanvien.TestNhanVien" name="testCapNhatNhanVien" time="0.074"/>
  <system-out/>
  <testcase classname="com.wolvesres.haotn.nhanvien.TestNhanVien" name="testCapNhatNhanVien" time="0.059"/>
  <system-out/>
  <testcase classname="com.wolvesres.haotn.nhanvien.TestNhanVien" name="testCapNhatNhanVien" time="0.052"/>
  <system-out/>
  <testcase classname="com.wolvesres.haotn.nhanvien.TestNhanVien" name="testDeleteNhanVien" time="0.039"/>
  <system-out/>
  <testcase classname="com.wolvesres.haotn.nhanvien.TestNhanVien" name="testDeleteNhanVien" time="0.057"/>
  <system-out/>
  <testcase classname="com.wolvesres.haotn.nhanvien.TestNhanVien" name="testDeleteNhanVien" time="0.038"/>
  <system-out/>
  <testcase classname="com.wolvesres.haotn.nhanvien.TestNhanVien" name="testTimKiemNhanVien" time="0.016"/>
  <system-out/>
  <testcase classname="com.wolvesres.haotn.nhanvien.TestNhanVien" name="testTimKiemNhanVien" time="0.015"/>
  <system-out/>
  <testcase classname="com.wolvesres.haotn.nhanvien.TestNhanVien" name="testTimKiemNhanVien" time="0.015"/>
  <system-out/>
</testsuite> <!-- com.wolvesres.haotn.nhanvien.TestNhanVien -->
