<?xml version="1.0" encoding="UTF-8"?>
<!-- Generated by org.testng.reporters.JUnitReportReporter -->
<testsuite hostname="TRANTHANHHO" failures="0" tests="6" name="com.wolvesres.hott.banhang.TestImportMoney" time="0.011" errors="0" timestamp="2022-04-14T15:04:00 ICT" skipped="0">
  <testcase classname="com.wolvesres.hott.banhang.TestImportMoney" name="testImportMoneyFailB" time="0.001"/>
  <system-out/>
  <testcase classname="com.wolvesres.hott.banhang.TestImportMoney" name="testImportMoneyFailB" time="0.006"/>
  <system-out/>
  <testcase classname="com.wolvesres.hott.banhang.TestImportMoney" name="testImportMoneyFailB" time="0.001"/>
  <system-out/>
  <testcase classname="com.wolvesres.hott.banhang.TestImportMoney" name="testImportMoneyFailB" time="0.001"/>
  <system-out/>
  <testcase classname="com.wolvesres.hott.banhang.TestImportMoney" name="testImportMoneyFailB" time="0.001"/>
  <system-out/>
  <testcase classname="com.wolvesres.hott.banhang.TestImportMoney" name="testImportMoneyFailB" time="0.001"/>
  <system-out/>
</testsuite> <!-- com.wolvesres.hott.banhang.TestImportMoney -->
