<?xml version="1.0" encoding="UTF-8"?>
<!-- Generated by org.testng.reporters.JUnitReportReporter -->
<testsuite hostname="Nguyen-Van-Nhut-Truong" failures="0" tests="7" name="com.wolvesres.truongnvn.kho.TestXuatNhapKho" time="0.941" errors="0" timestamp="2022-04-22T01:24:45 ICT" skipped="0">
  <testcase classname="com.wolvesres.truongnvn.kho.TestXuatNhapKho" name="testThemLichSuKho" time="0.122"/>
  <system-out/>
  <testcase classname="com.wolvesres.truongnvn.kho.TestXuatNhapKho" name="testThemLichSuKho" time="0.094"/>
  <system-out/>
  <testcase classname="com.wolvesres.truongnvn.kho.TestXuatNhapKho" name="testThemLichSuKho" time="0.139"/>
  <system-out/>
  <testcase classname="com.wolvesres.truongnvn.kho.TestXuatNhapKho" name="testThemLichSuKho" time="0.448"/>
  <system-out/>
  <testcase classname="com.wolvesres.truongnvn.kho.TestXuatNhapKho" name="testTimKiemNhanVien" time="0.050"/>
  <system-out/>
  <testcase classname="com.wolvesres.truongnvn.kho.TestXuatNhapKho" name="testTimKiemNhanVien" time="0.047"/>
  <system-out/>
  <testcase classname="com.wolvesres.truongnvn.kho.TestXuatNhapKho" name="testTimKiemNhanVien" time="0.041"/>
  <system-out/>
</testsuite> <!-- com.wolvesres.truongnvn.kho.TestXuatNhapKho -->
