<?xml version="1.0" encoding="UTF-8"?>
<!-- Generated by org.testng.reporters.JUnitReportReporter -->
<testsuite hostname="TRANTHANHHO" failures="0" tests="5" name="com.wolvesres.hott.khuban.TestKhuBan" time="0.359" errors="0" timestamp="2022-04-22T02:53:32 ICT" skipped="0">
  <testcase classname="com.wolvesres.hott.khuban.TestKhuBan" name="testCapNhatKhuBan" time="0.028"/>
  <system-out/>
  <testcase classname="com.wolvesres.hott.khuban.TestKhuBan" name="testCapNhatKhuBan" time="0.027"/>
  <system-out/>
  <testcase classname="com.wolvesres.hott.khuban.TestKhuBan" name="testCapNhatKhuBan" time="0.024"/>
  <system-out/>
  <testcase classname="com.wolvesres.hott.khuban.TestKhuBan" name="testCapNhatKhuBan" time="0.027"/>
  <system-out/>
  <testcase classname="com.wolvesres.hott.khuban.TestKhuBan" name="testCapNhatKhuBan" time="0.253"/>
  <system-out/>
</testsuite> <!-- com.wolvesres.hott.khuban.TestKhuBan -->
