<?xml version="1.0" encoding="UTF-8"?>
<!-- Generated by org.testng.reporters.JUnitReportReporter -->
<testsuite hostname="DESKTOP-KLPCFEN" failures="0" tests="18" name="com.wolvesres.haotn.order_entity.TestOrder" time="1.794" errors="0" timestamp="2022-04-22T10:32:05 ICT" skipped="0">
  <testcase classname="com.wolvesres.haotn.order_entity.TestOrder" name="testThemOrder" time="0.102"/>
  <system-out/>
  <testcase classname="com.wolvesres.haotn.order_entity.TestOrder" name="testThemOrder" time="0.092"/>
  <system-out/>
  <testcase classname="com.wolvesres.haotn.order_entity.TestOrder" name="testThemOrder" time="0.096"/>
  <system-out/>
  <testcase classname="com.wolvesres.haotn.order_entity.TestOrder" name="testThemOrder" time="0.097"/>
  <system-out/>
  <testcase classname="com.wolvesres.haotn.order_entity.TestOrder" name="testThemOrder" time="0.038"/>
  <system-out/>
  <testcase classname="com.wolvesres.haotn.order_entity.TestOrder" name="testThemOrder" time="0.368"/>
  <system-out/>
  <testcase classname="com.wolvesres.haotn.order_entity.TestOrder" name="testThemOrder" time="0.090"/>
  <system-out/>
  <testcase classname="com.wolvesres.haotn.order_entity.TestOrder" name="testThemOrder" time="0.104"/>
  <system-out/>
  <testcase classname="com.wolvesres.haotn.order_entity.TestOrder" name="testThemOrder" time="0.059"/>
  <system-out/>
  <testcase classname="com.wolvesres.haotn.order_entity.TestOrder" name="testThemOrder" time="0.091"/>
  <system-out/>
  <testcase classname="com.wolvesres.haotn.order_entity.TestOrder" name="testCapNhatOrder" time="0.096"/>
  <system-out/>
  <testcase classname="com.wolvesres.haotn.order_entity.TestOrder" name="testCapNhatOrder" time="0.095"/>
  <system-out/>
  <testcase classname="com.wolvesres.haotn.order_entity.TestOrder" name="testCapNhatOrder" time="0.079"/>
  <system-out/>
  <testcase classname="com.wolvesres.haotn.order_entity.TestOrder" name="testCapNhatOrder" time="0.112"/>
  <system-out/>
  <testcase classname="com.wolvesres.haotn.order_entity.TestOrder" name="testCapNhatOrder" time="0.117"/>
  <system-out/>
  <testcase classname="com.wolvesres.haotn.order_entity.TestOrder" name="testDeleteOrder" time="0.057"/>
  <system-out/>
  <testcase classname="com.wolvesres.haotn.order_entity.TestOrder" name="testDeleteOrder" time="0.052"/>
  <system-out/>
  <testcase classname="com.wolvesres.haotn.order_entity.TestOrder" name="testDeleteOrder" time="0.049"/>
  <system-out/>
</testsuite> <!-- com.wolvesres.haotn.order_entity.TestOrder -->
