<?xml version="1.0" encoding="UTF-8"?>
<!-- Generated by org.testng.reporters.JUnitReportReporter -->
<testsuite hostname="DESKTOP-MI32UU7" failures="0" tests="5" name="com.wolvesres.quanghn.voucher.TestValidVoucher" time="0.049" errors="0" timestamp="2022-04-12T00:00:32 ICT" skipped="0">
  <testcase classname="com.wolvesres.quanghn.voucher.TestValidVoucher" name="testValidVoucherChonNgayFail" time="0.001"/>
  <system-out/>
  <testcase classname="com.wolvesres.quanghn.voucher.TestValidVoucher" name="testValidVoucherChonNgayFail" time="0.001"/>
  <system-out/>
  <testcase classname="com.wolvesres.quanghn.voucher.TestValidVoucher" name="testValidVoucherChonNgayFail" time="0.001"/>
  <system-out/>
  <testcase classname="com.wolvesres.quanghn.voucher.TestValidVoucher" name="testValidVoucherChonNgayFail" time="0.000"/>
  <system-out/>
  <testcase classname="com.wolvesres.quanghn.voucher.TestValidVoucher" name="testValidVoucherChonNgayFail" time="0.046"/>
  <system-out/>
</testsuite> <!-- com.wolvesres.quanghn.voucher.TestValidVoucher -->
