<?xml version="1.0" encoding="UTF-8"?>
<!-- Generated by org.testng.reporters.JUnitReportReporter -->
<testsuite hostname="Nguyen-Van-Nhut-Truong" failures="0" tests="3" name="com.wolvesres.truongnvn.voucher.TestSoluongVouvherBoTrong" time="0.011" errors="0" timestamp="2022-04-13T14:31:50 ICT" skipped="0">
  <testcase classname="com.wolvesres.truongnvn.voucher.TestSoluongVouvherBoTrong" name="testValidSoLuongEmpty" time="0.009"/>
  <system-out/>
  <testcase classname="com.wolvesres.truongnvn.voucher.TestSoluongVouvherBoTrong" name="testValidSoLuongEmpty" time="0.001"/>
  <system-out/>
  <testcase classname="com.wolvesres.truongnvn.voucher.TestSoluongVouvherBoTrong" name="testValidSoLuongEmpty" time="0.001"/>
  <system-out/>
</testsuite> <!-- com.wolvesres.truongnvn.voucher.TestSoluongVouvherBoTrong -->
