<?xml version="1.0" encoding="UTF-8"?>
<!-- Generated by org.testng.reporters.JUnitReportReporter -->
<testsuite hostname="ducvhpc01395" failures="0" tests="3" name="com.wolvesres.ducvh.voucher.VoucherEndPastTestFail" time="0.012" errors="0" timestamp="2022-04-12T16:37:02 ICT" skipped="0">
  <testcase classname="com.wolvesres.ducvh.voucher.VoucherEndPastTestFail" name="f" time="0.002"/>
  <system-out/>
  <testcase classname="com.wolvesres.ducvh.voucher.VoucherEndPastTestFail" name="f" time="0.000"/>
  <system-out/>
  <testcase classname="com.wolvesres.ducvh.voucher.VoucherEndPastTestFail" name="f" time="0.010"/>
  <system-out/>
</testsuite> <!-- com.wolvesres.ducvh.voucher.VoucherEndPastTestFail -->
