<?xml version="1.0" encoding="UTF-8"?>
<!-- Generated by org.testng.reporters.JUnitReportReporter -->
<testsuite hostname="DESKTOP-KLPCFEN" failures="0" tests="7" name="com.wolvesres.truongnvn.nhanvien.TestValidEmail" time="0.005" errors="0" timestamp="2022-04-14T22:59:39 ICT" skipped="0">
  <testcase classname="com.wolvesres.truongnvn.nhanvien.TestValidEmail" name="testValidEmailCoKhoangTrangFalse" time="0.000"/>
  <system-out/>
  <testcase classname="com.wolvesres.truongnvn.nhanvien.TestValidEmail" name="testValidEmailCoKhoangTrangFalse" time="0.001"/>
  <system-out/>
  <testcase classname="com.wolvesres.truongnvn.nhanvien.TestValidEmail" name="testValidEmailCoKhoangTrangFalse" time="0.001"/>
  <system-out/>
  <testcase classname="com.wolvesres.truongnvn.nhanvien.TestValidEmail" name="testValidEmailCoKhoangTrangFalse" time="0.001"/>
  <system-out/>
  <testcase classname="com.wolvesres.truongnvn.nhanvien.TestValidEmail" name="testValidEmailCoKhoangTrangFalse" time="0.000"/>
  <system-out/>
  <testcase classname="com.wolvesres.truongnvn.nhanvien.TestValidEmail" name="testValidEmailCoKhoangTrangFalse" time="0.001"/>
  <system-out/>
  <testcase classname="com.wolvesres.truongnvn.nhanvien.TestValidEmail" name="testValidEmailEmpty" time="0.001"/>
  <system-out/>
</testsuite> <!-- com.wolvesres.truongnvn.nhanvien.TestValidEmail -->
