<?xml version="1.0" encoding="UTF-8"?>
<!-- Generated by org.testng.reporters.JUnitReportReporter -->
<testsuite hostname="DESKTOP-KLPCFEN" failures="0" tests="5" name="com.wolvesres.ducvh.voucher.VoucherQuanMinusTestFail" time="0.007" errors="0" timestamp="2022-04-15T13:46:07 ICT" skipped="0">
  <testcase classname="com.wolvesres.ducvh.voucher.VoucherQuanMinusTestFail" name="f" time="0.001"/>
  <system-out/>
  <testcase classname="com.wolvesres.ducvh.voucher.VoucherQuanMinusTestFail" name="f" time="0.001"/>
  <system-out/>
  <testcase classname="com.wolvesres.ducvh.voucher.VoucherQuanMinusTestFail" name="f" time="0.004"/>
  <system-out/>
  <testcase classname="com.wolvesres.ducvh.voucher.VoucherQuanMinusTestFail" name="f" time="0.000"/>
  <system-out/>
  <testcase classname="com.wolvesres.ducvh.voucher.VoucherQuanMinusTestFail" name="f" time="0.001"/>
  <system-out/>
</testsuite> <!-- com.wolvesres.ducvh.voucher.VoucherQuanMinusTestFail -->
