<?xml version="1.0" encoding="UTF-8"?>
<!-- Generated by org.testng.reporters.JUnitReportReporter -->
<testsuite hostname="TRANTHANHHO" failures="0" tests="18" name="com.wolvesres.hott.ban.TestBan" time="0.797" errors="0" timestamp="2022-04-22T02:58:31 ICT" skipped="0">
  <testcase classname="com.wolvesres.hott.ban.TestBan" name="testThemBan" time="0.037"/>
  <system-out/>
  <testcase classname="com.wolvesres.hott.ban.TestBan" name="testThemBan" time="0.039"/>
  <system-out/>
  <testcase classname="com.wolvesres.hott.ban.TestBan" name="testThemBan" time="0.040"/>
  <system-out/>
  <testcase classname="com.wolvesres.hott.ban.TestBan" name="testThemBan" time="0.038"/>
  <system-out/>
  <testcase classname="com.wolvesres.hott.ban.TestBan" name="testThemBan" time="0.249"/>
  <system-out/>
  <testcase classname="com.wolvesres.hott.ban.TestBan" name="testThemBan" time="0.036"/>
  <system-out/>
  <testcase classname="com.wolvesres.hott.ban.TestBan" name="testThemBan" time="0.039"/>
  <system-out/>
  <testcase classname="com.wolvesres.hott.ban.TestBan" name="testThemBan" time="0.033"/>
  <system-out/>
  <testcase classname="com.wolvesres.hott.ban.TestBan" name="testThemBan" time="0.043"/>
  <system-out/>
  <testcase classname="com.wolvesres.hott.ban.TestBan" name="testThemBan" time="0.037"/>
  <system-out/>
  <testcase classname="com.wolvesres.hott.ban.TestBan" name="testCapNhatBan" time="0.022"/>
  <system-out/>
  <testcase classname="com.wolvesres.hott.ban.TestBan" name="testCapNhatBan" time="0.021"/>
  <system-out/>
  <testcase classname="com.wolvesres.hott.ban.TestBan" name="testCapNhatBan" time="0.023"/>
  <system-out/>
  <testcase classname="com.wolvesres.hott.ban.TestBan" name="testCapNhatBan" time="0.021"/>
  <system-out/>
  <testcase classname="com.wolvesres.hott.ban.TestBan" name="testCapNhatBan" time="0.026"/>
  <system-out/>
  <testcase classname="com.wolvesres.hott.ban.TestBan" name="testDeleteBan" time="0.034"/>
  <system-out/>
  <testcase classname="com.wolvesres.hott.ban.TestBan" name="testDeleteBan" time="0.030"/>
  <system-out/>
  <testcase classname="com.wolvesres.hott.ban.TestBan" name="testDeleteBan" time="0.029"/>
  <system-out/>
</testsuite> <!-- com.wolvesres.hott.ban.TestBan -->
