<?xml version="1.0" encoding="UTF-8"?>
<!-- Generated by org.testng.reporters.JUnitReportReporter -->
<testsuite hostname="DESKTOP-KLPCFEN" failures="0" tests="11" name="com.wolvesres.hott.banhang.TestImportMoney" time="0.027" errors="0" timestamp="2022-04-15T12:16:25 ICT" skipped="0">
  <testcase classname="com.wolvesres.hott.banhang.TestImportMoney" name="testImportMoneyFailB" time="0.001"/>
  <system-out/>
  <testcase classname="com.wolvesres.hott.banhang.TestImportMoney" name="testImportMoneyFailA" time="0.001"/>
  <system-out/>
  <testcase classname="com.wolvesres.hott.banhang.TestImportMoney" name="testImportMoneyFailB" time="0.000"/>
  <system-out/>
  <testcase classname="com.wolvesres.hott.banhang.TestImportMoney" name="testImportMoneyFailB" time="0.000"/>
  <system-out/>
  <testcase classname="com.wolvesres.hott.banhang.TestImportMoney" name="testImportMoneyFailB" time="0.000"/>
  <system-out/>
  <testcase classname="com.wolvesres.hott.banhang.TestImportMoney" name="testImportMoneyFailA" time="0.013"/>
  <system-out/>
  <testcase classname="com.wolvesres.hott.banhang.TestImportMoney" name="testImportMoneyFailB" time="0.001"/>
  <system-out/>
  <testcase classname="com.wolvesres.hott.banhang.TestImportMoney" name="testImportMoneyFailA" time="0.001"/>
  <system-out/>
  <testcase classname="com.wolvesres.hott.banhang.TestImportMoney" name="testImportMoneyFailB" time="0.008"/>
  <system-out/>
  <testcase classname="com.wolvesres.hott.banhang.TestImportMoney" name="testImportMoneyFailA" time="0.001"/>
  <system-out/>
  <testcase classname="com.wolvesres.hott.banhang.TestImportMoney" name="testImportMoneyFailA" time="0.001"/>
  <system-out/>
</testsuite> <!-- com.wolvesres.hott.banhang.TestImportMoney -->
