<?xml version="1.0" encoding="UTF-8"?>
<!-- Generated by org.testng.reporters.JUnitReportReporter -->
<testsuite hostname="DESKTOP-KLPCFEN" failures="0" tests="1" name="com.wolvesres.haotn.khuban.TestValidTableAreaName" time="0.008" errors="0" timestamp="2022-04-11T20:36:22 ICT" skipped="0">
  <testcase classname="com.wolvesres.haotn.khuban.TestValidTableAreaName" name="testInvalidTableAreaName" time="0.008"/>
  <system-out/>
</testsuite> <!-- com.wolvesres.haotn.khuban.TestValidTableAreaName -->
