<?xml version="1.0" encoding="UTF-8"?>
<!-- Generated by org.testng.reporters.JUnitReportReporter -->
<testsuite hostname="DESKTOP-KLPCFEN" failures="0" tests="5" name="com.wolvesres.haotn.nhanvien.TestValidIdNational" time="0.470" errors="0" timestamp="2022-04-13T14:38:29 ICT" skipped="0">
  <testcase classname="com.wolvesres.haotn.nhanvien.TestValidIdNational" name="testIdNationalFail" time="0.031"/>
  <system-out/>
  <testcase classname="com.wolvesres.haotn.nhanvien.TestValidIdNational" name="testIdNationalFail" time="0.359"/>
  <system-out/>
  <testcase classname="com.wolvesres.haotn.nhanvien.TestValidIdNational" name="testIdNationalFail" time="0.028"/>
  <system-out/>
  <testcase classname="com.wolvesres.haotn.nhanvien.TestValidIdNational" name="testIdNationalFail" time="0.029"/>
  <system-out/>
  <testcase classname="com.wolvesres.haotn.nhanvien.TestValidIdNational" name="testIdNationalFail" time="0.023"/>
  <system-out/>
</testsuite> <!-- com.wolvesres.haotn.nhanvien.TestValidIdNational -->
