<?xml version="1.0" encoding="UTF-8"?>
<!-- Generated by org.testng.reporters.JUnitReportReporter -->
<testsuite hostname="Nguyen-Van-Nhut-Truong" failures="0" tests="3" name="com.wolvesres.truongnvn.kho.TestSoluongXuatKho" time="6.856" errors="0" timestamp="2022-04-12T14:15:27 ICT" skipped="0">
  <testcase classname="com.wolvesres.truongnvn.kho.TestSoluongXuatKho" name="testValidSoLuongEmpty" time="0.012"/>
  <system-out/>
  <testcase classname="com.wolvesres.truongnvn.kho.TestSoluongXuatKho" name="testValidGia" time="3.293"/>
  <system-out/>
  <testcase classname="com.wolvesres.truongnvn.kho.TestSoluongXuatKho" name="testValidGia" time="3.551"/>
  <system-out/>
</testsuite> <!-- com.wolvesres.truongnvn.kho.TestSoluongXuatKho -->
