<?xml version="1.0" encoding="UTF-8"?>
<!-- Generated by org.testng.reporters.JUnitReportReporter -->
<testsuite hostname="ducvhpc01395" failures="0" tests="1" name="com.wolvesres.ducvh.danhmuc.TestDanhMuc" time="0.425" errors="0" timestamp="2022-04-22T01:39:19 ICT" skipped="0">
  <testcase classname="com.wolvesres.ducvh.danhmuc.TestDanhMuc" name="XoaDM" time="0.425"/>
  <system-out/>
</testsuite> <!-- com.wolvesres.ducvh.danhmuc.TestDanhMuc -->
