<?xml version="1.0" encoding="UTF-8"?>
<!-- Generated by org.testng.reporters.JUnitReportReporter -->
<testsuite hostname="DESKTOP-KLPCFEN" failures="0" tests="5" name="com.wolvesres.haotn.voucher.TestEndDateVoucher" time="0.023" errors="0" timestamp="2022-04-15T13:46:07 ICT" skipped="0">
  <testcase classname="com.wolvesres.haotn.voucher.TestEndDateVoucher" name="testEndDateVoucherFail" time="0.003"/>
  <system-out/>
  <testcase classname="com.wolvesres.haotn.voucher.TestEndDateVoucher" name="testEndDateVoucherFail" time="0.001"/>
  <system-out/>
  <testcase classname="com.wolvesres.haotn.voucher.TestEndDateVoucher" name="testEndDateVoucherFail" time="0.002"/>
  <system-out/>
  <testcase classname="com.wolvesres.haotn.voucher.TestEndDateVoucher" name="testEndDateVoucherFail" time="0.016"/>
  <system-out/>
  <testcase classname="com.wolvesres.haotn.voucher.TestEndDateVoucher" name="testEndDateVoucherFail" time="0.001"/>
  <system-out/>
</testsuite> <!-- com.wolvesres.haotn.voucher.TestEndDateVoucher -->
