<?xml version="1.0" encoding="UTF-8"?>
<!-- Generated by org.testng.reporters.JUnitReportReporter -->
<testsuite hostname="DESKTOP-KLPCFEN" failures="0" tests="5" name="com.wolvesres.haotn.nhanvien.TestValidIdNational" time="0.713" errors="0" timestamp="2022-04-14T23:04:20 ICT" skipped="0">
  <testcase classname="com.wolvesres.haotn.nhanvien.TestValidIdNational" name="testIdNationalFail" time="0.574"/>
  <system-out/>
  <testcase classname="com.wolvesres.haotn.nhanvien.TestValidIdNational" name="testIdNationalFail" time="0.026"/>
  <system-out/>
  <testcase classname="com.wolvesres.haotn.nhanvien.TestValidIdNational" name="testIdNationalFail" time="0.027"/>
  <system-out/>
  <testcase classname="com.wolvesres.haotn.nhanvien.TestValidIdNational" name="testIdNationalFail" time="0.062"/>
  <system-out/>
  <testcase classname="com.wolvesres.haotn.nhanvien.TestValidIdNational" name="testIdNationalFail" time="0.024"/>
  <system-out/>
</testsuite> <!-- com.wolvesres.haotn.nhanvien.TestValidIdNational -->
