<?xml version="1.0" encoding="UTF-8"?>
<!-- Generated by org.testng.reporters.JUnitReportReporter -->
<testsuite hostname="TRANTHANHHO" failures="0" tests="4" name="com.wolvesres.hott.banhang.TestImportMoney" time="0.008" errors="0" timestamp="2022-04-12T12:52:13 ICT" skipped="0">
  <testcase classname="com.wolvesres.hott.banhang.TestImportMoney" name="testImportMoneyFailB" time="0.002"/>
  <system-out/>
  <testcase classname="com.wolvesres.hott.banhang.TestImportMoney" name="testImportMoneyFailA" time="0.005"/>
  <system-out/>
  <testcase classname="com.wolvesres.hott.banhang.TestImportMoney" name="testImportMoneyFailB" time="0.001"/>
  <system-out/>
  <testcase classname="com.wolvesres.hott.banhang.TestImportMoney" name="testImportMoneyFailA" time="0.000"/>
  <system-out/>
</testsuite> <!-- com.wolvesres.hott.banhang.TestImportMoney -->
