<?xml version="1.0" encoding="UTF-8"?>
<!-- Generated by org.testng.reporters.JUnitReportReporter -->
<testsuite hostname="DESKTOP-KLPCFEN" failures="0" tests="12" name="com.wolvesres.haotn.nhanvien.TestValidFullname" time="0.944" errors="0" timestamp="2022-04-13T12:32:41 ICT" skipped="0">
  <testcase classname="com.wolvesres.haotn.nhanvien.TestValidFullname" name="testValidFullnameSuccess" time="0.048"/>
  <system-out/>
  <testcase classname="com.wolvesres.haotn.nhanvien.TestValidFullname" name="testValidFullnameSuccess" time="0.426"/>
  <system-out/>
  <testcase classname="com.wolvesres.haotn.nhanvien.TestValidFullname" name="testValidFullnameSuccess" time="0.051"/>
  <system-out/>
  <testcase classname="com.wolvesres.haotn.nhanvien.TestValidFullname" name="testValidFullnameSuccess" time="0.045"/>
  <system-out/>
  <testcase classname="com.wolvesres.haotn.nhanvien.TestValidFullname" name="testValidFullnameSuccess" time="0.047"/>
  <system-out/>
  <testcase classname="com.wolvesres.haotn.nhanvien.TestValidFullname" name="testValidFullnameSuccess" time="0.055"/>
  <system-out/>
  <testcase classname="com.wolvesres.haotn.nhanvien.TestValidFullname" name="testValidFullnameSuccess" time="0.050"/>
  <system-out/>
  <testcase classname="com.wolvesres.haotn.nhanvien.TestValidFullname" name="testValidFullnameSuccess" time="0.050"/>
  <system-out/>
  <testcase classname="com.wolvesres.haotn.nhanvien.TestValidFullname" name="testValidFullnameSuccess" time="0.051"/>
  <system-out/>
  <testcase classname="com.wolvesres.haotn.nhanvien.TestValidFullname" name="testValidFullnameSuccess" time="0.044"/>
  <system-out/>
  <testcase classname="com.wolvesres.haotn.nhanvien.TestValidFullname" name="testValidFullnameSuccess" time="0.034"/>
  <system-out/>
  <testcase classname="com.wolvesres.haotn.nhanvien.TestValidFullname" name="testValidFullnameSuccess" time="0.043"/>
  <system-out/>
</testsuite> <!-- com.wolvesres.haotn.nhanvien.TestValidFullname -->
