<?xml version="1.0" encoding="UTF-8"?>
<!-- Generated by org.testng.reporters.JUnitReportReporter -->
<testsuite hostname="Nguyen-Van-Nhut-Truong" failures="0" tests="3" name="com.wolvesres.truongnvn.khuban.TestEqualsKhuBan" time="0.008" errors="0" timestamp="2022-04-11T23:45:12 ICT" skipped="0">
  <testcase classname="com.wolvesres.truongnvn.khuban.TestEqualsKhuBan" name="testValidCCCDNamTheoTheKi" time="0.000"/>
  <system-out/>
  <testcase classname="com.wolvesres.truongnvn.khuban.TestEqualsKhuBan" name="testValidCCCDNamTheoTheKi" time="0.007"/>
  <system-out/>
  <testcase classname="com.wolvesres.truongnvn.khuban.TestEqualsKhuBan" name="testValidCCCDNamTheoTheKi" time="0.001"/>
  <system-out/>
</testsuite> <!-- com.wolvesres.truongnvn.khuban.TestEqualsKhuBan -->
