<?xml version="1.0" encoding="UTF-8"?>
<!-- Generated by org.testng.reporters.JUnitReportReporter -->
<testsuite hostname="DESKTOP-MI32UU7" failures="0" tests="3" name="com.wolvesres.taikhoan.TestValidXacNhanMatKhau" time="0.010" errors="0" timestamp="2022-04-11T23:24:49 ICT" skipped="0">
  <testcase classname="com.wolvesres.taikhoan.TestValidXacNhanMatKhau" name="testValidXacNhanMatKhauSuccess" time="0.001"/>
  <system-out/>
  <testcase classname="com.wolvesres.taikhoan.TestValidXacNhanMatKhau" name="testValidXacNhanMatKhauSuccess" time="0.001"/>
  <system-out/>
  <testcase classname="com.wolvesres.taikhoan.TestValidXacNhanMatKhau" name="testValidXacNhanMatKhauSuccess" time="0.008"/>
  <system-out/>
</testsuite> <!-- com.wolvesres.taikhoan.TestValidXacNhanMatKhau -->
