<?xml version="1.0" encoding="UTF-8"?>
<!-- Generated by org.testng.reporters.JUnitReportReporter -->
<testsuite hostname="DESKTOP-MI32UU7" failures="0" tests="1" name="com.wolvesres.haotn.thucdon.TestAutoGenerateIdProduct" time="0.052" errors="0" timestamp="2022-04-11T20:50:20 ICT" skipped="0">
  <testcase classname="com.wolvesres.haotn.thucdon.TestAutoGenerateIdProduct" name="testAutoGenerateIdProduct" time="0.052"/>
  <system-out/>
</testsuite> <!-- com.wolvesres.haotn.thucdon.TestAutoGenerateIdProduct -->
