<?xml version="1.0" encoding="UTF-8"?>
<!-- Generated by org.testng.reporters.JUnitReportReporter -->
<testsuite hostname="DESKTOP-KLPCFEN" failures="0" tests="1" name="com.wolvesres.haotn.sanpham.TestAutoGenerateIdProduct" time="0.038" errors="0" timestamp="2022-04-14T23:04:59 ICT" skipped="0">
  <testcase classname="com.wolvesres.haotn.sanpham.TestAutoGenerateIdProduct" name="testAutoGenerateIdProduct" time="0.038"/>
  <system-out/>
</testsuite> <!-- com.wolvesres.haotn.sanpham.TestAutoGenerateIdProduct -->
