<?xml version="1.0" encoding="UTF-8"?>
<!-- Generated by org.testng.reporters.JUnitReportReporter -->
<testsuite hostname="ducvhpc01395" failures="0" tests="3" name="com.wolvesres.ducvh.sanpham.TestSanPham" time="0.137" errors="0" timestamp="2022-04-22T10:28:06 ICT" skipped="0">
  <testcase classname="com.wolvesres.ducvh.sanpham.TestSanPham" name="testThemSP" time="0.042"/>
  <system-out/>
  <testcase classname="com.wolvesres.ducvh.sanpham.TestSanPham" name="testThemSP" time="0.041"/>
  <system-out/>
  <testcase classname="com.wolvesres.ducvh.sanpham.TestSanPham" name="testThemSP" time="0.054"/>
  <system-out/>
</testsuite> <!-- com.wolvesres.ducvh.sanpham.TestSanPham -->
