<?xml version="1.0" encoding="UTF-8"?>
<!-- Generated by org.testng.reporters.JUnitReportReporter -->
<testsuite hostname="Nguyen-Van-Nhut-Truong" failures="0" tests="4" name="com.wolvesres.truongnvn.kho.TestKho" time="0.641" errors="0" timestamp="2022-04-22T03:48:37 ICT" skipped="0">
  <testcase classname="com.wolvesres.truongnvn.kho.TestKho" name="testNhapKho" time="0.060"/>
  <system-out/>
  <testcase classname="com.wolvesres.truongnvn.kho.TestKho" name="testNhapKho" time="0.459"/>
  <system-out/>
  <testcase classname="com.wolvesres.truongnvn.kho.TestKho" name="testXuatKho" time="0.063"/>
  <system-out/>
  <testcase classname="com.wolvesres.truongnvn.kho.TestKho" name="testXuatKho" time="0.059"/>
  <system-out/>
</testsuite> <!-- com.wolvesres.truongnvn.kho.TestKho -->
