<?xml version="1.0" encoding="UTF-8"?>
<!-- Generated by org.testng.reporters.JUnitReportReporter -->
<testsuite hostname="Nguyen-Van-Nhut-Truong" failures="0" tests="5" name="com.wolvesres.truongnvn.nhanvien.TestValidFullname" time="0.013" errors="0" timestamp="2022-04-11T22:51:59 ICT" skipped="0">
  <testcase classname="com.wolvesres.truongnvn.nhanvien.TestValidFullname" name="testValidCCCDNamTheoTheKi" time="0.001"/>
  <system-out/>
  <testcase classname="com.wolvesres.truongnvn.nhanvien.TestValidFullname" name="testValidCCCDNamTheoTheKi" time="0.008"/>
  <system-out/>
  <testcase classname="com.wolvesres.truongnvn.nhanvien.TestValidFullname" name="testValidCCCDNamTheoTheKi" time="0.001"/>
  <system-out/>
  <testcase classname="com.wolvesres.truongnvn.nhanvien.TestValidFullname" name="testValidCCCDNamTheoTheKi" time="0.001"/>
  <system-out/>
  <testcase classname="com.wolvesres.truongnvn.nhanvien.TestValidFullname" name="testValidCCCDNamTheoTheKi" time="0.002"/>
  <system-out/>
</testsuite> <!-- com.wolvesres.truongnvn.nhanvien.TestValidFullname -->
