<?xml version="1.0" encoding="UTF-8"?>
<!-- Generated by org.testng.reporters.JUnitReportReporter -->
<testsuite hostname="DESKTOP-KLPCFEN" failures="0" tests="15" name="com.wolvesres.haotn.taikhoan.TestValidPassword" time="0.022" errors="0" timestamp="2022-04-15T13:46:07 ICT" skipped="0">
  <testcase classname="com.wolvesres.haotn.taikhoan.TestValidPassword" name="testValidPassworLengthFail" time="0.002"/>
  <system-out/>
  <testcase classname="com.wolvesres.haotn.taikhoan.TestValidPassword" name="testValidPassworLengthFail" time="0.002"/>
  <system-out/>
  <testcase classname="com.wolvesres.haotn.taikhoan.TestValidPassword" name="testValidPassworLengthFail" time="0.000"/>
  <system-out/>
  <testcase classname="com.wolvesres.haotn.taikhoan.TestValidPassword" name="testValidPassworLengthFail" time="0.001"/>
  <system-out/>
  <testcase classname="com.wolvesres.haotn.taikhoan.TestValidPassword" name="testValidPassworLengthFail" time="0.001"/>
  <system-out/>
  <testcase classname="com.wolvesres.haotn.taikhoan.TestValidPassword" name="testPasswordSpaceFail" time="0.001"/>
  <system-out/>
  <testcase classname="com.wolvesres.haotn.taikhoan.TestValidPassword" name="testPasswordSpaceFail" time="0.001"/>
  <system-out/>
  <testcase classname="com.wolvesres.haotn.taikhoan.TestValidPassword" name="testPasswordSpaceFail" time="0.002"/>
  <system-out/>
  <testcase classname="com.wolvesres.haotn.taikhoan.TestValidPassword" name="testPasswordSpaceFail" time="0.002"/>
  <system-out/>
  <testcase classname="com.wolvesres.haotn.taikhoan.TestValidPassword" name="testPasswordSpaceFail" time="0.001"/>
  <system-out/>
  <testcase classname="com.wolvesres.haotn.taikhoan.TestValidPassword" name="tesConfirmPasswordNotMathFail" time="0.002"/>
  <system-out/>
  <testcase classname="com.wolvesres.haotn.taikhoan.TestValidPassword" name="tesConfirmPasswordNotMathFail" time="0.001"/>
  <system-out/>
  <testcase classname="com.wolvesres.haotn.taikhoan.TestValidPassword" name="tesConfirmPasswordNotMathFail" time="0.003"/>
  <system-out/>
  <testcase classname="com.wolvesres.haotn.taikhoan.TestValidPassword" name="tesConfirmPasswordNotMathFail" time="0.001"/>
  <system-out/>
  <testcase classname="com.wolvesres.haotn.taikhoan.TestValidPassword" name="tesConfirmPasswordNotMathFail" time="0.002"/>
  <system-out/>
</testsuite> <!-- com.wolvesres.haotn.taikhoan.TestValidPassword -->
