<?xml version="1.0" encoding="UTF-8"?>
<!-- Generated by org.testng.reporters.JUnitReportReporter -->
<testsuite hostname="Nguyen-Van-Nhut-Truong" failures="0" tests="1" name="com.wolvesres.truongnvn.voucher.TestSoluongVouvherBoTrong" time="0.010" errors="0" timestamp="2022-04-11T23:52:02 ICT" skipped="0">
  <testcase classname="com.wolvesres.truongnvn.voucher.TestSoluongVouvherBoTrong" name="testValidSoLuongEmpty" time="0.010"/>
  <system-out/>
</testsuite> <!-- com.wolvesres.truongnvn.voucher.TestSoluongVouvherBoTrong -->
