<?xml version="1.0" encoding="UTF-8"?>
<!-- Generated by org.testng.reporters.JUnitReportReporter -->
<testsuite hostname="TRANTHANHHO" failures="0" tests="4" name="com.wolvesres.hott.nhanvien.TestValidIdNational" time="0.007" errors="0" timestamp="2022-04-11T20:48:58 ICT" skipped="0">
  <testcase classname="com.wolvesres.hott.nhanvien.TestValidIdNational" name="testValidIdNationalFailA" time="0.005"/>
  <system-out/>
  <testcase classname="com.wolvesres.hott.nhanvien.TestValidIdNational" name="testValidIdNationalFailB" time="0.001"/>
  <system-out/>
  <testcase classname="com.wolvesres.hott.nhanvien.TestValidIdNational" name="testValidIdNationalFailB" time="0.001"/>
  <system-out/>
  <testcase classname="com.wolvesres.hott.nhanvien.TestValidIdNational" name="testValidIdNationalFailA" time="0.000"/>
  <system-out/>
</testsuite> <!-- com.wolvesres.hott.nhanvien.TestValidIdNational -->
