<?xml version="1.0" encoding="UTF-8"?>
<!-- Generated by org.testng.reporters.JUnitReportReporter -->
<testsuite hostname="DESKTOP-MI32UU7" failures="0" tests="1" name="com.wolvesres.quanghn.hoadon.TestAutoMaHoaDon" time="0.157" errors="0" timestamp="2022-04-11T23:21:41 ICT" skipped="0">
  <testcase classname="com.wolvesres.quanghn.hoadon.TestAutoMaHoaDon" name="testAutoGenerateIdProduct" time="0.157"/>
  <system-out/>
</testsuite> <!-- com.wolvesres.quanghn.hoadon.TestAutoMaHoaDon -->
