<?xml version="1.0" encoding="UTF-8"?>
<!-- Generated by org.testng.reporters.JUnitReportReporter -->
<testsuite hostname="DESKTOP-KLPCFEN" failures="0" tests="9" name="com.wolvesres.haotn.sanpham.TestValidProductPrice" time="0.019" errors="0" timestamp="2022-04-11T20:30:12 ICT" skipped="0">
  <testcase classname="com.wolvesres.haotn.sanpham.TestValidProductPrice" name="testProductPriceIsNegative" time="0.001"/>
  <system-out/>
  <testcase classname="com.wolvesres.haotn.sanpham.TestValidProductPrice" name="testProductPriceIsNegative" time="0.001"/>
  <system-out/>
  <testcase classname="com.wolvesres.haotn.sanpham.TestValidProductPrice" name="testProductPriceIsNegative" time="0.001"/>
  <system-out/>
  <testcase classname="com.wolvesres.haotn.sanpham.TestValidProductPrice" name="testProductPriceIsNegative" time="0.001"/>
  <system-out/>
  <testcase classname="com.wolvesres.haotn.sanpham.TestValidProductPrice" name="testProductPriceIsNegative" time="0.001"/>
  <system-out/>
  <testcase classname="com.wolvesres.haotn.sanpham.TestValidProductPrice" name="testProductPriceIsNegative" time="0.001"/>
  <system-out/>
  <testcase classname="com.wolvesres.haotn.sanpham.TestValidProductPrice" name="testProductPriceEmpty" time="0.011"/>
  <system-out/>
  <testcase classname="com.wolvesres.haotn.sanpham.TestValidProductPrice" name="testProductPriceIsNegative" time="0.001"/>
  <system-out/>
  <testcase classname="com.wolvesres.haotn.sanpham.TestValidProductPrice" name="testProductPriceIsNegative" time="0.001"/>
  <system-out/>
</testsuite> <!-- com.wolvesres.haotn.sanpham.TestValidProductPrice -->
