<?xml version="1.0" encoding="UTF-8"?>
<!-- Generated by org.testng.reporters.JUnitReportReporter -->
<testsuite hostname="DESKTOP-KLPCFEN" failures="0" tests="300" name="com.wolvesres.haotn.taikhoan.TestValidPassword" time="0.137" errors="0" timestamp="2022-04-11T20:03:55 ICT" skipped="0">
  <testcase classname="com.wolvesres.haotn.taikhoan.TestValidPassword" name="testValidPasswordFailLength" time="0.001"/>
  <system-out/>
  <testcase classname="com.wolvesres.haotn.taikhoan.TestValidPassword" name="testValidPasswordFailLength" time="0.001"/>
  <system-out/>
  <testcase classname="com.wolvesres.haotn.taikhoan.TestValidPassword" name="testValidPasswordFailLength" time="0.002"/>
  <system-out/>
  <testcase classname="com.wolvesres.haotn.taikhoan.TestValidPassword" name="testValidPasswordFailLength" time="0.000"/>
  <system-out/>
  <testcase classname="com.wolvesres.haotn.taikhoan.TestValidPassword" name="testValidPasswordFailLength" time="0.002"/>
  <system-out/>
  <testcase classname="com.wolvesres.haotn.taikhoan.TestValidPassword" name="testValidPasswordFailLength" time="0.000"/>
  <system-out/>
  <testcase classname="com.wolvesres.haotn.taikhoan.TestValidPassword" name="testValidPasswordFailLength" time="0.000"/>
  <system-out/>
  <testcase classname="com.wolvesres.haotn.taikhoan.TestValidPassword" name="testValidPasswordFailLength" time="0.001"/>
  <system-out/>
  <testcase classname="com.wolvesres.haotn.taikhoan.TestValidPassword" name="testValidPasswordFailLength" time="0.000"/>
  <system-out/>
  <testcase classname="com.wolvesres.haotn.taikhoan.TestValidPassword" name="testValidPasswordFailLength" time="0.000"/>
  <system-out/>
  <testcase classname="com.wolvesres.haotn.taikhoan.TestValidPassword" name="testValidPasswordFailLength" time="0.000"/>
  <system-out/>
  <testcase classname="com.wolvesres.haotn.taikhoan.TestValidPassword" name="testValidPasswordFailLength" time="0.001"/>
  <system-out/>
  <testcase classname="com.wolvesres.haotn.taikhoan.TestValidPassword" name="testValidPasswordFailLength" time="0.001"/>
  <system-out/>
  <testcase classname="com.wolvesres.haotn.taikhoan.TestValidPassword" name="testValidPasswordFailLength" time="0.002"/>
  <system-out/>
  <testcase classname="com.wolvesres.haotn.taikhoan.TestValidPassword" name="testValidPasswordFailLength" time="0.000"/>
  <system-out/>
  <testcase classname="com.wolvesres.haotn.taikhoan.TestValidPassword" name="testValidPasswordFailLength" time="0.000"/>
  <system-out/>
  <testcase classname="com.wolvesres.haotn.taikhoan.TestValidPassword" name="testValidPasswordFailLength" time="0.001"/>
  <system-out/>
  <testcase classname="com.wolvesres.haotn.taikhoan.TestValidPassword" name="testValidPasswordFailLength" time="0.000"/>
  <system-out/>
  <testcase classname="com.wolvesres.haotn.taikhoan.TestValidPassword" name="testValidPasswordFailLength" time="0.000"/>
  <system-out/>
  <testcase classname="com.wolvesres.haotn.taikhoan.TestValidPassword" name="testValidPasswordFailLength" time="0.002"/>
  <system-out/>
  <testcase classname="com.wolvesres.haotn.taikhoan.TestValidPassword" name="testValidPasswordFailLength" time="0.001"/>
  <system-out/>
  <testcase classname="com.wolvesres.haotn.taikhoan.TestValidPassword" name="testValidPasswordFailLength" time="0.000"/>
  <system-out/>
  <testcase classname="com.wolvesres.haotn.taikhoan.TestValidPassword" name="testValidPasswordFailLength" time="0.000"/>
  <system-out/>
  <testcase classname="com.wolvesres.haotn.taikhoan.TestValidPassword" name="testValidPasswordFailLength" time="0.000"/>
  <system-out/>
  <testcase classname="com.wolvesres.haotn.taikhoan.TestValidPassword" name="testValidPasswordFailLength" time="0.000"/>
  <system-out/>
  <testcase classname="com.wolvesres.haotn.taikhoan.TestValidPassword" name="testValidPasswordFailLength" time="0.001"/>
  <system-out/>
  <testcase classname="com.wolvesres.haotn.taikhoan.TestValidPassword" name="testValidPasswordFailLength" time="0.000"/>
  <system-out/>
  <testcase classname="com.wolvesres.haotn.taikhoan.TestValidPassword" name="testValidPasswordFailLength" time="0.000"/>
  <system-out/>
  <testcase classname="com.wolvesres.haotn.taikhoan.TestValidPassword" name="testValidPasswordFailLength" time="0.000"/>
  <system-out/>
  <testcase classname="com.wolvesres.haotn.taikhoan.TestValidPassword" name="testValidPasswordFailLength" time="0.000"/>
  <system-out/>
  <testcase classname="com.wolvesres.haotn.taikhoan.TestValidPassword" name="testValidPasswordFailLength" time="0.002"/>
  <system-out/>
  <testcase classname="com.wolvesres.haotn.taikhoan.TestValidPassword" name="testValidPasswordFailLength" time="0.001"/>
  <system-out/>
  <testcase classname="com.wolvesres.haotn.taikhoan.TestValidPassword" name="testValidPasswordFailLength" time="0.000"/>
  <system-out/>
  <testcase classname="com.wolvesres.haotn.taikhoan.TestValidPassword" name="testValidPasswordFailLength" time="0.002"/>
  <system-out/>
  <testcase classname="com.wolvesres.haotn.taikhoan.TestValidPassword" name="testValidPasswordFailLength" time="0.003"/>
  <system-out/>
  <testcase classname="com.wolvesres.haotn.taikhoan.TestValidPassword" name="testValidPasswordFailLength" time="0.000"/>
  <system-out/>
  <testcase classname="com.wolvesres.haotn.taikhoan.TestValidPassword" name="testValidPasswordFailLength" time="0.000"/>
  <system-out/>
  <testcase classname="com.wolvesres.haotn.taikhoan.TestValidPassword" name="testValidPasswordFailLength" time="0.000"/>
  <system-out/>
  <testcase classname="com.wolvesres.haotn.taikhoan.TestValidPassword" name="testValidPasswordFailLength" time="0.001"/>
  <system-out/>
  <testcase classname="com.wolvesres.haotn.taikhoan.TestValidPassword" name="testValidPasswordFailLength" time="0.001"/>
  <system-out/>
  <testcase classname="com.wolvesres.haotn.taikhoan.TestValidPassword" name="testValidPasswordFailLength" time="0.000"/>
  <system-out/>
  <testcase classname="com.wolvesres.haotn.taikhoan.TestValidPassword" name="testValidPasswordFailLength" time="0.000"/>
  <system-out/>
  <testcase classname="com.wolvesres.haotn.taikhoan.TestValidPassword" name="testValidPasswordFailLength" time="0.001"/>
  <system-out/>
  <testcase classname="com.wolvesres.haotn.taikhoan.TestValidPassword" name="testValidPasswordFailLength" time="0.001"/>
  <system-out/>
  <testcase classname="com.wolvesres.haotn.taikhoan.TestValidPassword" name="testValidPasswordFailLength" time="0.006"/>
  <system-out/>
  <testcase classname="com.wolvesres.haotn.taikhoan.TestValidPassword" name="testValidPasswordFailLength" time="0.001"/>
  <system-out/>
  <testcase classname="com.wolvesres.haotn.taikhoan.TestValidPassword" name="testValidPasswordFailLength" time="0.000"/>
  <system-out/>
  <testcase classname="com.wolvesres.haotn.taikhoan.TestValidPassword" name="testValidPasswordFailLength" time="0.002"/>
  <system-out/>
  <testcase classname="com.wolvesres.haotn.taikhoan.TestValidPassword" name="testValidPasswordFailLength" time="0.000"/>
  <system-out/>
  <testcase classname="com.wolvesres.haotn.taikhoan.TestValidPassword" name="testValidPasswordFailLength" time="0.000"/>
  <system-out/>
  <testcase classname="com.wolvesres.haotn.taikhoan.TestValidPassword" name="testValidPasswordFailLength" time="0.012"/>
  <system-out/>
  <testcase classname="com.wolvesres.haotn.taikhoan.TestValidPassword" name="testValidPasswordFailLength" time="0.000"/>
  <system-out/>
  <testcase classname="com.wolvesres.haotn.taikhoan.TestValidPassword" name="testValidPasswordFailLength" time="0.000"/>
  <system-out/>
  <testcase classname="com.wolvesres.haotn.taikhoan.TestValidPassword" name="testValidPasswordFailLength" time="0.000"/>
  <system-out/>
  <testcase classname="com.wolvesres.haotn.taikhoan.TestValidPassword" name="testValidPasswordFailLength" time="0.001"/>
  <system-out/>
  <testcase classname="com.wolvesres.haotn.taikhoan.TestValidPassword" name="testValidPasswordFailLength" time="0.000"/>
  <system-out/>
  <testcase classname="com.wolvesres.haotn.taikhoan.TestValidPassword" name="testValidPasswordFailLength" time="0.002"/>
  <system-out/>
  <testcase classname="com.wolvesres.haotn.taikhoan.TestValidPassword" name="testValidPasswordFailLength" time="0.001"/>
  <system-out/>
  <testcase classname="com.wolvesres.haotn.taikhoan.TestValidPassword" name="testValidPasswordFailLength" time="0.000"/>
  <system-out/>
  <testcase classname="com.wolvesres.haotn.taikhoan.TestValidPassword" name="testValidPasswordFailLength" time="0.001"/>
  <system-out/>
  <testcase classname="com.wolvesres.haotn.taikhoan.TestValidPassword" name="testValidPasswordFailLength" time="0.001"/>
  <system-out/>
  <testcase classname="com.wolvesres.haotn.taikhoan.TestValidPassword" name="testValidPasswordFailLength" time="0.000"/>
  <system-out/>
  <testcase classname="com.wolvesres.haotn.taikhoan.TestValidPassword" name="testValidPasswordFailLength" time="0.001"/>
  <system-out/>
  <testcase classname="com.wolvesres.haotn.taikhoan.TestValidPassword" name="testValidPasswordFailLength" time="0.000"/>
  <system-out/>
  <testcase classname="com.wolvesres.haotn.taikhoan.TestValidPassword" name="testValidPasswordFailLength" time="0.000"/>
  <system-out/>
  <testcase classname="com.wolvesres.haotn.taikhoan.TestValidPassword" name="testValidPasswordFailLength" time="0.001"/>
  <system-out/>
  <testcase classname="com.wolvesres.haotn.taikhoan.TestValidPassword" name="testValidPasswordFailLength" time="0.001"/>
  <system-out/>
  <testcase classname="com.wolvesres.haotn.taikhoan.TestValidPassword" name="testValidPasswordFailLength" time="0.002"/>
  <system-out/>
  <testcase classname="com.wolvesres.haotn.taikhoan.TestValidPassword" name="testValidPasswordFailLength" time="0.001"/>
  <system-out/>
  <testcase classname="com.wolvesres.haotn.taikhoan.TestValidPassword" name="testValidPasswordFailLength" time="0.002"/>
  <system-out/>
  <testcase classname="com.wolvesres.haotn.taikhoan.TestValidPassword" name="testValidPasswordFailLength" time="0.000"/>
  <system-out/>
  <testcase classname="com.wolvesres.haotn.taikhoan.TestValidPassword" name="testValidPasswordFailLength" time="0.001"/>
  <system-out/>
  <testcase classname="com.wolvesres.haotn.taikhoan.TestValidPassword" name="testValidPasswordFailLength" time="0.001"/>
  <system-out/>
  <testcase classname="com.wolvesres.haotn.taikhoan.TestValidPassword" name="testValidPasswordFailLength" time="0.000"/>
  <system-out/>
  <testcase classname="com.wolvesres.haotn.taikhoan.TestValidPassword" name="testValidPasswordFailLength" time="0.001"/>
  <system-out/>
  <testcase classname="com.wolvesres.haotn.taikhoan.TestValidPassword" name="testValidPasswordFailLength" time="0.001"/>
  <system-out/>
  <testcase classname="com.wolvesres.haotn.taikhoan.TestValidPassword" name="testValidPasswordFailLength" time="0.000"/>
  <system-out/>
  <testcase classname="com.wolvesres.haotn.taikhoan.TestValidPassword" name="testValidPasswordFailLength" time="0.000"/>
  <system-out/>
  <testcase classname="com.wolvesres.haotn.taikhoan.TestValidPassword" name="testValidPasswordFailLength" time="0.001"/>
  <system-out/>
  <testcase classname="com.wolvesres.haotn.taikhoan.TestValidPassword" name="testValidPasswordFailLength" time="0.000"/>
  <system-out/>
  <testcase classname="com.wolvesres.haotn.taikhoan.TestValidPassword" name="testValidPasswordFailLength" time="0.001"/>
  <system-out/>
  <testcase classname="com.wolvesres.haotn.taikhoan.TestValidPassword" name="testValidPasswordFailLength" time="0.000"/>
  <system-out/>
  <testcase classname="com.wolvesres.haotn.taikhoan.TestValidPassword" name="testValidPasswordFailLength" time="0.000"/>
  <system-out/>
  <testcase classname="com.wolvesres.haotn.taikhoan.TestValidPassword" name="testValidPasswordFailLength" time="0.000"/>
  <system-out/>
  <testcase classname="com.wolvesres.haotn.taikhoan.TestValidPassword" name="testValidPasswordFailLength" time="0.000"/>
  <system-out/>
  <testcase classname="com.wolvesres.haotn.taikhoan.TestValidPassword" name="testValidPasswordFailLength" time="0.001"/>
  <system-out/>
  <testcase classname="com.wolvesres.haotn.taikhoan.TestValidPassword" name="testValidPasswordFailLength" time="0.000"/>
  <system-out/>
  <testcase classname="com.wolvesres.haotn.taikhoan.TestValidPassword" name="testValidPasswordFailLength" time="0.000"/>
  <system-out/>
  <testcase classname="com.wolvesres.haotn.taikhoan.TestValidPassword" name="testValidPasswordFailLength" time="0.001"/>
  <system-out/>
  <testcase classname="com.wolvesres.haotn.taikhoan.TestValidPassword" name="testValidPasswordFailLength" time="0.000"/>
  <system-out/>
  <testcase classname="com.wolvesres.haotn.taikhoan.TestValidPassword" name="testValidPasswordFailLength" time="0.000"/>
  <system-out/>
  <testcase classname="com.wolvesres.haotn.taikhoan.TestValidPassword" name="testValidPasswordFailLength" time="0.000"/>
  <system-out/>
  <testcase classname="com.wolvesres.haotn.taikhoan.TestValidPassword" name="testValidPasswordFailLength" time="0.001"/>
  <system-out/>
  <testcase classname="com.wolvesres.haotn.taikhoan.TestValidPassword" name="testValidPasswordFailLength" time="0.001"/>
  <system-out/>
  <testcase classname="com.wolvesres.haotn.taikhoan.TestValidPassword" name="testValidPasswordFailLength" time="0.001"/>
  <system-out/>
  <testcase classname="com.wolvesres.haotn.taikhoan.TestValidPassword" name="testValidPasswordFailLength" time="0.000"/>
  <system-out/>
  <testcase classname="com.wolvesres.haotn.taikhoan.TestValidPassword" name="testValidPasswordFailLength" time="0.001"/>
  <system-out/>
  <testcase classname="com.wolvesres.haotn.taikhoan.TestValidPassword" name="testValidPasswordFailLength" time="0.001"/>
  <system-out/>
  <testcase classname="com.wolvesres.haotn.taikhoan.TestValidPassword" name="testValidPasswordFailLength" time="0.001"/>
  <system-out/>
  <testcase classname="com.wolvesres.haotn.taikhoan.TestValidPassword" name="testValidPasswordFailLength" time="0.001"/>
  <system-out/>
  <testcase classname="com.wolvesres.haotn.taikhoan.TestValidPassword" name="testPasswordFailSpace" time="0.000"/>
  <system-out/>
  <testcase classname="com.wolvesres.haotn.taikhoan.TestValidPassword" name="testPasswordFailSpace" time="0.001"/>
  <system-out/>
  <testcase classname="com.wolvesres.haotn.taikhoan.TestValidPassword" name="testPasswordFailSpace" time="0.001"/>
  <system-out/>
  <testcase classname="com.wolvesres.haotn.taikhoan.TestValidPassword" name="testPasswordFailSpace" time="0.001"/>
  <system-out/>
  <testcase classname="com.wolvesres.haotn.taikhoan.TestValidPassword" name="testPasswordFailSpace" time="0.000"/>
  <system-out/>
  <testcase classname="com.wolvesres.haotn.taikhoan.TestValidPassword" name="testPasswordFailSpace" time="0.000"/>
  <system-out/>
  <testcase classname="com.wolvesres.haotn.taikhoan.TestValidPassword" name="testPasswordFailSpace" time="0.000"/>
  <system-out/>
  <testcase classname="com.wolvesres.haotn.taikhoan.TestValidPassword" name="testPasswordFailSpace" time="0.000"/>
  <system-out/>
  <testcase classname="com.wolvesres.haotn.taikhoan.TestValidPassword" name="testPasswordFailSpace" time="0.000"/>
  <system-out/>
  <testcase classname="com.wolvesres.haotn.taikhoan.TestValidPassword" name="testPasswordFailSpace" time="0.000"/>
  <system-out/>
  <testcase classname="com.wolvesres.haotn.taikhoan.TestValidPassword" name="testPasswordFailSpace" time="0.001"/>
  <system-out/>
  <testcase classname="com.wolvesres.haotn.taikhoan.TestValidPassword" name="testPasswordFailSpace" time="0.000"/>
  <system-out/>
  <testcase classname="com.wolvesres.haotn.taikhoan.TestValidPassword" name="testPasswordFailSpace" time="0.000"/>
  <system-out/>
  <testcase classname="com.wolvesres.haotn.taikhoan.TestValidPassword" name="testPasswordFailSpace" time="0.001"/>
  <system-out/>
  <testcase classname="com.wolvesres.haotn.taikhoan.TestValidPassword" name="testPasswordFailSpace" time="0.000"/>
  <system-out/>
  <testcase classname="com.wolvesres.haotn.taikhoan.TestValidPassword" name="testPasswordFailSpace" time="0.000"/>
  <system-out/>
  <testcase classname="com.wolvesres.haotn.taikhoan.TestValidPassword" name="testPasswordFailSpace" time="0.001"/>
  <system-out/>
  <testcase classname="com.wolvesres.haotn.taikhoan.TestValidPassword" name="testPasswordFailSpace" time="0.000"/>
  <system-out/>
  <testcase classname="com.wolvesres.haotn.taikhoan.TestValidPassword" name="testPasswordFailSpace" time="0.000"/>
  <system-out/>
  <testcase classname="com.wolvesres.haotn.taikhoan.TestValidPassword" name="testPasswordFailSpace" time="0.000"/>
  <system-out/>
  <testcase classname="com.wolvesres.haotn.taikhoan.TestValidPassword" name="testPasswordFailSpace" time="0.000"/>
  <system-out/>
  <testcase classname="com.wolvesres.haotn.taikhoan.TestValidPassword" name="testPasswordFailSpace" time="0.001"/>
  <system-out/>
  <testcase classname="com.wolvesres.haotn.taikhoan.TestValidPassword" name="testPasswordFailSpace" time="0.001"/>
  <system-out/>
  <testcase classname="com.wolvesres.haotn.taikhoan.TestValidPassword" name="testPasswordFailSpace" time="0.000"/>
  <system-out/>
  <testcase classname="com.wolvesres.haotn.taikhoan.TestValidPassword" name="testPasswordFailSpace" time="0.001"/>
  <system-out/>
  <testcase classname="com.wolvesres.haotn.taikhoan.TestValidPassword" name="testPasswordFailSpace" time="0.000"/>
  <system-out/>
  <testcase classname="com.wolvesres.haotn.taikhoan.TestValidPassword" name="testPasswordFailSpace" time="0.000"/>
  <system-out/>
  <testcase classname="com.wolvesres.haotn.taikhoan.TestValidPassword" name="testPasswordFailSpace" time="0.001"/>
  <system-out/>
  <testcase classname="com.wolvesres.haotn.taikhoan.TestValidPassword" name="testPasswordFailSpace" time="0.000"/>
  <system-out/>
  <testcase classname="com.wolvesres.haotn.taikhoan.TestValidPassword" name="testPasswordFailSpace" time="0.000"/>
  <system-out/>
  <testcase classname="com.wolvesres.haotn.taikhoan.TestValidPassword" name="testPasswordFailSpace" time="0.000"/>
  <system-out/>
  <testcase classname="com.wolvesres.haotn.taikhoan.TestValidPassword" name="testPasswordFailSpace" time="0.000"/>
  <system-out/>
  <testcase classname="com.wolvesres.haotn.taikhoan.TestValidPassword" name="testPasswordFailSpace" time="0.001"/>
  <system-out/>
  <testcase classname="com.wolvesres.haotn.taikhoan.TestValidPassword" name="testPasswordFailSpace" time="0.000"/>
  <system-out/>
  <testcase classname="com.wolvesres.haotn.taikhoan.TestValidPassword" name="testPasswordFailSpace" time="0.000"/>
  <system-out/>
  <testcase classname="com.wolvesres.haotn.taikhoan.TestValidPassword" name="testPasswordFailSpace" time="0.001"/>
  <system-out/>
  <testcase classname="com.wolvesres.haotn.taikhoan.TestValidPassword" name="testPasswordFailSpace" time="0.000"/>
  <system-out/>
  <testcase classname="com.wolvesres.haotn.taikhoan.TestValidPassword" name="testPasswordFailSpace" time="0.000"/>
  <system-out/>
  <testcase classname="com.wolvesres.haotn.taikhoan.TestValidPassword" name="testPasswordFailSpace" time="0.000"/>
  <system-out/>
  <testcase classname="com.wolvesres.haotn.taikhoan.TestValidPassword" name="testPasswordFailSpace" time="0.001"/>
  <system-out/>
  <testcase classname="com.wolvesres.haotn.taikhoan.TestValidPassword" name="testPasswordFailSpace" time="0.001"/>
  <system-out/>
  <testcase classname="com.wolvesres.haotn.taikhoan.TestValidPassword" name="testPasswordFailSpace" time="0.000"/>
  <system-out/>
  <testcase classname="com.wolvesres.haotn.taikhoan.TestValidPassword" name="testPasswordFailSpace" time="0.001"/>
  <system-out/>
  <testcase classname="com.wolvesres.haotn.taikhoan.TestValidPassword" name="testPasswordFailSpace" time="0.001"/>
  <system-out/>
  <testcase classname="com.wolvesres.haotn.taikhoan.TestValidPassword" name="testPasswordFailSpace" time="0.000"/>
  <system-out/>
  <testcase classname="com.wolvesres.haotn.taikhoan.TestValidPassword" name="testPasswordFailSpace" time="0.000"/>
  <system-out/>
  <testcase classname="com.wolvesres.haotn.taikhoan.TestValidPassword" name="testPasswordFailSpace" time="0.001"/>
  <system-out/>
  <testcase classname="com.wolvesres.haotn.taikhoan.TestValidPassword" name="testPasswordFailSpace" time="0.001"/>
  <system-out/>
  <testcase classname="com.wolvesres.haotn.taikhoan.TestValidPassword" name="testPasswordFailSpace" time="0.001"/>
  <system-out/>
  <testcase classname="com.wolvesres.haotn.taikhoan.TestValidPassword" name="testPasswordFailSpace" time="0.001"/>
  <system-out/>
  <testcase classname="com.wolvesres.haotn.taikhoan.TestValidPassword" name="testPasswordFailSpace" time="0.000"/>
  <system-out/>
  <testcase classname="com.wolvesres.haotn.taikhoan.TestValidPassword" name="testPasswordFailSpace" time="0.001"/>
  <system-out/>
  <testcase classname="com.wolvesres.haotn.taikhoan.TestValidPassword" name="testPasswordFailSpace" time="0.000"/>
  <system-out/>
  <testcase classname="com.wolvesres.haotn.taikhoan.TestValidPassword" name="testPasswordFailSpace" time="0.000"/>
  <system-out/>
  <testcase classname="com.wolvesres.haotn.taikhoan.TestValidPassword" name="testPasswordFailSpace" time="0.001"/>
  <system-out/>
  <testcase classname="com.wolvesres.haotn.taikhoan.TestValidPassword" name="testPasswordFailSpace" time="0.001"/>
  <system-out/>
  <testcase classname="com.wolvesres.haotn.taikhoan.TestValidPassword" name="testPasswordFailSpace" time="0.000"/>
  <system-out/>
  <testcase classname="com.wolvesres.haotn.taikhoan.TestValidPassword" name="testPasswordFailSpace" time="0.000"/>
  <system-out/>
  <testcase classname="com.wolvesres.haotn.taikhoan.TestValidPassword" name="testPasswordFailSpace" time="0.000"/>
  <system-out/>
  <testcase classname="com.wolvesres.haotn.taikhoan.TestValidPassword" name="testPasswordFailSpace" time="0.000"/>
  <system-out/>
  <testcase classname="com.wolvesres.haotn.taikhoan.TestValidPassword" name="testPasswordFailSpace" time="0.000"/>
  <system-out/>
  <testcase classname="com.wolvesres.haotn.taikhoan.TestValidPassword" name="testPasswordFailSpace" time="0.000"/>
  <system-out/>
  <testcase classname="com.wolvesres.haotn.taikhoan.TestValidPassword" name="testPasswordFailSpace" time="0.000"/>
  <system-out/>
  <testcase classname="com.wolvesres.haotn.taikhoan.TestValidPassword" name="testPasswordFailSpace" time="0.000"/>
  <system-out/>
  <testcase classname="com.wolvesres.haotn.taikhoan.TestValidPassword" name="testPasswordFailSpace" time="0.000"/>
  <system-out/>
  <testcase classname="com.wolvesres.haotn.taikhoan.TestValidPassword" name="testPasswordFailSpace" time="0.000"/>
  <system-out/>
  <testcase classname="com.wolvesres.haotn.taikhoan.TestValidPassword" name="testPasswordFailSpace" time="0.001"/>
  <system-out/>
  <testcase classname="com.wolvesres.haotn.taikhoan.TestValidPassword" name="testPasswordFailSpace" time="0.000"/>
  <system-out/>
  <testcase classname="com.wolvesres.haotn.taikhoan.TestValidPassword" name="testPasswordFailSpace" time="0.001"/>
  <system-out/>
  <testcase classname="com.wolvesres.haotn.taikhoan.TestValidPassword" name="testPasswordFailSpace" time="0.001"/>
  <system-out/>
  <testcase classname="com.wolvesres.haotn.taikhoan.TestValidPassword" name="testPasswordFailSpace" time="0.000"/>
  <system-out/>
  <testcase classname="com.wolvesres.haotn.taikhoan.TestValidPassword" name="testPasswordFailSpace" time="0.001"/>
  <system-out/>
  <testcase classname="com.wolvesres.haotn.taikhoan.TestValidPassword" name="testPasswordFailSpace" time="0.000"/>
  <system-out/>
  <testcase classname="com.wolvesres.haotn.taikhoan.TestValidPassword" name="testPasswordFailSpace" time="0.000"/>
  <system-out/>
  <testcase classname="com.wolvesres.haotn.taikhoan.TestValidPassword" name="testPasswordFailSpace" time="0.000"/>
  <system-out/>
  <testcase classname="com.wolvesres.haotn.taikhoan.TestValidPassword" name="testPasswordFailSpace" time="0.000"/>
  <system-out/>
  <testcase classname="com.wolvesres.haotn.taikhoan.TestValidPassword" name="testPasswordFailSpace" time="0.000"/>
  <system-out/>
  <testcase classname="com.wolvesres.haotn.taikhoan.TestValidPassword" name="testPasswordFailSpace" time="0.000"/>
  <system-out/>
  <testcase classname="com.wolvesres.haotn.taikhoan.TestValidPassword" name="testPasswordFailSpace" time="0.000"/>
  <system-out/>
  <testcase classname="com.wolvesres.haotn.taikhoan.TestValidPassword" name="testPasswordFailSpace" time="0.000"/>
  <system-out/>
  <testcase classname="com.wolvesres.haotn.taikhoan.TestValidPassword" name="testPasswordFailSpace" time="0.001"/>
  <system-out/>
  <testcase classname="com.wolvesres.haotn.taikhoan.TestValidPassword" name="testPasswordFailSpace" time="0.001"/>
  <system-out/>
  <testcase classname="com.wolvesres.haotn.taikhoan.TestValidPassword" name="testPasswordFailSpace" time="0.001"/>
  <system-out/>
  <testcase classname="com.wolvesres.haotn.taikhoan.TestValidPassword" name="testPasswordFailSpace" time="0.001"/>
  <system-out/>
  <testcase classname="com.wolvesres.haotn.taikhoan.TestValidPassword" name="testPasswordFailSpace" time="0.000"/>
  <system-out/>
  <testcase classname="com.wolvesres.haotn.taikhoan.TestValidPassword" name="testPasswordFailSpace" time="0.000"/>
  <system-out/>
  <testcase classname="com.wolvesres.haotn.taikhoan.TestValidPassword" name="testPasswordFailSpace" time="0.001"/>
  <system-out/>
  <testcase classname="com.wolvesres.haotn.taikhoan.TestValidPassword" name="testPasswordFailSpace" time="0.000"/>
  <system-out/>
  <testcase classname="com.wolvesres.haotn.taikhoan.TestValidPassword" name="testPasswordFailSpace" time="0.000"/>
  <system-out/>
  <testcase classname="com.wolvesres.haotn.taikhoan.TestValidPassword" name="testPasswordFailSpace" time="0.000"/>
  <system-out/>
  <testcase classname="com.wolvesres.haotn.taikhoan.TestValidPassword" name="testPasswordFailSpace" time="0.001"/>
  <system-out/>
  <testcase classname="com.wolvesres.haotn.taikhoan.TestValidPassword" name="testPasswordFailSpace" time="0.000"/>
  <system-out/>
  <testcase classname="com.wolvesres.haotn.taikhoan.TestValidPassword" name="testPasswordFailSpace" time="0.001"/>
  <system-out/>
  <testcase classname="com.wolvesres.haotn.taikhoan.TestValidPassword" name="testPasswordFailSpace" time="0.001"/>
  <system-out/>
  <testcase classname="com.wolvesres.haotn.taikhoan.TestValidPassword" name="testPasswordFailSpace" time="0.000"/>
  <system-out/>
  <testcase classname="com.wolvesres.haotn.taikhoan.TestValidPassword" name="testPasswordFailSpace" time="0.000"/>
  <system-out/>
  <testcase classname="com.wolvesres.haotn.taikhoan.TestValidPassword" name="testPasswordFailSpace" time="0.001"/>
  <system-out/>
  <testcase classname="com.wolvesres.haotn.taikhoan.TestValidPassword" name="testPasswordFailSpace" time="0.000"/>
  <system-out/>
  <testcase classname="com.wolvesres.haotn.taikhoan.TestValidPassword" name="testPasswordFailSpace" time="0.001"/>
  <system-out/>
  <testcase classname="com.wolvesres.haotn.taikhoan.TestValidPassword" name="testPasswordFailSpace" time="0.000"/>
  <system-out/>
  <testcase classname="com.wolvesres.haotn.taikhoan.TestValidPassword" name="tesConfirmPasswordNotMath" time="0.000"/>
  <system-out/>
  <testcase classname="com.wolvesres.haotn.taikhoan.TestValidPassword" name="tesConfirmPasswordNotMath" time="0.000"/>
  <system-out/>
  <testcase classname="com.wolvesres.haotn.taikhoan.TestValidPassword" name="tesConfirmPasswordNotMath" time="0.000"/>
  <system-out/>
  <testcase classname="com.wolvesres.haotn.taikhoan.TestValidPassword" name="tesConfirmPasswordNotMath" time="0.000"/>
  <system-out/>
  <testcase classname="com.wolvesres.haotn.taikhoan.TestValidPassword" name="tesConfirmPasswordNotMath" time="0.000"/>
  <system-out/>
  <testcase classname="com.wolvesres.haotn.taikhoan.TestValidPassword" name="tesConfirmPasswordNotMath" time="0.002"/>
  <system-out/>
  <testcase classname="com.wolvesres.haotn.taikhoan.TestValidPassword" name="tesConfirmPasswordNotMath" time="0.001"/>
  <system-out/>
  <testcase classname="com.wolvesres.haotn.taikhoan.TestValidPassword" name="tesConfirmPasswordNotMath" time="0.000"/>
  <system-out/>
  <testcase classname="com.wolvesres.haotn.taikhoan.TestValidPassword" name="tesConfirmPasswordNotMath" time="0.001"/>
  <system-out/>
  <testcase classname="com.wolvesres.haotn.taikhoan.TestValidPassword" name="tesConfirmPasswordNotMath" time="0.000"/>
  <system-out/>
  <testcase classname="com.wolvesres.haotn.taikhoan.TestValidPassword" name="tesConfirmPasswordNotMath" time="0.001"/>
  <system-out/>
  <testcase classname="com.wolvesres.haotn.taikhoan.TestValidPassword" name="tesConfirmPasswordNotMath" time="0.001"/>
  <system-out/>
  <testcase classname="com.wolvesres.haotn.taikhoan.TestValidPassword" name="tesConfirmPasswordNotMath" time="0.000"/>
  <system-out/>
  <testcase classname="com.wolvesres.haotn.taikhoan.TestValidPassword" name="tesConfirmPasswordNotMath" time="0.000"/>
  <system-out/>
  <testcase classname="com.wolvesres.haotn.taikhoan.TestValidPassword" name="tesConfirmPasswordNotMath" time="0.000"/>
  <system-out/>
  <testcase classname="com.wolvesres.haotn.taikhoan.TestValidPassword" name="tesConfirmPasswordNotMath" time="0.000"/>
  <system-out/>
  <testcase classname="com.wolvesres.haotn.taikhoan.TestValidPassword" name="tesConfirmPasswordNotMath" time="0.000"/>
  <system-out/>
  <testcase classname="com.wolvesres.haotn.taikhoan.TestValidPassword" name="tesConfirmPasswordNotMath" time="0.000"/>
  <system-out/>
  <testcase classname="com.wolvesres.haotn.taikhoan.TestValidPassword" name="tesConfirmPasswordNotMath" time="0.000"/>
  <system-out/>
  <testcase classname="com.wolvesres.haotn.taikhoan.TestValidPassword" name="tesConfirmPasswordNotMath" time="0.001"/>
  <system-out/>
  <testcase classname="com.wolvesres.haotn.taikhoan.TestValidPassword" name="tesConfirmPasswordNotMath" time="0.000"/>
  <system-out/>
  <testcase classname="com.wolvesres.haotn.taikhoan.TestValidPassword" name="tesConfirmPasswordNotMath" time="0.000"/>
  <system-out/>
  <testcase classname="com.wolvesres.haotn.taikhoan.TestValidPassword" name="tesConfirmPasswordNotMath" time="0.000"/>
  <system-out/>
  <testcase classname="com.wolvesres.haotn.taikhoan.TestValidPassword" name="tesConfirmPasswordNotMath" time="0.000"/>
  <system-out/>
  <testcase classname="com.wolvesres.haotn.taikhoan.TestValidPassword" name="tesConfirmPasswordNotMath" time="0.000"/>
  <system-out/>
  <testcase classname="com.wolvesres.haotn.taikhoan.TestValidPassword" name="tesConfirmPasswordNotMath" time="0.000"/>
  <system-out/>
  <testcase classname="com.wolvesres.haotn.taikhoan.TestValidPassword" name="tesConfirmPasswordNotMath" time="0.000"/>
  <system-out/>
  <testcase classname="com.wolvesres.haotn.taikhoan.TestValidPassword" name="tesConfirmPasswordNotMath" time="0.001"/>
  <system-out/>
  <testcase classname="com.wolvesres.haotn.taikhoan.TestValidPassword" name="tesConfirmPasswordNotMath" time="0.000"/>
  <system-out/>
  <testcase classname="com.wolvesres.haotn.taikhoan.TestValidPassword" name="tesConfirmPasswordNotMath" time="0.000"/>
  <system-out/>
  <testcase classname="com.wolvesres.haotn.taikhoan.TestValidPassword" name="tesConfirmPasswordNotMath" time="0.000"/>
  <system-out/>
  <testcase classname="com.wolvesres.haotn.taikhoan.TestValidPassword" name="tesConfirmPasswordNotMath" time="0.000"/>
  <system-out/>
  <testcase classname="com.wolvesres.haotn.taikhoan.TestValidPassword" name="tesConfirmPasswordNotMath" time="0.000"/>
  <system-out/>
  <testcase classname="com.wolvesres.haotn.taikhoan.TestValidPassword" name="tesConfirmPasswordNotMath" time="0.000"/>
  <system-out/>
  <testcase classname="com.wolvesres.haotn.taikhoan.TestValidPassword" name="tesConfirmPasswordNotMath" time="0.000"/>
  <system-out/>
  <testcase classname="com.wolvesres.haotn.taikhoan.TestValidPassword" name="tesConfirmPasswordNotMath" time="0.000"/>
  <system-out/>
  <testcase classname="com.wolvesres.haotn.taikhoan.TestValidPassword" name="tesConfirmPasswordNotMath" time="0.000"/>
  <system-out/>
  <testcase classname="com.wolvesres.haotn.taikhoan.TestValidPassword" name="tesConfirmPasswordNotMath" time="0.001"/>
  <system-out/>
  <testcase classname="com.wolvesres.haotn.taikhoan.TestValidPassword" name="tesConfirmPasswordNotMath" time="0.000"/>
  <system-out/>
  <testcase classname="com.wolvesres.haotn.taikhoan.TestValidPassword" name="tesConfirmPasswordNotMath" time="0.001"/>
  <system-out/>
  <testcase classname="com.wolvesres.haotn.taikhoan.TestValidPassword" name="tesConfirmPasswordNotMath" time="0.001"/>
  <system-out/>
  <testcase classname="com.wolvesres.haotn.taikhoan.TestValidPassword" name="tesConfirmPasswordNotMath" time="0.000"/>
  <system-out/>
  <testcase classname="com.wolvesres.haotn.taikhoan.TestValidPassword" name="tesConfirmPasswordNotMath" time="0.000"/>
  <system-out/>
  <testcase classname="com.wolvesres.haotn.taikhoan.TestValidPassword" name="tesConfirmPasswordNotMath" time="0.000"/>
  <system-out/>
  <testcase classname="com.wolvesres.haotn.taikhoan.TestValidPassword" name="tesConfirmPasswordNotMath" time="0.000"/>
  <system-out/>
  <testcase classname="com.wolvesres.haotn.taikhoan.TestValidPassword" name="tesConfirmPasswordNotMath" time="0.000"/>
  <system-out/>
  <testcase classname="com.wolvesres.haotn.taikhoan.TestValidPassword" name="tesConfirmPasswordNotMath" time="0.000"/>
  <system-out/>
  <testcase classname="com.wolvesres.haotn.taikhoan.TestValidPassword" name="tesConfirmPasswordNotMath" time="0.000"/>
  <system-out/>
  <testcase classname="com.wolvesres.haotn.taikhoan.TestValidPassword" name="tesConfirmPasswordNotMath" time="0.000"/>
  <system-out/>
  <testcase classname="com.wolvesres.haotn.taikhoan.TestValidPassword" name="tesConfirmPasswordNotMath" time="0.000"/>
  <system-out/>
  <testcase classname="com.wolvesres.haotn.taikhoan.TestValidPassword" name="tesConfirmPasswordNotMath" time="0.000"/>
  <system-out/>
  <testcase classname="com.wolvesres.haotn.taikhoan.TestValidPassword" name="tesConfirmPasswordNotMath" time="0.001"/>
  <system-out/>
  <testcase classname="com.wolvesres.haotn.taikhoan.TestValidPassword" name="tesConfirmPasswordNotMath" time="0.000"/>
  <system-out/>
  <testcase classname="com.wolvesres.haotn.taikhoan.TestValidPassword" name="tesConfirmPasswordNotMath" time="0.000"/>
  <system-out/>
  <testcase classname="com.wolvesres.haotn.taikhoan.TestValidPassword" name="tesConfirmPasswordNotMath" time="0.000"/>
  <system-out/>
  <testcase classname="com.wolvesres.haotn.taikhoan.TestValidPassword" name="tesConfirmPasswordNotMath" time="0.000"/>
  <system-out/>
  <testcase classname="com.wolvesres.haotn.taikhoan.TestValidPassword" name="tesConfirmPasswordNotMath" time="0.000"/>
  <system-out/>
  <testcase classname="com.wolvesres.haotn.taikhoan.TestValidPassword" name="tesConfirmPasswordNotMath" time="0.001"/>
  <system-out/>
  <testcase classname="com.wolvesres.haotn.taikhoan.TestValidPassword" name="tesConfirmPasswordNotMath" time="0.000"/>
  <system-out/>
  <testcase classname="com.wolvesres.haotn.taikhoan.TestValidPassword" name="tesConfirmPasswordNotMath" time="0.000"/>
  <system-out/>
  <testcase classname="com.wolvesres.haotn.taikhoan.TestValidPassword" name="tesConfirmPasswordNotMath" time="0.000"/>
  <system-out/>
  <testcase classname="com.wolvesres.haotn.taikhoan.TestValidPassword" name="tesConfirmPasswordNotMath" time="0.000"/>
  <system-out/>
  <testcase classname="com.wolvesres.haotn.taikhoan.TestValidPassword" name="tesConfirmPasswordNotMath" time="0.000"/>
  <system-out/>
  <testcase classname="com.wolvesres.haotn.taikhoan.TestValidPassword" name="tesConfirmPasswordNotMath" time="0.000"/>
  <system-out/>
  <testcase classname="com.wolvesres.haotn.taikhoan.TestValidPassword" name="tesConfirmPasswordNotMath" time="0.000"/>
  <system-out/>
  <testcase classname="com.wolvesres.haotn.taikhoan.TestValidPassword" name="tesConfirmPasswordNotMath" time="0.000"/>
  <system-out/>
  <testcase classname="com.wolvesres.haotn.taikhoan.TestValidPassword" name="tesConfirmPasswordNotMath" time="0.000"/>
  <system-out/>
  <testcase classname="com.wolvesres.haotn.taikhoan.TestValidPassword" name="tesConfirmPasswordNotMath" time="0.000"/>
  <system-out/>
  <testcase classname="com.wolvesres.haotn.taikhoan.TestValidPassword" name="tesConfirmPasswordNotMath" time="0.000"/>
  <system-out/>
  <testcase classname="com.wolvesres.haotn.taikhoan.TestValidPassword" name="tesConfirmPasswordNotMath" time="0.001"/>
  <system-out/>
  <testcase classname="com.wolvesres.haotn.taikhoan.TestValidPassword" name="tesConfirmPasswordNotMath" time="0.001"/>
  <system-out/>
  <testcase classname="com.wolvesres.haotn.taikhoan.TestValidPassword" name="tesConfirmPasswordNotMath" time="0.000"/>
  <system-out/>
  <testcase classname="com.wolvesres.haotn.taikhoan.TestValidPassword" name="tesConfirmPasswordNotMath" time="0.000"/>
  <system-out/>
  <testcase classname="com.wolvesres.haotn.taikhoan.TestValidPassword" name="tesConfirmPasswordNotMath" time="0.000"/>
  <system-out/>
  <testcase classname="com.wolvesres.haotn.taikhoan.TestValidPassword" name="tesConfirmPasswordNotMath" time="0.000"/>
  <system-out/>
  <testcase classname="com.wolvesres.haotn.taikhoan.TestValidPassword" name="tesConfirmPasswordNotMath" time="0.000"/>
  <system-out/>
  <testcase classname="com.wolvesres.haotn.taikhoan.TestValidPassword" name="tesConfirmPasswordNotMath" time="0.001"/>
  <system-out/>
  <testcase classname="com.wolvesres.haotn.taikhoan.TestValidPassword" name="tesConfirmPasswordNotMath" time="0.000"/>
  <system-out/>
  <testcase classname="com.wolvesres.haotn.taikhoan.TestValidPassword" name="tesConfirmPasswordNotMath" time="0.000"/>
  <system-out/>
  <testcase classname="com.wolvesres.haotn.taikhoan.TestValidPassword" name="tesConfirmPasswordNotMath" time="0.001"/>
  <system-out/>
  <testcase classname="com.wolvesres.haotn.taikhoan.TestValidPassword" name="tesConfirmPasswordNotMath" time="0.000"/>
  <system-out/>
  <testcase classname="com.wolvesres.haotn.taikhoan.TestValidPassword" name="tesConfirmPasswordNotMath" time="0.000"/>
  <system-out/>
  <testcase classname="com.wolvesres.haotn.taikhoan.TestValidPassword" name="tesConfirmPasswordNotMath" time="0.002"/>
  <system-out/>
  <testcase classname="com.wolvesres.haotn.taikhoan.TestValidPassword" name="tesConfirmPasswordNotMath" time="0.000"/>
  <system-out/>
  <testcase classname="com.wolvesres.haotn.taikhoan.TestValidPassword" name="tesConfirmPasswordNotMath" time="0.000"/>
  <system-out/>
  <testcase classname="com.wolvesres.haotn.taikhoan.TestValidPassword" name="tesConfirmPasswordNotMath" time="0.001"/>
  <system-out/>
  <testcase classname="com.wolvesres.haotn.taikhoan.TestValidPassword" name="tesConfirmPasswordNotMath" time="0.000"/>
  <system-out/>
  <testcase classname="com.wolvesres.haotn.taikhoan.TestValidPassword" name="tesConfirmPasswordNotMath" time="0.000"/>
  <system-out/>
  <testcase classname="com.wolvesres.haotn.taikhoan.TestValidPassword" name="tesConfirmPasswordNotMath" time="0.000"/>
  <system-out/>
  <testcase classname="com.wolvesres.haotn.taikhoan.TestValidPassword" name="tesConfirmPasswordNotMath" time="0.000"/>
  <system-out/>
  <testcase classname="com.wolvesres.haotn.taikhoan.TestValidPassword" name="tesConfirmPasswordNotMath" time="0.000"/>
  <system-out/>
  <testcase classname="com.wolvesres.haotn.taikhoan.TestValidPassword" name="tesConfirmPasswordNotMath" time="0.000"/>
  <system-out/>
  <testcase classname="com.wolvesres.haotn.taikhoan.TestValidPassword" name="tesConfirmPasswordNotMath" time="0.000"/>
  <system-out/>
  <testcase classname="com.wolvesres.haotn.taikhoan.TestValidPassword" name="tesConfirmPasswordNotMath" time="0.000"/>
  <system-out/>
  <testcase classname="com.wolvesres.haotn.taikhoan.TestValidPassword" name="tesConfirmPasswordNotMath" time="0.001"/>
  <system-out/>
  <testcase classname="com.wolvesres.haotn.taikhoan.TestValidPassword" name="tesConfirmPasswordNotMath" time="0.000"/>
  <system-out/>
  <testcase classname="com.wolvesres.haotn.taikhoan.TestValidPassword" name="tesConfirmPasswordNotMath" time="0.001"/>
  <system-out/>
  <testcase classname="com.wolvesres.haotn.taikhoan.TestValidPassword" name="tesConfirmPasswordNotMath" time="0.000"/>
  <system-out/>
  <testcase classname="com.wolvesres.haotn.taikhoan.TestValidPassword" name="tesConfirmPasswordNotMath" time="0.000"/>
  <system-out/>
  <testcase classname="com.wolvesres.haotn.taikhoan.TestValidPassword" name="tesConfirmPasswordNotMath" time="0.000"/>
  <system-out/>
</testsuite> <!-- com.wolvesres.haotn.taikhoan.TestValidPassword -->
