<?xml version="1.0" encoding="UTF-8"?>
<!-- Generated by org.testng.reporters.JUnitReportReporter -->
<testsuite hostname="DESKTOP-KLPCFEN" failures="0" tests="15" name="com.wolvesres.haotn.banorder.TestBanOrder" time="1.171" errors="0" timestamp="2022-04-22T00:21:18 ICT" skipped="0">
  <testcase classname="com.wolvesres.haotn.banorder.TestBanOrder" name="testThemBanOrder" time="0.050"/>
  <system-out/>
  <testcase classname="com.wolvesres.haotn.banorder.TestBanOrder" name="testThemBanOrder" time="0.046"/>
  <system-out/>
  <testcase classname="com.wolvesres.haotn.banorder.TestBanOrder" name="testThemBanOrder" time="0.062"/>
  <system-out/>
  <testcase classname="com.wolvesres.haotn.banorder.TestBanOrder" name="testThemBanOrder" time="0.044"/>
  <system-out/>
  <testcase classname="com.wolvesres.haotn.banorder.TestBanOrder" name="testThemBanOrder" time="0.481"/>
  <system-out/>
  <testcase classname="com.wolvesres.haotn.banorder.TestBanOrder" name="testThemBanOrder" time="0.046"/>
  <system-out/>
  <testcase classname="com.wolvesres.haotn.banorder.TestBanOrder" name="testThemBanOrder" time="0.049"/>
  <system-out/>
  <testcase classname="com.wolvesres.haotn.banorder.TestBanOrder" name="testCapNhatBanOrder" time="0.049"/>
  <system-out/>
  <testcase classname="com.wolvesres.haotn.banorder.TestBanOrder" name="testCapNhatBanOrder" time="0.050"/>
  <system-out/>
  <testcase classname="com.wolvesres.haotn.banorder.TestBanOrder" name="testCapNhatBanOrder" time="0.051"/>
  <system-out/>
  <testcase classname="com.wolvesres.haotn.banorder.TestBanOrder" name="testCapNhatBanOrder" time="0.072"/>
  <system-out/>
  <testcase classname="com.wolvesres.haotn.banorder.TestBanOrder" name="testCapNhatBanOrder" time="0.052"/>
  <system-out/>
  <testcase classname="com.wolvesres.haotn.banorder.TestBanOrder" name="testDeleteBanOrder" time="0.038"/>
  <system-out/>
  <testcase classname="com.wolvesres.haotn.banorder.TestBanOrder" name="testDeleteBanOrder" time="0.039"/>
  <system-out/>
  <testcase classname="com.wolvesres.haotn.banorder.TestBanOrder" name="testDeleteBanOrder" time="0.042"/>
  <system-out/>
</testsuite> <!-- com.wolvesres.haotn.banorder.TestBanOrder -->
