<?xml version="1.0" encoding="UTF-8"?>
<!-- Generated by org.testng.reporters.JUnitReportReporter -->
<<<<<<< HEAD
<testsuite hostname="DESKTOP-KLPCFEN" failures="0" tests="7" name="com.wolvesres.ducvh.matkhau.PasswordLengthTestFail" time="0.000" errors="0" timestamp="2022-04-14T22:59:40 ICT" skipped="0">
  <testcase classname="com.wolvesres.ducvh.matkhau.PasswordLengthTestFail" name="f" time="0.000"/>
  <system-out/>
  <testcase classname="com.wolvesres.ducvh.matkhau.PasswordLengthTestFail" name="f" time="0.000"/>
  <system-out/>
  <testcase classname="com.wolvesres.ducvh.matkhau.PasswordLengthTestFail" name="f" time="0.000"/>
  <system-out/>
  <testcase classname="com.wolvesres.ducvh.matkhau.PasswordLengthTestFail" name="f" time="0.000"/>
  <system-out/>
  <testcase classname="com.wolvesres.ducvh.matkhau.PasswordLengthTestFail" name="f" time="0.000"/>
  <system-out/>
  <testcase classname="com.wolvesres.ducvh.matkhau.PasswordLengthTestFail" name="f" time="0.000"/>
=======
<testsuite hostname="ducvhpc01395" failures="0" tests="7" name="com.wolvesres.ducvh.matkhau.PasswordLengthTestFail" time="0.005" errors="0" timestamp="2022-04-15T02:58:17 ICT" skipped="0">
  <testcase classname="com.wolvesres.ducvh.matkhau.PasswordLengthTestFail" name="f" time="0.001"/>
  <system-out/>
  <testcase classname="com.wolvesres.ducvh.matkhau.PasswordLengthTestFail" name="f" time="0.001"/>
  <system-out/>
  <testcase classname="com.wolvesres.ducvh.matkhau.PasswordLengthTestFail" name="f" time="0.000"/>
  <system-out/>
  <testcase classname="com.wolvesres.ducvh.matkhau.PasswordLengthTestFail" name="f" time="0.001"/>
  <system-out/>
  <testcase classname="com.wolvesres.ducvh.matkhau.PasswordLengthTestFail" name="f" time="0.001"/>
  <system-out/>
  <testcase classname="com.wolvesres.ducvh.matkhau.PasswordLengthTestFail" name="f" time="0.001"/>
>>>>>>> 77d50fb4162fe7b153232f88c687aa6bdb020a1a
  <system-out/>
  <testcase classname="com.wolvesres.ducvh.matkhau.PasswordLengthTestFail" name="f" time="0.000"/>
  <system-out/>
</testsuite> <!-- com.wolvesres.ducvh.matkhau.PasswordLengthTestFail -->
