<?xml version="1.0" encoding="UTF-8"?>
<!-- Generated by org.testng.reporters.JUnitReportReporter -->
<testsuite hostname="TRANTHANHHO" failures="0" tests="3" name="com.wolvesres.hott.sanpham.TestProductPrice" time="0.007" errors="0" timestamp="2022-04-14T14:33:57 ICT" skipped="0">
  <testcase classname="com.wolvesres.hott.sanpham.TestProductPrice" name="testProductPriceSuccess" time="0.001"/>
  <system-out/>
  <testcase classname="com.wolvesres.hott.sanpham.TestProductPrice" name="testProductPriceSuccess" time="0.005"/>
  <system-out/>
  <testcase classname="com.wolvesres.hott.sanpham.TestProductPrice" name="testProductPriceSuccess" time="0.001"/>
  <system-out/>
</testsuite> <!-- com.wolvesres.hott.sanpham.TestProductPrice -->
