<?xml version="1.0" encoding="UTF-8"?>
<!-- Generated by org.testng.reporters.JUnitReportReporter -->
<testsuite hostname="TRANTHANHHO" failures="0" tests="3" name="com.wolvesres.hott.ban.TestTableName" time="0.008" errors="0" timestamp="2022-04-14T14:40:19 ICT" skipped="0">
  <testcase classname="com.wolvesres.hott.ban.TestTableName" name="testTableNameFail" time="0.006"/>
  <system-out/>
  <testcase classname="com.wolvesres.hott.ban.TestTableName" name="testTableNameFail" time="0.001"/>
  <system-out/>
  <testcase classname="com.wolvesres.hott.ban.TestTableName" name="testTableNameFail" time="0.001"/>
  <system-out/>
</testsuite> <!-- com.wolvesres.hott.ban.TestTableName -->
