<?xml version="1.0" encoding="UTF-8"?>
<!-- Generated by org.testng.reporters.JUnitReportReporter -->
<testsuite hostname="DESKTOP-KLPCFEN" failures="0" tests="2" name="com.wolvesres.nhanvien.testclass.TestDinhDangHoTen" time="0.009" errors="0" timestamp="2022-04-07T01:50:48 ICT" skipped="0">
  <testcase classname="com.wolvesres.nhanvien.testclass.TestDinhDangHoTen" name="checkFullname" time="0.006"/>
  <system-out/>
  <testcase classname="com.wolvesres.nhanvien.testclass.TestDinhDangHoTen" name="testCase" time="0.003"/>
  <system-out/>
</testsuite> <!-- com.wolvesres.nhanvien.testclass.TestDinhDangHoTen -->
