<?xml version="1.0" encoding="UTF-8"?>
<!-- Generated by org.testng.reporters.JUnitReportReporter -->
<testsuite hostname="DESKTOP-MI32UU7" failures="0" tests="1" name="com.welvesres.quanghn.hoadon.TestAutoMaHoaDon" time="0.036" errors="0" timestamp="2022-04-11T20:51:08 ICT" skipped="0">
  <testcase classname="com.welvesres.quanghn.hoadon.TestAutoMaHoaDon" name="testAutoGenerateIdProduct" time="0.036"/>
  <system-out/>
</testsuite> <!-- com.welvesres.quanghn.hoadon.TestAutoMaHoaDon -->
