<?xml version="1.0" encoding="UTF-8"?>
<!-- Generated by org.testng.reporters.JUnitReportReporter -->
<testsuite hostname="TRANTHANHHO" failures="0" tests="2" name="com.wolvesres.hott.kho.TestQuantityExport" time="0.005" errors="0" timestamp="2022-04-12T11:06:23 ICT" skipped="0">
  <testcase classname="com.wolvesres.hott.kho.TestQuantityExport" name="testQuantityExportFail" time="0.004"/>
  <system-out/>
  <testcase classname="com.wolvesres.hott.kho.TestQuantityExport" name="testQuantityExportFail" time="0.001"/>
  <system-out/>
</testsuite> <!-- com.wolvesres.hott.kho.TestQuantityExport -->
