<?xml version="1.0" encoding="UTF-8"?>
<!-- Generated by org.testng.reporters.JUnitReportReporter -->
<<<<<<< HEAD
<<<<<<< HEAD
<testsuite hostname="DESKTOP-KLPCFEN" failures="0" tests="23" name="com.wolvesres.haotn.nhanvien.TestNhanVien" time="2.123" errors="0" timestamp="2022-04-22T01:08:40 ICT" skipped="0">
  <testcase classname="com.wolvesres.haotn.nhanvien.TestNhanVien" name="testThemNhanVien" time="0.096"/>
  <system-out/>
  <testcase classname="com.wolvesres.haotn.nhanvien.TestNhanVien" name="testThemNhanVien" time="0.087"/>
  <system-out/>
  <testcase classname="com.wolvesres.haotn.nhanvien.TestNhanVien" name="testThemNhanVien" time="0.502"/>
  <system-out/>
  <testcase classname="com.wolvesres.haotn.nhanvien.TestNhanVien" name="testThemNhanVien" time="0.105"/>
  <system-out/>
  <testcase classname="com.wolvesres.haotn.nhanvien.TestNhanVien" name="testThemNhanVien" time="0.062"/>
  <system-out/>
  <testcase classname="com.wolvesres.haotn.nhanvien.TestNhanVien" name="testThemNhanVien" time="0.105"/>
  <system-out/>
  <testcase classname="com.wolvesres.haotn.nhanvien.TestNhanVien" name="testThemNhanVien" time="0.099"/>
  <system-out/>
  <testcase classname="com.wolvesres.haotn.nhanvien.TestNhanVien" name="testThemNhanVien" time="0.082"/>
  <system-out/>
  <testcase classname="com.wolvesres.haotn.nhanvien.TestNhanVien" name="testThemNhanVien" time="0.061"/>
  <system-out/>
  <testcase classname="com.wolvesres.haotn.nhanvien.TestNhanVien" name="testThemNhanVien" time="0.147"/>
  <system-out/>
  <testcase classname="com.wolvesres.haotn.nhanvien.TestNhanVien" name="testThemNhanVien" time="0.091"/>
  <system-out/>
  <testcase classname="com.wolvesres.haotn.nhanvien.TestNhanVien" name="testThemNhanVien" time="0.095"/>
=======
<testsuite hostname="TRANTHANHHO" failures="0" tests="23" name="com.wolvesres.haotn.nhanvien.TestNhanVien" time="0.915" errors="0" timestamp="2022-04-21T23:33:10 ICT" skipped="0">
  <testcase classname="com.wolvesres.haotn.nhanvien.TestNhanVien" name="testThemNhanVien" time="0.033"/>
  <system-out/>
  <testcase classname="com.wolvesres.haotn.nhanvien.TestNhanVien" name="testThemNhanVien" time="0.040"/>
  <system-out/>
  <testcase classname="com.wolvesres.haotn.nhanvien.TestNhanVien" name="testThemNhanVien" time="0.272"/>
  <system-out/>
  <testcase classname="com.wolvesres.haotn.nhanvien.TestNhanVien" name="testThemNhanVien" time="0.035"/>
  <system-out/>
  <testcase classname="com.wolvesres.haotn.nhanvien.TestNhanVien" name="testThemNhanVien" time="0.038"/>
  <system-out/>
  <testcase classname="com.wolvesres.haotn.nhanvien.TestNhanVien" name="testThemNhanVien" time="0.036"/>
  <system-out/>
  <testcase classname="com.wolvesres.haotn.nhanvien.TestNhanVien" name="testThemNhanVien" time="0.037"/>
  <system-out/>
  <testcase classname="com.wolvesres.haotn.nhanvien.TestNhanVien" name="testThemNhanVien" time="0.043"/>
  <system-out/>
  <testcase classname="com.wolvesres.haotn.nhanvien.TestNhanVien" name="testThemNhanVien" time="0.039"/>
  <system-out/>
  <testcase classname="com.wolvesres.haotn.nhanvien.TestNhanVien" name="testThemNhanVien" time="0.037"/>
  <system-out/>
  <testcase classname="com.wolvesres.haotn.nhanvien.TestNhanVien" name="testThemNhanVien" time="0.035"/>
  <system-out/>
  <testcase classname="com.wolvesres.haotn.nhanvien.TestNhanVien" name="testThemNhanVien" time="0.038"/>
  <system-out/>
  <testcase classname="com.wolvesres.haotn.nhanvien.TestNhanVien" name="testCapNhatNhanVien" time="0.024"/>
  <system-out/>
  <testcase classname="com.wolvesres.haotn.nhanvien.TestNhanVien" name="testCapNhatNhanVien" time="0.021"/>
  <system-out/>
  <testcase classname="com.wolvesres.haotn.nhanvien.TestNhanVien" name="testCapNhatNhanVien" time="0.019"/>
>>>>>>> 2d7dbf6b30fe43156e104988b8cc288a20647006
  <system-out/>
  <testcase classname="com.wolvesres.haotn.nhanvien.TestNhanVien" name="testCapNhatNhanVien" time="0.020"/>
  <system-out/>
<<<<<<< HEAD
  <testcase classname="com.wolvesres.haotn.nhanvien.TestNhanVien" name="testCapNhatNhanVien" time="0.059"/>
  <system-out/>
  <testcase classname="com.wolvesres.haotn.nhanvien.TestNhanVien" name="testCapNhatNhanVien" time="0.050"/>
  <system-out/>
  <testcase classname="com.wolvesres.haotn.nhanvien.TestNhanVien" name="testCapNhatNhanVien" time="0.053"/>
=======
<testsuite hostname="DESKTOP-MI32UU7" failures="0" tests="23" name="com.wolvesres.haotn.nhanvien.TestNhanVien" time="1.852" errors="0" timestamp="2022-04-22T01:37:56 ICT" skipped="0">
  <testcase classname="com.wolvesres.haotn.nhanvien.TestNhanVien" name="testThemNhanVien" time="0.064"/>
  <system-out/>
  <testcase classname="com.wolvesres.haotn.nhanvien.TestNhanVien" name="testThemNhanVien" time="0.055"/>
  <system-out/>
  <testcase classname="com.wolvesres.haotn.nhanvien.TestNhanVien" name="testThemNhanVien" time="0.059"/>
  <system-out/>
  <testcase classname="com.wolvesres.haotn.nhanvien.TestNhanVien" name="testThemNhanVien" time="0.062"/>
  <system-out/>
  <testcase classname="com.wolvesres.haotn.nhanvien.TestNhanVien" name="testThemNhanVien" time="0.061"/>
  <system-out/>
  <testcase classname="com.wolvesres.haotn.nhanvien.TestNhanVien" name="testThemNhanVien" time="0.072"/>
  <system-out/>
  <testcase classname="com.wolvesres.haotn.nhanvien.TestNhanVien" name="testThemNhanVien" time="0.064"/>
  <system-out/>
  <testcase classname="com.wolvesres.haotn.nhanvien.TestNhanVien" name="testThemNhanVien" time="0.067"/>
  <system-out/>
  <testcase classname="com.wolvesres.haotn.nhanvien.TestNhanVien" name="testThemNhanVien" time="0.584"/>
  <system-out/>
  <testcase classname="com.wolvesres.haotn.nhanvien.TestNhanVien" name="testThemNhanVien" time="0.066"/>
  <system-out/>
  <testcase classname="com.wolvesres.haotn.nhanvien.TestNhanVien" name="testThemNhanVien" time="0.079"/>
  <system-out/>
  <testcase classname="com.wolvesres.haotn.nhanvien.TestNhanVien" name="testThemNhanVien" time="0.061"/>
  <system-out/>
  <testcase classname="com.wolvesres.haotn.nhanvien.TestNhanVien" name="testCapNhatNhanVien" time="0.043"/>
  <system-out/>
  <testcase classname="com.wolvesres.haotn.nhanvien.TestNhanVien" name="testCapNhatNhanVien" time="0.037"/>
  <system-out/>
  <testcase classname="com.wolvesres.haotn.nhanvien.TestNhanVien" name="testCapNhatNhanVien" time="0.044"/>
  <system-out/>
  <testcase classname="com.wolvesres.haotn.nhanvien.TestNhanVien" name="testCapNhatNhanVien" time="0.042"/>
  <system-out/>
  <testcase classname="com.wolvesres.haotn.nhanvien.TestNhanVien" name="testCapNhatNhanVien" time="0.040"/>
  <system-out/>
  <testcase classname="com.wolvesres.haotn.nhanvien.TestNhanVien" name="testDeleteNhanVien" time="0.048"/>
  <system-out/>
  <testcase classname="com.wolvesres.haotn.nhanvien.TestNhanVien" name="testDeleteNhanVien" time="0.053"/>
>>>>>>> 482090e497cf16d908cdfed63e200f54e52578bd
  <system-out/>
  <testcase classname="com.wolvesres.haotn.nhanvien.TestNhanVien" name="testCapNhatNhanVien" time="0.061"/>
  <system-out/>
<<<<<<< HEAD
  <testcase classname="com.wolvesres.haotn.nhanvien.TestNhanVien" name="testDeleteNhanVien" time="0.074"/>
  <system-out/>
  <testcase classname="com.wolvesres.haotn.nhanvien.TestNhanVien" name="testDeleteNhanVien" time="0.074"/>
  <system-out/>
  <testcase classname="com.wolvesres.haotn.nhanvien.TestNhanVien" name="testDeleteNhanVien" time="0.075"/>
  <system-out/>
  <testcase classname="com.wolvesres.haotn.nhanvien.TestNhanVien" name="testTimKiemNhanVien" time="0.027"/>
  <system-out/>
  <testcase classname="com.wolvesres.haotn.nhanvien.TestNhanVien" name="testTimKiemNhanVien" time="0.029"/>
  <system-out/>
  <testcase classname="com.wolvesres.haotn.nhanvien.TestNhanVien" name="testTimKiemNhanVien" time="0.030"/>
=======
  <testcase classname="com.wolvesres.haotn.nhanvien.TestNhanVien" name="testCapNhatNhanVien" time="0.021"/>
  <system-out/>
  <testcase classname="com.wolvesres.haotn.nhanvien.TestNhanVien" name="testDeleteNhanVien" time="0.029"/>
  <system-out/>
  <testcase classname="com.wolvesres.haotn.nhanvien.TestNhanVien" name="testDeleteNhanVien" time="0.031"/>
  <system-out/>
  <testcase classname="com.wolvesres.haotn.nhanvien.TestNhanVien" name="testDeleteNhanVien" time="0.033"/>
  <system-out/>
  <testcase classname="com.wolvesres.haotn.nhanvien.TestNhanVien" name="testTimKiemNhanVien" time="0.010"/>
  <system-out/>
  <testcase classname="com.wolvesres.haotn.nhanvien.TestNhanVien" name="testTimKiemNhanVien" time="0.014"/>
  <system-out/>
  <testcase classname="com.wolvesres.haotn.nhanvien.TestNhanVien" name="testTimKiemNhanVien" time="0.010"/>
>>>>>>> 2d7dbf6b30fe43156e104988b8cc288a20647006
=======
  <testcase classname="com.wolvesres.haotn.nhanvien.TestNhanVien" name="testTimKiemNhanVien" time="0.014"/>
  <system-out/>
  <testcase classname="com.wolvesres.haotn.nhanvien.TestNhanVien" name="testTimKiemNhanVien" time="0.014"/>
  <system-out/>
  <testcase classname="com.wolvesres.haotn.nhanvien.TestNhanVien" name="testTimKiemNhanVien" time="0.166"/>
>>>>>>> 482090e497cf16d908cdfed63e200f54e52578bd
  <system-out/>
</testsuite> <!-- com.wolvesres.haotn.nhanvien.TestNhanVien -->
