<?xml version="1.0" encoding="UTF-8"?>
<!-- Generated by org.testng.reporters.JUnitReportReporter -->
<testsuite hostname="TRANTHANHHO" failures="0" tests="1" name="com.wolvesres.hott.ban.TestAutoTableCode" time="0.028" errors="0" timestamp="2022-04-11T21:59:01 ICT" skipped="0">
  <testcase classname="com.wolvesres.hott.ban.TestAutoTableCode" name="testAutoGenerateIdProduct" time="0.028"/>
  <system-out/>
</testsuite> <!-- com.wolvesres.hott.ban.TestAutoTableCode -->
